[2023-06-06T00:21:47.166+0000] {taskinstance.py:1165} INFO - Dependencies all met for <TaskInstance: process_weather_people_postgres.group_users.get_1_user scheduled__2023-06-05T00:00:00+00:00 [queued]>
[2023-06-06T00:21:47.179+0000] {taskinstance.py:1165} INFO - Dependencies all met for <TaskInstance: process_weather_people_postgres.group_users.get_1_user scheduled__2023-06-05T00:00:00+00:00 [queued]>
[2023-06-06T00:21:47.179+0000] {taskinstance.py:1362} INFO - 
--------------------------------------------------------------------------------
[2023-06-06T00:21:47.179+0000] {taskinstance.py:1363} INFO - Starting attempt 1 of 4
[2023-06-06T00:21:47.179+0000] {taskinstance.py:1364} INFO - 
--------------------------------------------------------------------------------
[2023-06-06T00:21:47.195+0000] {taskinstance.py:1383} INFO - Executing <Task(PythonOperator): group_users.get_1_user> on 2023-06-05 00:00:00+00:00
[2023-06-06T00:21:47.205+0000] {standard_task_runner.py:55} INFO - Started process 14402 to run task
[2023-06-06T00:21:47.207+0000] {standard_task_runner.py:82} INFO - Running: ['***', 'tasks', 'run', 'process_weather_people_postgres', 'group_users.get_1_user', 'scheduled__2023-06-05T00:00:00+00:00', '--job-id', '124', '--raw', '--subdir', 'DAGS_FOLDER/process_weather_people_postgres/process_weather_people_postgres.py', '--cfg-path', '/tmp/tmp9g53h3l0']
[2023-06-06T00:21:47.209+0000] {standard_task_runner.py:83} INFO - Job 124: Subtask group_users.get_1_user
[2023-06-06T00:21:47.269+0000] {task_command.py:376} INFO - Running <TaskInstance: process_weather_people_postgres.group_users.get_1_user scheduled__2023-06-05T00:00:00+00:00 [running]> on host 1160da0dacdb
[2023-06-06T00:21:47.335+0000] {taskinstance.py:1592} INFO - Exporting the following env vars:
AIRFLOW_CTX_DAG_OWNER=data_eng
AIRFLOW_CTX_DAG_ID=process_weather_people_postgres
AIRFLOW_CTX_TASK_ID=group_users.get_1_user
AIRFLOW_CTX_EXECUTION_DATE=2023-06-05T00:00:00+00:00
AIRFLOW_CTX_TRY_NUMBER=1
AIRFLOW_CTX_DAG_RUN_ID=scheduled__2023-06-05T00:00:00+00:00
[2023-06-06T00:21:47.659+0000] {get_user.py:25} INFO - The file user_inputt_1.csv was generated successfully.
[2023-06-06T00:21:47.659+0000] {python.py:177} INFO - Done. Returned value was: None
[2023-06-06T00:21:47.672+0000] {taskinstance.py:1406} INFO - Marking task as SUCCESS. dag_id=process_weather_people_postgres, task_id=group_users.get_1_user, execution_date=20230605T000000, start_date=20230606T002147, end_date=20230606T002147
[2023-06-06T00:21:47.701+0000] {local_task_job.py:164} INFO - Task exited with return code 0
[2023-06-06T00:21:47.739+0000] {local_task_job.py:273} INFO - 0 downstream tasks scheduled from follow-on schedule check
