[2023-06-06T00:47:04.645+0000] {taskinstance.py:1165} INFO - Dependencies all met for <TaskInstance: process_weather_people_postgres.group_users.get_1_user scheduled__2023-06-05T00:00:00+00:00 [queued]>
[2023-06-06T00:47:04.658+0000] {taskinstance.py:1165} INFO - Dependencies all met for <TaskInstance: process_weather_people_postgres.group_users.get_1_user scheduled__2023-06-05T00:00:00+00:00 [queued]>
[2023-06-06T00:47:04.658+0000] {taskinstance.py:1362} INFO - 
--------------------------------------------------------------------------------
[2023-06-06T00:47:04.658+0000] {taskinstance.py:1363} INFO - Starting attempt 5 of 8
[2023-06-06T00:47:04.659+0000] {taskinstance.py:1364} INFO - 
--------------------------------------------------------------------------------
[2023-06-06T00:47:04.675+0000] {taskinstance.py:1383} INFO - Executing <Task(PythonOperator): group_users.get_1_user> on 2023-06-05 00:00:00+00:00
[2023-06-06T00:47:04.684+0000] {standard_task_runner.py:55} INFO - Started process 15799 to run task
[2023-06-06T00:47:04.688+0000] {standard_task_runner.py:82} INFO - Running: ['***', 'tasks', 'run', 'process_weather_people_postgres', 'group_users.get_1_user', 'scheduled__2023-06-05T00:00:00+00:00', '--job-id', '196', '--raw', '--subdir', 'DAGS_FOLDER/process_weather_people_postgres/process_weather_people_postgres.py', '--cfg-path', '/tmp/tmpyihjz5qi']
[2023-06-06T00:47:04.689+0000] {standard_task_runner.py:83} INFO - Job 196: Subtask group_users.get_1_user
[2023-06-06T00:47:04.753+0000] {task_command.py:376} INFO - Running <TaskInstance: process_weather_people_postgres.group_users.get_1_user scheduled__2023-06-05T00:00:00+00:00 [running]> on host 1160da0dacdb
[2023-06-06T00:47:04.832+0000] {taskinstance.py:1592} INFO - Exporting the following env vars:
AIRFLOW_CTX_DAG_OWNER=data_eng
AIRFLOW_CTX_DAG_ID=process_weather_people_postgres
AIRFLOW_CTX_TASK_ID=group_users.get_1_user
AIRFLOW_CTX_EXECUTION_DATE=2023-06-05T00:00:00+00:00
AIRFLOW_CTX_TRY_NUMBER=5
AIRFLOW_CTX_DAG_RUN_ID=scheduled__2023-06-05T00:00:00+00:00
[2023-06-06T00:47:05.237+0000] {get_user.py:25} INFO - The file user_inputt_1.csv was generated successfully.
[2023-06-06T00:47:05.238+0000] {python.py:177} INFO - Done. Returned value was: None
[2023-06-06T00:47:05.259+0000] {taskinstance.py:1406} INFO - Marking task as SUCCESS. dag_id=process_weather_people_postgres, task_id=group_users.get_1_user, execution_date=20230605T000000, start_date=20230606T004704, end_date=20230606T004705
[2023-06-06T00:47:05.301+0000] {local_task_job.py:164} INFO - Task exited with return code 0
[2023-06-06T00:47:05.345+0000] {local_task_job.py:273} INFO - 1 downstream tasks scheduled from follow-on schedule check
