[2023-06-05T20:38:04.093+0000] {taskinstance.py:1165} INFO - Dependencies all met for <TaskInstance: process_weather_people_postgres.create_users_table scheduled__2023-06-04T00:00:00+00:00 [queued]>
[2023-06-05T20:38:04.105+0000] {taskinstance.py:1165} INFO - Dependencies all met for <TaskInstance: process_weather_people_postgres.create_users_table scheduled__2023-06-04T00:00:00+00:00 [queued]>
[2023-06-05T20:38:04.105+0000] {taskinstance.py:1362} INFO - 
--------------------------------------------------------------------------------
[2023-06-05T20:38:04.105+0000] {taskinstance.py:1363} INFO - Starting attempt 2 of 5
[2023-06-05T20:38:04.105+0000] {taskinstance.py:1364} INFO - 
--------------------------------------------------------------------------------
[2023-06-05T20:38:04.121+0000] {taskinstance.py:1383} INFO - Executing <Task(PostgresOperator): create_users_table> on 2023-06-04 00:00:00+00:00
[2023-06-05T20:38:04.129+0000] {standard_task_runner.py:55} INFO - Started process 3644 to run task
[2023-06-05T20:38:04.132+0000] {standard_task_runner.py:82} INFO - Running: ['***', 'tasks', 'run', 'process_weather_people_postgres', 'create_users_table', 'scheduled__2023-06-04T00:00:00+00:00', '--job-id', '74', '--raw', '--subdir', 'DAGS_FOLDER/process_weather_people_postgres/process_weather_people_postgres.py', '--cfg-path', '/tmp/tmpoeuel0c2']
[2023-06-05T20:38:04.132+0000] {standard_task_runner.py:83} INFO - Job 74: Subtask create_users_table
[2023-06-05T20:38:04.192+0000] {task_command.py:376} INFO - Running <TaskInstance: process_weather_people_postgres.create_users_table scheduled__2023-06-04T00:00:00+00:00 [running]> on host 1160da0dacdb
[2023-06-05T20:38:04.262+0000] {taskinstance.py:1592} INFO - Exporting the following env vars:
AIRFLOW_CTX_DAG_OWNER=data_eng
AIRFLOW_CTX_DAG_ID=process_weather_people_postgres
AIRFLOW_CTX_TASK_ID=create_users_table
AIRFLOW_CTX_EXECUTION_DATE=2023-06-04T00:00:00+00:00
AIRFLOW_CTX_TRY_NUMBER=2
AIRFLOW_CTX_DAG_RUN_ID=scheduled__2023-06-04T00:00:00+00:00
[2023-06-05T20:38:04.272+0000] {base.py:71} INFO - Using connection ID 'postgres_default' for task execution.
[2023-06-05T20:38:04.285+0000] {sql.py:375} INFO - Running statement: CREATE TABLE IF NOT EXISTS bronze.user (
    user_id int,
    first_name varchar(200),
    last_name varchar(200),
    email varchar(150),
    gender varchar(10),
    age int,
    city varchar(200),
    lat_location varchar(200),
    lon_location varchar(200),
    inserted_date date
);, parameters: None
[2023-06-05T20:38:04.336+0000] {taskinstance.py:1406} INFO - Marking task as SUCCESS. dag_id=process_weather_people_postgres, task_id=create_users_table, execution_date=20230604T000000, start_date=20230605T203804, end_date=20230605T203804
[2023-06-05T20:38:04.384+0000] {local_task_job.py:164} INFO - Task exited with return code 0
[2023-06-05T20:38:04.409+0000] {local_task_job.py:273} INFO - 1 downstream tasks scheduled from follow-on schedule check
