[2023-06-06T00:26:28.893+0000] {taskinstance.py:1165} INFO - Dependencies all met for <TaskInstance: process_weather_people_postgres.create_users_table scheduled__2023-06-04T00:00:00+00:00 [queued]>
[2023-06-06T00:26:28.905+0000] {taskinstance.py:1165} INFO - Dependencies all met for <TaskInstance: process_weather_people_postgres.create_users_table scheduled__2023-06-04T00:00:00+00:00 [queued]>
[2023-06-06T00:26:28.905+0000] {taskinstance.py:1362} INFO - 
--------------------------------------------------------------------------------
[2023-06-06T00:26:28.905+0000] {taskinstance.py:1363} INFO - Starting attempt 20 of 23
[2023-06-06T00:26:28.905+0000] {taskinstance.py:1364} INFO - 
--------------------------------------------------------------------------------
[2023-06-06T00:26:28.922+0000] {taskinstance.py:1383} INFO - Executing <Task(PostgresOperator): create_users_table> on 2023-06-04 00:00:00+00:00
[2023-06-06T00:26:28.932+0000] {standard_task_runner.py:55} INFO - Started process 14718 to run task
[2023-06-06T00:26:28.935+0000] {standard_task_runner.py:82} INFO - Running: ['***', 'tasks', 'run', 'process_weather_people_postgres', 'create_users_table', 'scheduled__2023-06-04T00:00:00+00:00', '--job-id', '156', '--raw', '--subdir', 'DAGS_FOLDER/process_weather_people_postgres/process_weather_people_postgres.py', '--cfg-path', '/tmp/tmptfj9rcse']
[2023-06-06T00:26:28.938+0000] {standard_task_runner.py:83} INFO - Job 156: Subtask create_users_table
[2023-06-06T00:26:29.003+0000] {task_command.py:376} INFO - Running <TaskInstance: process_weather_people_postgres.create_users_table scheduled__2023-06-04T00:00:00+00:00 [running]> on host 1160da0dacdb
[2023-06-06T00:26:29.079+0000] {taskinstance.py:1592} INFO - Exporting the following env vars:
AIRFLOW_CTX_DAG_OWNER=data_eng
AIRFLOW_CTX_DAG_ID=process_weather_people_postgres
AIRFLOW_CTX_TASK_ID=create_users_table
AIRFLOW_CTX_EXECUTION_DATE=2023-06-04T00:00:00+00:00
AIRFLOW_CTX_TRY_NUMBER=20
AIRFLOW_CTX_DAG_RUN_ID=scheduled__2023-06-04T00:00:00+00:00
[2023-06-06T00:26:29.090+0000] {base.py:71} INFO - Using connection ID 'postgres_default' for task execution.
[2023-06-06T00:26:29.105+0000] {sql.py:375} INFO - Running statement: CREATE TABLE IF NOT EXISTS bronze.user (
    user_id int,
    first_name varchar(200),
    last_name varchar(200),
    email varchar(150),
    gender varchar(10),
    age int,
    city varchar(200),
    lat_location varchar(200),
    lon_location varchar(200)
);, parameters: None
[2023-06-06T00:26:29.113+0000] {postgres.py:96} INFO - NOTICE:  relation "user" already exists, skipping

[2023-06-06T00:26:29.123+0000] {taskinstance.py:1406} INFO - Marking task as SUCCESS. dag_id=process_weather_people_postgres, task_id=create_users_table, execution_date=20230604T000000, start_date=20230606T002628, end_date=20230606T002629
[2023-06-06T00:26:29.147+0000] {local_task_job.py:164} INFO - Task exited with return code 0
[2023-06-06T00:26:29.180+0000] {local_task_job.py:273} INFO - 1 downstream tasks scheduled from follow-on schedule check
