[2023-06-05T22:05:24.715+0000] {taskinstance.py:1165} INFO - Dependencies all met for <TaskInstance: process_weather_people_postgres.create_users_table scheduled__2023-06-04T00:00:00+00:00 [queued]>
[2023-06-05T22:05:24.728+0000] {taskinstance.py:1165} INFO - Dependencies all met for <TaskInstance: process_weather_people_postgres.create_users_table scheduled__2023-06-04T00:00:00+00:00 [queued]>
[2023-06-05T22:05:24.728+0000] {taskinstance.py:1362} INFO - 
--------------------------------------------------------------------------------
[2023-06-05T22:05:24.728+0000] {taskinstance.py:1363} INFO - Starting attempt 9 of 12
[2023-06-05T22:05:24.729+0000] {taskinstance.py:1364} INFO - 
--------------------------------------------------------------------------------
[2023-06-05T22:05:24.745+0000] {taskinstance.py:1383} INFO - Executing <Task(PostgresOperator): create_users_table> on 2023-06-04 00:00:00+00:00
[2023-06-05T22:05:24.753+0000] {standard_task_runner.py:55} INFO - Started process 7846 to run task
[2023-06-05T22:05:24.758+0000] {standard_task_runner.py:82} INFO - Running: ['***', 'tasks', 'run', 'process_weather_people_postgres', 'create_users_table', 'scheduled__2023-06-04T00:00:00+00:00', '--job-id', '96', '--raw', '--subdir', 'DAGS_FOLDER/process_weather_people_postgres/process_weather_people_postgres.py', '--cfg-path', '/tmp/tmptkpr0fi7']
[2023-06-05T22:05:24.760+0000] {standard_task_runner.py:83} INFO - Job 96: Subtask create_users_table
[2023-06-05T22:05:24.832+0000] {task_command.py:376} INFO - Running <TaskInstance: process_weather_people_postgres.create_users_table scheduled__2023-06-04T00:00:00+00:00 [running]> on host 1160da0dacdb
[2023-06-05T22:05:24.922+0000] {taskinstance.py:1592} INFO - Exporting the following env vars:
AIRFLOW_CTX_DAG_OWNER=data_eng
AIRFLOW_CTX_DAG_ID=process_weather_people_postgres
AIRFLOW_CTX_TASK_ID=create_users_table
AIRFLOW_CTX_EXECUTION_DATE=2023-06-04T00:00:00+00:00
AIRFLOW_CTX_TRY_NUMBER=9
AIRFLOW_CTX_DAG_RUN_ID=scheduled__2023-06-04T00:00:00+00:00
[2023-06-05T22:05:24.934+0000] {base.py:71} INFO - Using connection ID 'postgres_default' for task execution.
[2023-06-05T22:05:24.950+0000] {sql.py:375} INFO - Running statement: CREATE TABLE IF NOT EXISTS bronze.user (
    user_id int,
    first_name varchar(200),
    last_name varchar(200),
    email varchar(150),
    gender varchar(10),
    age int,
    city varchar(200),
    lat_location varchar(200),
    lon_location varchar(200),
    inserted_date date
);, parameters: None
[2023-06-05T22:05:24.959+0000] {postgres.py:96} INFO - NOTICE:  relation "user" already exists, skipping

[2023-06-05T22:05:24.971+0000] {taskinstance.py:1406} INFO - Marking task as SUCCESS. dag_id=process_weather_people_postgres, task_id=create_users_table, execution_date=20230604T000000, start_date=20230605T220524, end_date=20230605T220524
[2023-06-05T22:05:25.009+0000] {local_task_job.py:164} INFO - Task exited with return code 0
[2023-06-05T22:05:25.047+0000] {local_task_job.py:273} INFO - 1 downstream tasks scheduled from follow-on schedule check
