[2023-06-06T00:46:35.268+0000] {taskinstance.py:1165} INFO - Dependencies all met for <TaskInstance: process_weather_people_postgres.group_users.slack_notification_1 scheduled__2023-06-05T00:00:00+00:00 [queued]>
[2023-06-06T00:46:35.282+0000] {taskinstance.py:1165} INFO - Dependencies all met for <TaskInstance: process_weather_people_postgres.group_users.slack_notification_1 scheduled__2023-06-05T00:00:00+00:00 [queued]>
[2023-06-06T00:46:35.283+0000] {taskinstance.py:1362} INFO - 
--------------------------------------------------------------------------------
[2023-06-06T00:46:35.283+0000] {taskinstance.py:1363} INFO - Starting attempt 7 of 10
[2023-06-06T00:46:35.283+0000] {taskinstance.py:1364} INFO - 
--------------------------------------------------------------------------------
[2023-06-06T00:46:35.305+0000] {taskinstance.py:1383} INFO - Executing <Task(ClimateNotificationSlackOperator): group_users.slack_notification_1> on 2023-06-05 00:00:00+00:00
[2023-06-06T00:46:35.318+0000] {standard_task_runner.py:55} INFO - Started process 15771 to run task
[2023-06-06T00:46:35.322+0000] {standard_task_runner.py:82} INFO - Running: ['***', 'tasks', 'run', 'process_weather_people_postgres', 'group_users.slack_notification_1', 'scheduled__2023-06-05T00:00:00+00:00', '--job-id', '193', '--raw', '--subdir', 'DAGS_FOLDER/process_weather_people_postgres/process_weather_people_postgres.py', '--cfg-path', '/tmp/tmpa1xgeckw']
[2023-06-06T00:46:35.324+0000] {standard_task_runner.py:83} INFO - Job 193: Subtask group_users.slack_notification_1
[2023-06-06T00:46:35.391+0000] {task_command.py:376} INFO - Running <TaskInstance: process_weather_people_postgres.group_users.slack_notification_1 scheduled__2023-06-05T00:00:00+00:00 [running]> on host 1160da0dacdb
[2023-06-06T00:46:35.461+0000] {taskinstance.py:1592} INFO - Exporting the following env vars:
AIRFLOW_CTX_DAG_OWNER=data_eng
AIRFLOW_CTX_DAG_ID=process_weather_people_postgres
AIRFLOW_CTX_TASK_ID=group_users.slack_notification_1
AIRFLOW_CTX_EXECUTION_DATE=2023-06-05T00:00:00+00:00
AIRFLOW_CTX_TRY_NUMBER=7
AIRFLOW_CTX_DAG_RUN_ID=scheduled__2023-06-05T00:00:00+00:00
[2023-06-06T00:46:35.472+0000] {base.py:71} INFO - Using connection ID 'postgres_default' for task execution.
[2023-06-06T00:46:35.491+0000] {climate_temperature_slack.py:62} INFO - (1, 'Dublyani', '74.2580', '-40.7323')
[2023-06-06T00:46:35.492+0000] {logging_mixin.py:120} INFO - HEREEEEEEEEEEEEE : 1
[2023-06-06T00:46:35.492+0000] {taskinstance.py:1851} ERROR - Task failed with exception
Traceback (most recent call last):
  File "/opt/airflow/plugins/others/operators/climate_temperature_slack.py", line 65, in execute
    endpoint_with_params = self.endpoint_fixed + f'&lat={row[2]}&lon={row[3]}'
TypeError: unsupported operand type(s) for +: 'NoneType' and 'str'
[2023-06-06T00:46:35.502+0000] {taskinstance.py:1406} INFO - Marking task as UP_FOR_RETRY. dag_id=process_weather_people_postgres, task_id=group_users.slack_notification_1, execution_date=20230605T000000, start_date=20230606T004635, end_date=20230606T004635
[2023-06-06T00:46:35.515+0000] {standard_task_runner.py:105} ERROR - Failed to execute job 193 for task group_users.slack_notification_1 (unsupported operand type(s) for +: 'NoneType' and 'str'; 15771)
[2023-06-06T00:46:35.533+0000] {local_task_job.py:164} INFO - Task exited with return code 1
[2023-06-06T00:46:35.561+0000] {local_task_job.py:273} INFO - 0 downstream tasks scheduled from follow-on schedule check
