[2023-06-06T00:49:10.718+0000] {taskinstance.py:1165} INFO - Dependencies all met for <TaskInstance: process_weather_people_postgres.group_users.slack_notification_1 scheduled__2023-06-05T00:00:00+00:00 [queued]>
[2023-06-06T00:49:10.730+0000] {taskinstance.py:1165} INFO - Dependencies all met for <TaskInstance: process_weather_people_postgres.group_users.slack_notification_1 scheduled__2023-06-05T00:00:00+00:00 [queued]>
[2023-06-06T00:49:10.730+0000] {taskinstance.py:1362} INFO - 
--------------------------------------------------------------------------------
[2023-06-06T00:49:10.730+0000] {taskinstance.py:1363} INFO - Starting attempt 10 of 13
[2023-06-06T00:49:10.730+0000] {taskinstance.py:1364} INFO - 
--------------------------------------------------------------------------------
[2023-06-06T00:49:10.748+0000] {taskinstance.py:1383} INFO - Executing <Task(ClimateNotificationSlackOperator): group_users.slack_notification_1> on 2023-06-05 00:00:00+00:00
[2023-06-06T00:49:10.758+0000] {standard_task_runner.py:55} INFO - Started process 15935 to run task
[2023-06-06T00:49:10.761+0000] {standard_task_runner.py:82} INFO - Running: ['***', 'tasks', 'run', 'process_weather_people_postgres', 'group_users.slack_notification_1', 'scheduled__2023-06-05T00:00:00+00:00', '--job-id', '208', '--raw', '--subdir', 'DAGS_FOLDER/process_weather_people_postgres/process_weather_people_postgres.py', '--cfg-path', '/tmp/tmpgs0t9761']
[2023-06-06T00:49:10.762+0000] {standard_task_runner.py:83} INFO - Job 208: Subtask group_users.slack_notification_1
[2023-06-06T00:49:10.824+0000] {task_command.py:376} INFO - Running <TaskInstance: process_weather_people_postgres.group_users.slack_notification_1 scheduled__2023-06-05T00:00:00+00:00 [running]> on host 1160da0dacdb
[2023-06-06T00:49:10.891+0000] {taskinstance.py:1592} INFO - Exporting the following env vars:
AIRFLOW_CTX_DAG_OWNER=data_eng
AIRFLOW_CTX_DAG_ID=process_weather_people_postgres
AIRFLOW_CTX_TASK_ID=group_users.slack_notification_1
AIRFLOW_CTX_EXECUTION_DATE=2023-06-05T00:00:00+00:00
AIRFLOW_CTX_TRY_NUMBER=10
AIRFLOW_CTX_DAG_RUN_ID=scheduled__2023-06-05T00:00:00+00:00
[2023-06-06T00:49:10.902+0000] {base.py:71} INFO - Using connection ID 'postgres_default' for task execution.
[2023-06-06T00:49:10.922+0000] {climate_temperature_slack.py:62} INFO - (1, 'Dublyani', '74.2580', '-40.7323')
[2023-06-06T00:49:11.480+0000] {warnings.py:110} WARNING - /home/***/.local/lib/python3.7/site-packages/***/providers/slack/operators/slack_webhook.py:173: UserWarning: Found unexpected keyword-argument(s) 'link_names' in `send` method. This argument(s) have no effect.
  link_names=self.link_names,

[2023-06-06T00:49:11.481+0000] {warnings.py:110} WARNING - /home/***/.local/lib/python3.7/site-packages/***/providers/slack/hooks/slack_webhook.py:47: UserWarning: You cannot override the default channel (chosen by the user who installed your app), username, or icon when you're using Incoming Webhooks to post messages. Instead, these values will always inherit from the associated Slack app configuration. See: https://api.slack.com/messaging/webhooks#advanced_message_formatting. It is possible to change this values only in Legacy Slack Integration Incoming Webhook: https://api.slack.com/legacy/custom-integrations/messaging/webhooks#legacy-customizations
  resp = func(*args, **kwargs)

[2023-06-06T00:49:11.490+0000] {base.py:71} INFO - Using connection ID 'slack_connection_***' for task execution.
[2023-06-06T00:49:12.257+0000] {climate_temperature_slack.py:62} INFO - (1, 'Salisbury', '-6.1734', '81.8594')
[2023-06-06T00:49:12.575+0000] {base.py:71} INFO - Using connection ID 'slack_connection_***' for task execution.
[2023-06-06T00:49:13.065+0000] {climate_temperature_slack.py:62} INFO - (1, 'Ankeveen', '37.6424', '139.9047')
[2023-06-06T00:49:13.392+0000] {base.py:71} INFO - Using connection ID 'slack_connection_***' for task execution.
[2023-06-06T00:49:13.976+0000] {climate_temperature_slack.py:62} INFO - (1, 'Chigirin', '78.7825', '-144.6951')
[2023-06-06T00:49:14.296+0000] {base.py:71} INFO - Using connection ID 'slack_connection_***' for task execution.
[2023-06-06T00:49:14.883+0000] {climate_temperature_slack.py:62} INFO - (1, 'Palmerston North', '53.1200', '-7.5384')
[2023-06-06T00:49:15.264+0000] {base.py:71} INFO - Using connection ID 'slack_connection_***' for task execution.
[2023-06-06T00:49:15.784+0000] {climate_temperature_slack.py:62} INFO - (1, 'Taupo', '48.3961', '-40.1287')
[2023-06-06T00:49:16.115+0000] {base.py:71} INFO - Using connection ID 'slack_connection_***' for task execution.
[2023-06-06T00:49:16.630+0000] {climate_temperature_slack.py:62} INFO - (1, 'Osmaniye', '67.1160', '164.9024')
[2023-06-06T00:49:16.917+0000] {base.py:71} INFO - Using connection ID 'slack_connection_***' for task execution.
[2023-06-06T00:49:17.445+0000] {climate_temperature_slack.py:62} INFO - (1, 'Toulouse', '-19.5786', '-29.9797')
[2023-06-06T00:49:17.779+0000] {base.py:71} INFO - Using connection ID 'slack_connection_***' for task execution.
[2023-06-06T00:49:18.184+0000] {climate_temperature_slack.py:62} INFO - (1, 'Grenoble', '-15.1727', '31.2889')
[2023-06-06T00:49:18.523+0000] {base.py:71} INFO - Using connection ID 'slack_connection_***' for task execution.
[2023-06-06T00:49:18.988+0000] {taskinstance.py:1406} INFO - Marking task as SUCCESS. dag_id=process_weather_people_postgres, task_id=group_users.slack_notification_1, execution_date=20230605T000000, start_date=20230606T004910, end_date=20230606T004918
[2023-06-06T00:49:19.055+0000] {local_task_job.py:164} INFO - Task exited with return code 0
[2023-06-06T00:49:19.082+0000] {local_task_job.py:273} INFO - 1 downstream tasks scheduled from follow-on schedule check
