[2023-06-06T00:47:08.191+0000] {taskinstance.py:1165} INFO - Dependencies all met for <TaskInstance: process_weather_people_postgres.group_users.slack_notification_1 scheduled__2023-06-05T00:00:00+00:00 [queued]>
[2023-06-06T00:47:08.203+0000] {taskinstance.py:1165} INFO - Dependencies all met for <TaskInstance: process_weather_people_postgres.group_users.slack_notification_1 scheduled__2023-06-05T00:00:00+00:00 [queued]>
[2023-06-06T00:47:08.204+0000] {taskinstance.py:1362} INFO - 
--------------------------------------------------------------------------------
[2023-06-06T00:47:08.204+0000] {taskinstance.py:1363} INFO - Starting attempt 8 of 11
[2023-06-06T00:47:08.204+0000] {taskinstance.py:1364} INFO - 
--------------------------------------------------------------------------------
[2023-06-06T00:47:08.221+0000] {taskinstance.py:1383} INFO - Executing <Task(ClimateNotificationSlackOperator): group_users.slack_notification_1> on 2023-06-05 00:00:00+00:00
[2023-06-06T00:47:08.232+0000] {standard_task_runner.py:55} INFO - Started process 15812 to run task
[2023-06-06T00:47:08.234+0000] {standard_task_runner.py:82} INFO - Running: ['***', 'tasks', 'run', 'process_weather_people_postgres', 'group_users.slack_notification_1', 'scheduled__2023-06-05T00:00:00+00:00', '--job-id', '198', '--raw', '--subdir', 'DAGS_FOLDER/process_weather_people_postgres/process_weather_people_postgres.py', '--cfg-path', '/tmp/tmpcn2wvs4w']
[2023-06-06T00:47:08.236+0000] {standard_task_runner.py:83} INFO - Job 198: Subtask group_users.slack_notification_1
[2023-06-06T00:47:08.298+0000] {task_command.py:376} INFO - Running <TaskInstance: process_weather_people_postgres.group_users.slack_notification_1 scheduled__2023-06-05T00:00:00+00:00 [running]> on host 1160da0dacdb
[2023-06-06T00:47:08.376+0000] {taskinstance.py:1592} INFO - Exporting the following env vars:
AIRFLOW_CTX_DAG_OWNER=data_eng
AIRFLOW_CTX_DAG_ID=process_weather_people_postgres
AIRFLOW_CTX_TASK_ID=group_users.slack_notification_1
AIRFLOW_CTX_EXECUTION_DATE=2023-06-05T00:00:00+00:00
AIRFLOW_CTX_TRY_NUMBER=8
AIRFLOW_CTX_DAG_RUN_ID=scheduled__2023-06-05T00:00:00+00:00
[2023-06-06T00:47:08.387+0000] {base.py:71} INFO - Using connection ID 'postgres_default' for task execution.
[2023-06-06T00:47:08.407+0000] {climate_temperature_slack.py:62} INFO - (1, 'Dublyani', '74.2580', '-40.7323')
[2023-06-06T00:47:08.407+0000] {logging_mixin.py:120} INFO - HEREEEEEEEEEEEEE : 1
[2023-06-06T00:47:08.407+0000] {logging_mixin.py:120} INFO - HEREEEEEEEEEEEEE : Dublyani
[2023-06-06T00:47:08.407+0000] {logging_mixin.py:120} INFO - HEREEEEEEEEEEEEE : 74.2580
[2023-06-06T00:47:08.408+0000] {logging_mixin.py:120} INFO - HEREEEEEEEEEEEEE : -40.7323
[2023-06-06T00:47:08.408+0000] {taskinstance.py:1851} ERROR - Task failed with exception
Traceback (most recent call last):
  File "/opt/airflow/plugins/others/operators/climate_temperature_slack.py", line 68, in execute
    endpoint_with_params = self.endpoint_fixed + f'&lat={row[2]}&lon={row[3]}'
TypeError: unsupported operand type(s) for +: 'NoneType' and 'str'
[2023-06-06T00:47:08.419+0000] {taskinstance.py:1406} INFO - Marking task as UP_FOR_RETRY. dag_id=process_weather_people_postgres, task_id=group_users.slack_notification_1, execution_date=20230605T000000, start_date=20230606T004708, end_date=20230606T004708
[2023-06-06T00:47:08.432+0000] {standard_task_runner.py:105} ERROR - Failed to execute job 198 for task group_users.slack_notification_1 (unsupported operand type(s) for +: 'NoneType' and 'str'; 15812)
[2023-06-06T00:47:08.447+0000] {local_task_job.py:164} INFO - Task exited with return code 1
[2023-06-06T00:47:08.475+0000] {local_task_job.py:273} INFO - 0 downstream tasks scheduled from follow-on schedule check
