[2023-05-24T15:05:09.411+0000] {processor.py:154} INFO - Started process (PID=54) to work on /opt/airflow/dags/example.py
[2023-05-24T15:05:09.413+0000] {processor.py:756} INFO - Processing file /opt/airflow/dags/example.py for tasks to queue
[2023-05-24T15:05:09.414+0000] {logging_mixin.py:120} INFO - [2023-05-24T15:05:09.414+0000] {dagbag.py:537} INFO - Filling up the DagBag from /opt/airflow/dags/example.py
[2023-05-24T15:05:09.472+0000] {processor.py:766} INFO - DAG(s) dict_keys(['my-first-dag']) retrieved from /opt/airflow/dags/example.py
[2023-05-24T15:05:09.549+0000] {logging_mixin.py:120} INFO - [2023-05-24T15:05:09.548+0000] {dag.py:2585} INFO - Sync 1 DAGs
[2023-05-24T15:05:09.605+0000] {logging_mixin.py:120} INFO - [2023-05-24T15:05:09.605+0000] {dag.py:3340} INFO - Setting next_dagrun for my-first-dag to 2023-05-24T00:00:00+00:00, run_after=2023-05-25T00:00:00+00:00
[2023-05-24T15:05:09.645+0000] {processor.py:176} INFO - Processing /opt/airflow/dags/example.py took 0.239 seconds
[2023-05-24T15:05:40.201+0000] {processor.py:154} INFO - Started process (PID=73) to work on /opt/airflow/dags/example.py
[2023-05-24T15:05:40.204+0000] {processor.py:756} INFO - Processing file /opt/airflow/dags/example.py for tasks to queue
[2023-05-24T15:05:40.207+0000] {logging_mixin.py:120} INFO - [2023-05-24T15:05:40.206+0000] {dagbag.py:537} INFO - Filling up the DagBag from /opt/airflow/dags/example.py
[2023-05-24T15:05:40.436+0000] {processor.py:766} INFO - DAG(s) dict_keys(['my-first-dag']) retrieved from /opt/airflow/dags/example.py
[2023-05-24T15:05:40.820+0000] {logging_mixin.py:120} INFO - [2023-05-24T15:05:40.819+0000] {dag.py:2585} INFO - Sync 1 DAGs
[2023-05-24T15:05:41.064+0000] {logging_mixin.py:120} INFO - [2023-05-24T15:05:41.062+0000] {dag.py:3340} INFO - Setting next_dagrun for my-first-dag to 2023-05-24T00:00:00+00:00, run_after=2023-05-25T00:00:00+00:00
[2023-05-24T15:05:41.137+0000] {processor.py:176} INFO - Processing /opt/airflow/dags/example.py took 0.969 seconds
[2023-05-24T15:06:11.205+0000] {processor.py:154} INFO - Started process (PID=93) to work on /opt/airflow/dags/example.py
[2023-05-24T15:06:11.205+0000] {processor.py:756} INFO - Processing file /opt/airflow/dags/example.py for tasks to queue
[2023-05-24T15:06:11.207+0000] {logging_mixin.py:120} INFO - [2023-05-24T15:06:11.207+0000] {dagbag.py:537} INFO - Filling up the DagBag from /opt/airflow/dags/example.py
[2023-05-24T15:06:11.228+0000] {processor.py:766} INFO - DAG(s) dict_keys(['my-first-dag']) retrieved from /opt/airflow/dags/example.py
[2023-05-24T15:06:11.277+0000] {logging_mixin.py:120} INFO - [2023-05-24T15:06:11.276+0000] {dag.py:2585} INFO - Sync 1 DAGs
[2023-05-24T15:06:11.309+0000] {logging_mixin.py:120} INFO - [2023-05-24T15:06:11.309+0000] {dag.py:3340} INFO - Setting next_dagrun for my-first-dag to 2023-05-24T00:00:00+00:00, run_after=2023-05-25T00:00:00+00:00
[2023-05-24T15:06:11.336+0000] {processor.py:176} INFO - Processing /opt/airflow/dags/example.py took 0.133 seconds
[2023-05-24T15:06:41.526+0000] {processor.py:154} INFO - Started process (PID=121) to work on /opt/airflow/dags/example.py
[2023-05-24T15:06:41.531+0000] {processor.py:756} INFO - Processing file /opt/airflow/dags/example.py for tasks to queue
[2023-05-24T15:06:41.537+0000] {logging_mixin.py:120} INFO - [2023-05-24T15:06:41.536+0000] {dagbag.py:537} INFO - Filling up the DagBag from /opt/airflow/dags/example.py
[2023-05-24T15:06:41.720+0000] {processor.py:766} INFO - DAG(s) dict_keys(['my-first-dag']) retrieved from /opt/airflow/dags/example.py
[2023-05-24T15:06:42.014+0000] {logging_mixin.py:120} INFO - [2023-05-24T15:06:42.014+0000] {dag.py:2585} INFO - Sync 1 DAGs
[2023-05-24T15:06:42.126+0000] {logging_mixin.py:120} INFO - [2023-05-24T15:06:42.126+0000] {dag.py:3340} INFO - Setting next_dagrun for my-first-dag to 2023-05-24T00:00:00+00:00, run_after=2023-05-25T00:00:00+00:00
[2023-05-24T15:06:42.203+0000] {processor.py:176} INFO - Processing /opt/airflow/dags/example.py took 0.687 seconds
[2023-05-24T15:07:12.394+0000] {processor.py:154} INFO - Started process (PID=141) to work on /opt/airflow/dags/example.py
[2023-05-24T15:07:12.396+0000] {processor.py:756} INFO - Processing file /opt/airflow/dags/example.py for tasks to queue
[2023-05-24T15:07:12.397+0000] {logging_mixin.py:120} INFO - [2023-05-24T15:07:12.397+0000] {dagbag.py:537} INFO - Filling up the DagBag from /opt/airflow/dags/example.py
[2023-05-24T15:07:12.438+0000] {processor.py:766} INFO - DAG(s) dict_keys(['my-first-dag']) retrieved from /opt/airflow/dags/example.py
[2023-05-24T15:07:12.498+0000] {logging_mixin.py:120} INFO - [2023-05-24T15:07:12.497+0000] {dag.py:2585} INFO - Sync 1 DAGs
[2023-05-24T15:07:12.543+0000] {logging_mixin.py:120} INFO - [2023-05-24T15:07:12.543+0000] {dag.py:3340} INFO - Setting next_dagrun for my-first-dag to 2023-05-24T00:00:00+00:00, run_after=2023-05-25T00:00:00+00:00
[2023-05-24T15:07:12.568+0000] {processor.py:176} INFO - Processing /opt/airflow/dags/example.py took 0.180 seconds
[2023-05-24T15:07:42.754+0000] {processor.py:154} INFO - Started process (PID=169) to work on /opt/airflow/dags/example.py
[2023-05-24T15:07:42.755+0000] {processor.py:756} INFO - Processing file /opt/airflow/dags/example.py for tasks to queue
[2023-05-24T15:07:42.758+0000] {logging_mixin.py:120} INFO - [2023-05-24T15:07:42.757+0000] {dagbag.py:537} INFO - Filling up the DagBag from /opt/airflow/dags/example.py
[2023-05-24T15:07:42.851+0000] {processor.py:766} INFO - DAG(s) dict_keys(['my-first-dag']) retrieved from /opt/airflow/dags/example.py
[2023-05-24T15:07:43.110+0000] {logging_mixin.py:120} INFO - [2023-05-24T15:07:43.110+0000] {dag.py:2585} INFO - Sync 1 DAGs
[2023-05-24T15:07:43.170+0000] {logging_mixin.py:120} INFO - [2023-05-24T15:07:43.170+0000] {dag.py:3340} INFO - Setting next_dagrun for my-first-dag to 2023-05-24T00:00:00+00:00, run_after=2023-05-25T00:00:00+00:00
[2023-05-24T15:07:43.237+0000] {processor.py:176} INFO - Processing /opt/airflow/dags/example.py took 0.500 seconds
[2023-05-24T15:08:13.389+0000] {processor.py:154} INFO - Started process (PID=188) to work on /opt/airflow/dags/example.py
[2023-05-24T15:08:13.390+0000] {processor.py:756} INFO - Processing file /opt/airflow/dags/example.py for tasks to queue
[2023-05-24T15:08:13.390+0000] {logging_mixin.py:120} INFO - [2023-05-24T15:08:13.390+0000] {dagbag.py:537} INFO - Filling up the DagBag from /opt/airflow/dags/example.py
[2023-05-24T15:08:13.421+0000] {processor.py:766} INFO - DAG(s) dict_keys(['my-first-dag']) retrieved from /opt/airflow/dags/example.py
[2023-05-24T15:08:13.467+0000] {logging_mixin.py:120} INFO - [2023-05-24T15:08:13.467+0000] {dag.py:2585} INFO - Sync 1 DAGs
[2023-05-24T15:08:13.495+0000] {logging_mixin.py:120} INFO - [2023-05-24T15:08:13.494+0000] {dag.py:3340} INFO - Setting next_dagrun for my-first-dag to 2023-05-24T00:00:00+00:00, run_after=2023-05-25T00:00:00+00:00
[2023-05-24T15:08:13.517+0000] {processor.py:176} INFO - Processing /opt/airflow/dags/example.py took 0.136 seconds
[2023-05-24T15:08:43.535+0000] {processor.py:154} INFO - Started process (PID=217) to work on /opt/airflow/dags/example.py
[2023-05-24T15:08:43.536+0000] {processor.py:756} INFO - Processing file /opt/airflow/dags/example.py for tasks to queue
[2023-05-24T15:08:43.537+0000] {logging_mixin.py:120} INFO - [2023-05-24T15:08:43.537+0000] {dagbag.py:537} INFO - Filling up the DagBag from /opt/airflow/dags/example.py
[2023-05-24T15:08:43.551+0000] {processor.py:766} INFO - DAG(s) dict_keys(['my-first-dag']) retrieved from /opt/airflow/dags/example.py
[2023-05-24T15:08:43.586+0000] {logging_mixin.py:120} INFO - [2023-05-24T15:08:43.586+0000] {dag.py:2585} INFO - Sync 1 DAGs
[2023-05-24T15:08:43.615+0000] {logging_mixin.py:120} INFO - [2023-05-24T15:08:43.615+0000] {dag.py:3340} INFO - Setting next_dagrun for my-first-dag to 2023-05-24T00:00:00+00:00, run_after=2023-05-25T00:00:00+00:00
[2023-05-24T15:08:43.635+0000] {processor.py:176} INFO - Processing /opt/airflow/dags/example.py took 0.102 seconds
[2023-05-24T15:09:13.784+0000] {processor.py:154} INFO - Started process (PID=245) to work on /opt/airflow/dags/example.py
[2023-05-24T15:09:13.785+0000] {processor.py:756} INFO - Processing file /opt/airflow/dags/example.py for tasks to queue
[2023-05-24T15:09:13.786+0000] {logging_mixin.py:120} INFO - [2023-05-24T15:09:13.786+0000] {dagbag.py:537} INFO - Filling up the DagBag from /opt/airflow/dags/example.py
[2023-05-24T15:09:13.800+0000] {processor.py:766} INFO - DAG(s) dict_keys(['my-first-dag']) retrieved from /opt/airflow/dags/example.py
[2023-05-24T15:09:13.837+0000] {logging_mixin.py:120} INFO - [2023-05-24T15:09:13.836+0000] {dag.py:2585} INFO - Sync 1 DAGs
[2023-05-24T15:09:13.864+0000] {logging_mixin.py:120} INFO - [2023-05-24T15:09:13.864+0000] {dag.py:3340} INFO - Setting next_dagrun for my-first-dag to 2023-05-24T00:00:00+00:00, run_after=2023-05-25T00:00:00+00:00
[2023-05-24T15:09:13.884+0000] {processor.py:176} INFO - Processing /opt/airflow/dags/example.py took 0.102 seconds
[2023-05-24T15:09:43.961+0000] {processor.py:154} INFO - Started process (PID=264) to work on /opt/airflow/dags/example.py
[2023-05-24T15:09:43.962+0000] {processor.py:756} INFO - Processing file /opt/airflow/dags/example.py for tasks to queue
[2023-05-24T15:09:43.962+0000] {logging_mixin.py:120} INFO - [2023-05-24T15:09:43.962+0000] {dagbag.py:537} INFO - Filling up the DagBag from /opt/airflow/dags/example.py
[2023-05-24T15:09:43.978+0000] {processor.py:766} INFO - DAG(s) dict_keys(['my-first-dag']) retrieved from /opt/airflow/dags/example.py
[2023-05-24T15:09:44.016+0000] {logging_mixin.py:120} INFO - [2023-05-24T15:09:44.016+0000] {dag.py:2585} INFO - Sync 1 DAGs
[2023-05-24T15:09:44.042+0000] {logging_mixin.py:120} INFO - [2023-05-24T15:09:44.042+0000] {dag.py:3340} INFO - Setting next_dagrun for my-first-dag to 2023-05-24T00:00:00+00:00, run_after=2023-05-25T00:00:00+00:00
[2023-05-24T15:09:44.060+0000] {processor.py:176} INFO - Processing /opt/airflow/dags/example.py took 0.101 seconds
[2023-05-24T15:10:14.200+0000] {processor.py:154} INFO - Started process (PID=292) to work on /opt/airflow/dags/example.py
[2023-05-24T15:10:14.201+0000] {processor.py:756} INFO - Processing file /opt/airflow/dags/example.py for tasks to queue
[2023-05-24T15:10:14.201+0000] {logging_mixin.py:120} INFO - [2023-05-24T15:10:14.201+0000] {dagbag.py:537} INFO - Filling up the DagBag from /opt/airflow/dags/example.py
[2023-05-24T15:10:14.217+0000] {processor.py:766} INFO - DAG(s) dict_keys(['my-first-dag']) retrieved from /opt/airflow/dags/example.py
[2023-05-24T15:10:14.254+0000] {logging_mixin.py:120} INFO - [2023-05-24T15:10:14.254+0000] {dag.py:2585} INFO - Sync 1 DAGs
[2023-05-24T15:10:14.282+0000] {logging_mixin.py:120} INFO - [2023-05-24T15:10:14.282+0000] {dag.py:3340} INFO - Setting next_dagrun for my-first-dag to 2023-05-24T00:00:00+00:00, run_after=2023-05-25T00:00:00+00:00
[2023-05-24T15:10:14.306+0000] {processor.py:176} INFO - Processing /opt/airflow/dags/example.py took 0.108 seconds
[2023-05-24T15:10:44.355+0000] {processor.py:154} INFO - Started process (PID=320) to work on /opt/airflow/dags/example.py
[2023-05-24T15:10:44.356+0000] {processor.py:756} INFO - Processing file /opt/airflow/dags/example.py for tasks to queue
[2023-05-24T15:10:44.356+0000] {logging_mixin.py:120} INFO - [2023-05-24T15:10:44.356+0000] {dagbag.py:537} INFO - Filling up the DagBag from /opt/airflow/dags/example.py
[2023-05-24T15:10:44.381+0000] {processor.py:766} INFO - DAG(s) dict_keys(['my-first-dag']) retrieved from /opt/airflow/dags/example.py
[2023-05-24T15:10:44.433+0000] {logging_mixin.py:120} INFO - [2023-05-24T15:10:44.432+0000] {dag.py:2585} INFO - Sync 1 DAGs
[2023-05-24T15:10:44.464+0000] {logging_mixin.py:120} INFO - [2023-05-24T15:10:44.463+0000] {dag.py:3340} INFO - Setting next_dagrun for my-first-dag to 2023-05-24T00:00:00+00:00, run_after=2023-05-25T00:00:00+00:00
[2023-05-24T15:10:44.491+0000] {processor.py:176} INFO - Processing /opt/airflow/dags/example.py took 0.139 seconds
[2023-05-24T15:11:14.570+0000] {processor.py:154} INFO - Started process (PID=339) to work on /opt/airflow/dags/example.py
[2023-05-24T15:11:14.571+0000] {processor.py:756} INFO - Processing file /opt/airflow/dags/example.py for tasks to queue
[2023-05-24T15:11:14.572+0000] {logging_mixin.py:120} INFO - [2023-05-24T15:11:14.572+0000] {dagbag.py:537} INFO - Filling up the DagBag from /opt/airflow/dags/example.py
[2023-05-24T15:11:14.585+0000] {processor.py:766} INFO - DAG(s) dict_keys(['my-first-dag']) retrieved from /opt/airflow/dags/example.py
[2023-05-24T15:11:14.616+0000] {logging_mixin.py:120} INFO - [2023-05-24T15:11:14.615+0000] {dag.py:2585} INFO - Sync 1 DAGs
[2023-05-24T15:11:14.640+0000] {logging_mixin.py:120} INFO - [2023-05-24T15:11:14.640+0000] {dag.py:3340} INFO - Setting next_dagrun for my-first-dag to 2023-05-24T00:00:00+00:00, run_after=2023-05-25T00:00:00+00:00
[2023-05-24T15:11:14.660+0000] {processor.py:176} INFO - Processing /opt/airflow/dags/example.py took 0.092 seconds
[2023-05-24T15:11:44.754+0000] {processor.py:154} INFO - Started process (PID=367) to work on /opt/airflow/dags/example.py
[2023-05-24T15:11:44.755+0000] {processor.py:756} INFO - Processing file /opt/airflow/dags/example.py for tasks to queue
[2023-05-24T15:11:44.756+0000] {logging_mixin.py:120} INFO - [2023-05-24T15:11:44.755+0000] {dagbag.py:537} INFO - Filling up the DagBag from /opt/airflow/dags/example.py
[2023-05-24T15:11:44.769+0000] {processor.py:766} INFO - DAG(s) dict_keys(['my-first-dag']) retrieved from /opt/airflow/dags/example.py
[2023-05-24T15:11:44.805+0000] {logging_mixin.py:120} INFO - [2023-05-24T15:11:44.805+0000] {dag.py:2585} INFO - Sync 1 DAGs
[2023-05-24T15:11:44.830+0000] {logging_mixin.py:120} INFO - [2023-05-24T15:11:44.829+0000] {dag.py:3340} INFO - Setting next_dagrun for my-first-dag to 2023-05-24T00:00:00+00:00, run_after=2023-05-25T00:00:00+00:00
[2023-05-24T15:11:44.850+0000] {processor.py:176} INFO - Processing /opt/airflow/dags/example.py took 0.098 seconds
[2023-05-24T15:12:14.922+0000] {processor.py:154} INFO - Started process (PID=395) to work on /opt/airflow/dags/example.py
[2023-05-24T15:12:14.923+0000] {processor.py:756} INFO - Processing file /opt/airflow/dags/example.py for tasks to queue
[2023-05-24T15:12:14.924+0000] {logging_mixin.py:120} INFO - [2023-05-24T15:12:14.924+0000] {dagbag.py:537} INFO - Filling up the DagBag from /opt/airflow/dags/example.py
[2023-05-24T15:12:14.935+0000] {processor.py:766} INFO - DAG(s) dict_keys(['my-first-dag']) retrieved from /opt/airflow/dags/example.py
[2023-05-24T15:12:14.966+0000] {logging_mixin.py:120} INFO - [2023-05-24T15:12:14.966+0000] {dag.py:2585} INFO - Sync 1 DAGs
[2023-05-24T15:12:14.990+0000] {logging_mixin.py:120} INFO - [2023-05-24T15:12:14.990+0000] {dag.py:3340} INFO - Setting next_dagrun for my-first-dag to 2023-05-24T00:00:00+00:00, run_after=2023-05-25T00:00:00+00:00
[2023-05-24T15:12:15.007+0000] {processor.py:176} INFO - Processing /opt/airflow/dags/example.py took 0.087 seconds
[2023-05-24T15:12:45.118+0000] {processor.py:154} INFO - Started process (PID=414) to work on /opt/airflow/dags/example.py
[2023-05-24T15:12:45.119+0000] {processor.py:756} INFO - Processing file /opt/airflow/dags/example.py for tasks to queue
[2023-05-24T15:12:45.119+0000] {logging_mixin.py:120} INFO - [2023-05-24T15:12:45.119+0000] {dagbag.py:537} INFO - Filling up the DagBag from /opt/airflow/dags/example.py
[2023-05-24T15:12:45.133+0000] {processor.py:766} INFO - DAG(s) dict_keys(['my-first-dag']) retrieved from /opt/airflow/dags/example.py
[2023-05-24T15:12:45.171+0000] {logging_mixin.py:120} INFO - [2023-05-24T15:12:45.171+0000] {dag.py:2585} INFO - Sync 1 DAGs
[2023-05-24T15:12:45.195+0000] {logging_mixin.py:120} INFO - [2023-05-24T15:12:45.195+0000] {dag.py:3340} INFO - Setting next_dagrun for my-first-dag to 2023-05-24T00:00:00+00:00, run_after=2023-05-25T00:00:00+00:00
[2023-05-24T15:12:45.218+0000] {processor.py:176} INFO - Processing /opt/airflow/dags/example.py took 0.102 seconds
[2023-05-24T15:13:15.273+0000] {processor.py:154} INFO - Started process (PID=442) to work on /opt/airflow/dags/example.py
[2023-05-24T15:13:15.274+0000] {processor.py:756} INFO - Processing file /opt/airflow/dags/example.py for tasks to queue
[2023-05-24T15:13:15.275+0000] {logging_mixin.py:120} INFO - [2023-05-24T15:13:15.275+0000] {dagbag.py:537} INFO - Filling up the DagBag from /opt/airflow/dags/example.py
[2023-05-24T15:13:15.288+0000] {processor.py:766} INFO - DAG(s) dict_keys(['my-first-dag']) retrieved from /opt/airflow/dags/example.py
[2023-05-24T15:13:15.323+0000] {logging_mixin.py:120} INFO - [2023-05-24T15:13:15.323+0000] {dag.py:2585} INFO - Sync 1 DAGs
[2023-05-24T15:13:15.347+0000] {logging_mixin.py:120} INFO - [2023-05-24T15:13:15.347+0000] {dag.py:3340} INFO - Setting next_dagrun for my-first-dag to 2023-05-24T00:00:00+00:00, run_after=2023-05-25T00:00:00+00:00
[2023-05-24T15:13:15.367+0000] {processor.py:176} INFO - Processing /opt/airflow/dags/example.py took 0.096 seconds
[2023-05-24T15:13:45.487+0000] {processor.py:154} INFO - Started process (PID=470) to work on /opt/airflow/dags/example.py
[2023-05-24T15:13:45.488+0000] {processor.py:756} INFO - Processing file /opt/airflow/dags/example.py for tasks to queue
[2023-05-24T15:13:45.488+0000] {logging_mixin.py:120} INFO - [2023-05-24T15:13:45.488+0000] {dagbag.py:537} INFO - Filling up the DagBag from /opt/airflow/dags/example.py
[2023-05-24T15:13:45.501+0000] {processor.py:766} INFO - DAG(s) dict_keys(['my-first-dag']) retrieved from /opt/airflow/dags/example.py
[2023-05-24T15:13:45.533+0000] {logging_mixin.py:120} INFO - [2023-05-24T15:13:45.533+0000] {dag.py:2585} INFO - Sync 1 DAGs
[2023-05-24T15:13:45.558+0000] {logging_mixin.py:120} INFO - [2023-05-24T15:13:45.557+0000] {dag.py:3340} INFO - Setting next_dagrun for my-first-dag to 2023-05-24T00:00:00+00:00, run_after=2023-05-25T00:00:00+00:00
[2023-05-24T15:13:45.577+0000] {processor.py:176} INFO - Processing /opt/airflow/dags/example.py took 0.093 seconds
[2023-05-24T15:14:15.657+0000] {processor.py:154} INFO - Started process (PID=489) to work on /opt/airflow/dags/example.py
[2023-05-24T15:14:15.658+0000] {processor.py:756} INFO - Processing file /opt/airflow/dags/example.py for tasks to queue
[2023-05-24T15:14:15.658+0000] {logging_mixin.py:120} INFO - [2023-05-24T15:14:15.658+0000] {dagbag.py:537} INFO - Filling up the DagBag from /opt/airflow/dags/example.py
[2023-05-24T15:14:15.675+0000] {processor.py:766} INFO - DAG(s) dict_keys(['my-first-dag']) retrieved from /opt/airflow/dags/example.py
[2023-05-24T15:14:15.715+0000] {logging_mixin.py:120} INFO - [2023-05-24T15:14:15.715+0000] {dag.py:2585} INFO - Sync 1 DAGs
[2023-05-24T15:14:15.743+0000] {logging_mixin.py:120} INFO - [2023-05-24T15:14:15.742+0000] {dag.py:3340} INFO - Setting next_dagrun for my-first-dag to 2023-05-24T00:00:00+00:00, run_after=2023-05-25T00:00:00+00:00
[2023-05-24T15:14:15.762+0000] {processor.py:176} INFO - Processing /opt/airflow/dags/example.py took 0.108 seconds
[2023-05-24T15:14:45.840+0000] {processor.py:154} INFO - Started process (PID=517) to work on /opt/airflow/dags/example.py
[2023-05-24T15:14:45.841+0000] {processor.py:756} INFO - Processing file /opt/airflow/dags/example.py for tasks to queue
[2023-05-24T15:14:45.841+0000] {logging_mixin.py:120} INFO - [2023-05-24T15:14:45.841+0000] {dagbag.py:537} INFO - Filling up the DagBag from /opt/airflow/dags/example.py
[2023-05-24T15:14:45.853+0000] {processor.py:766} INFO - DAG(s) dict_keys(['my-first-dag']) retrieved from /opt/airflow/dags/example.py
[2023-05-24T15:14:45.885+0000] {logging_mixin.py:120} INFO - [2023-05-24T15:14:45.885+0000] {dag.py:2585} INFO - Sync 1 DAGs
[2023-05-24T15:14:45.911+0000] {logging_mixin.py:120} INFO - [2023-05-24T15:14:45.911+0000] {dag.py:3340} INFO - Setting next_dagrun for my-first-dag to 2023-05-24T00:00:00+00:00, run_after=2023-05-25T00:00:00+00:00
[2023-05-24T15:14:45.930+0000] {processor.py:176} INFO - Processing /opt/airflow/dags/example.py took 0.092 seconds
[2023-05-24T15:15:16.023+0000] {processor.py:154} INFO - Started process (PID=546) to work on /opt/airflow/dags/example.py
[2023-05-24T15:15:16.024+0000] {processor.py:756} INFO - Processing file /opt/airflow/dags/example.py for tasks to queue
[2023-05-24T15:15:16.025+0000] {logging_mixin.py:120} INFO - [2023-05-24T15:15:16.025+0000] {dagbag.py:537} INFO - Filling up the DagBag from /opt/airflow/dags/example.py
[2023-05-24T15:15:16.037+0000] {processor.py:766} INFO - DAG(s) dict_keys(['my-first-dag']) retrieved from /opt/airflow/dags/example.py
[2023-05-24T15:15:16.070+0000] {logging_mixin.py:120} INFO - [2023-05-24T15:15:16.070+0000] {dag.py:2585} INFO - Sync 1 DAGs
[2023-05-24T15:15:16.095+0000] {logging_mixin.py:120} INFO - [2023-05-24T15:15:16.095+0000] {dag.py:3340} INFO - Setting next_dagrun for my-first-dag to 2023-05-24T00:00:00+00:00, run_after=2023-05-25T00:00:00+00:00
[2023-05-24T15:15:16.114+0000] {processor.py:176} INFO - Processing /opt/airflow/dags/example.py took 0.093 seconds
[2023-05-24T15:15:46.196+0000] {processor.py:154} INFO - Started process (PID=565) to work on /opt/airflow/dags/example.py
[2023-05-24T15:15:46.197+0000] {processor.py:756} INFO - Processing file /opt/airflow/dags/example.py for tasks to queue
[2023-05-24T15:15:46.198+0000] {logging_mixin.py:120} INFO - [2023-05-24T15:15:46.198+0000] {dagbag.py:537} INFO - Filling up the DagBag from /opt/airflow/dags/example.py
[2023-05-24T15:15:46.210+0000] {processor.py:766} INFO - DAG(s) dict_keys(['my-first-dag']) retrieved from /opt/airflow/dags/example.py
[2023-05-24T15:15:46.243+0000] {logging_mixin.py:120} INFO - [2023-05-24T15:15:46.242+0000] {dag.py:2585} INFO - Sync 1 DAGs
[2023-05-24T15:15:46.266+0000] {logging_mixin.py:120} INFO - [2023-05-24T15:15:46.266+0000] {dag.py:3340} INFO - Setting next_dagrun for my-first-dag to 2023-05-24T00:00:00+00:00, run_after=2023-05-25T00:00:00+00:00
[2023-05-24T15:15:46.285+0000] {processor.py:176} INFO - Processing /opt/airflow/dags/example.py took 0.092 seconds
[2023-05-24T15:16:16.378+0000] {processor.py:154} INFO - Started process (PID=593) to work on /opt/airflow/dags/example.py
[2023-05-24T15:16:16.389+0000] {processor.py:756} INFO - Processing file /opt/airflow/dags/example.py for tasks to queue
[2023-05-24T15:16:16.389+0000] {logging_mixin.py:120} INFO - [2023-05-24T15:16:16.389+0000] {dagbag.py:537} INFO - Filling up the DagBag from /opt/airflow/dags/example.py
[2023-05-24T15:16:16.403+0000] {processor.py:766} INFO - DAG(s) dict_keys(['my-first-dag']) retrieved from /opt/airflow/dags/example.py
[2023-05-24T15:16:16.438+0000] {logging_mixin.py:120} INFO - [2023-05-24T15:16:16.438+0000] {dag.py:2585} INFO - Sync 1 DAGs
[2023-05-24T15:16:16.465+0000] {logging_mixin.py:120} INFO - [2023-05-24T15:16:16.464+0000] {dag.py:3340} INFO - Setting next_dagrun for my-first-dag to 2023-05-24T00:00:00+00:00, run_after=2023-05-25T00:00:00+00:00
[2023-05-24T15:16:16.491+0000] {processor.py:176} INFO - Processing /opt/airflow/dags/example.py took 0.115 seconds
[2023-05-24T15:16:46.556+0000] {processor.py:154} INFO - Started process (PID=621) to work on /opt/airflow/dags/example.py
[2023-05-24T15:16:46.557+0000] {processor.py:756} INFO - Processing file /opt/airflow/dags/example.py for tasks to queue
[2023-05-24T15:16:46.557+0000] {logging_mixin.py:120} INFO - [2023-05-24T15:16:46.557+0000] {dagbag.py:537} INFO - Filling up the DagBag from /opt/airflow/dags/example.py
[2023-05-24T15:16:46.570+0000] {processor.py:766} INFO - DAG(s) dict_keys(['my-first-dag']) retrieved from /opt/airflow/dags/example.py
[2023-05-24T15:16:46.605+0000] {logging_mixin.py:120} INFO - [2023-05-24T15:16:46.605+0000] {dag.py:2585} INFO - Sync 1 DAGs
[2023-05-24T15:16:46.631+0000] {logging_mixin.py:120} INFO - [2023-05-24T15:16:46.630+0000] {dag.py:3340} INFO - Setting next_dagrun for my-first-dag to 2023-05-24T00:00:00+00:00, run_after=2023-05-25T00:00:00+00:00
[2023-05-24T15:16:46.653+0000] {processor.py:176} INFO - Processing /opt/airflow/dags/example.py took 0.099 seconds
[2023-05-24T15:17:16.771+0000] {processor.py:154} INFO - Started process (PID=640) to work on /opt/airflow/dags/example.py
[2023-05-24T15:17:16.772+0000] {processor.py:756} INFO - Processing file /opt/airflow/dags/example.py for tasks to queue
[2023-05-24T15:17:16.772+0000] {logging_mixin.py:120} INFO - [2023-05-24T15:17:16.772+0000] {dagbag.py:537} INFO - Filling up the DagBag from /opt/airflow/dags/example.py
[2023-05-24T15:17:16.786+0000] {processor.py:766} INFO - DAG(s) dict_keys(['my-first-dag']) retrieved from /opt/airflow/dags/example.py
[2023-05-24T15:17:16.818+0000] {logging_mixin.py:120} INFO - [2023-05-24T15:17:16.818+0000] {dag.py:2585} INFO - Sync 1 DAGs
[2023-05-24T15:17:16.843+0000] {logging_mixin.py:120} INFO - [2023-05-24T15:17:16.843+0000] {dag.py:3340} INFO - Setting next_dagrun for my-first-dag to 2023-05-24T00:00:00+00:00, run_after=2023-05-25T00:00:00+00:00
[2023-05-24T15:17:16.864+0000] {processor.py:176} INFO - Processing /opt/airflow/dags/example.py took 0.095 seconds
[2023-05-24T15:17:46.924+0000] {processor.py:154} INFO - Started process (PID=668) to work on /opt/airflow/dags/example.py
[2023-05-24T15:17:46.924+0000] {processor.py:756} INFO - Processing file /opt/airflow/dags/example.py for tasks to queue
[2023-05-24T15:17:46.924+0000] {logging_mixin.py:120} INFO - [2023-05-24T15:17:46.924+0000] {dagbag.py:537} INFO - Filling up the DagBag from /opt/airflow/dags/example.py
[2023-05-24T15:17:46.937+0000] {processor.py:766} INFO - DAG(s) dict_keys(['my-first-dag']) retrieved from /opt/airflow/dags/example.py
[2023-05-24T15:17:46.972+0000] {logging_mixin.py:120} INFO - [2023-05-24T15:17:46.972+0000] {dag.py:2585} INFO - Sync 1 DAGs
[2023-05-24T15:17:46.996+0000] {logging_mixin.py:120} INFO - [2023-05-24T15:17:46.996+0000] {dag.py:3340} INFO - Setting next_dagrun for my-first-dag to 2023-05-24T00:00:00+00:00, run_after=2023-05-25T00:00:00+00:00
[2023-05-24T15:17:47.015+0000] {processor.py:176} INFO - Processing /opt/airflow/dags/example.py took 0.094 seconds
[2023-05-24T15:18:17.147+0000] {processor.py:154} INFO - Started process (PID=696) to work on /opt/airflow/dags/example.py
[2023-05-24T15:18:17.149+0000] {processor.py:756} INFO - Processing file /opt/airflow/dags/example.py for tasks to queue
[2023-05-24T15:18:17.149+0000] {logging_mixin.py:120} INFO - [2023-05-24T15:18:17.149+0000] {dagbag.py:537} INFO - Filling up the DagBag from /opt/airflow/dags/example.py
[2023-05-24T15:18:17.163+0000] {processor.py:766} INFO - DAG(s) dict_keys(['my-first-dag']) retrieved from /opt/airflow/dags/example.py
[2023-05-24T15:18:17.199+0000] {logging_mixin.py:120} INFO - [2023-05-24T15:18:17.199+0000] {dag.py:2585} INFO - Sync 1 DAGs
[2023-05-24T15:18:17.226+0000] {logging_mixin.py:120} INFO - [2023-05-24T15:18:17.226+0000] {dag.py:3340} INFO - Setting next_dagrun for my-first-dag to 2023-05-24T00:00:00+00:00, run_after=2023-05-25T00:00:00+00:00
[2023-05-24T15:18:17.246+0000] {processor.py:176} INFO - Processing /opt/airflow/dags/example.py took 0.101 seconds
[2023-05-24T15:18:47.307+0000] {processor.py:154} INFO - Started process (PID=715) to work on /opt/airflow/dags/example.py
[2023-05-24T15:18:47.307+0000] {processor.py:756} INFO - Processing file /opt/airflow/dags/example.py for tasks to queue
[2023-05-24T15:18:47.308+0000] {logging_mixin.py:120} INFO - [2023-05-24T15:18:47.308+0000] {dagbag.py:537} INFO - Filling up the DagBag from /opt/airflow/dags/example.py
[2023-05-24T15:18:47.322+0000] {processor.py:766} INFO - DAG(s) dict_keys(['my-first-dag']) retrieved from /opt/airflow/dags/example.py
[2023-05-24T15:18:47.354+0000] {logging_mixin.py:120} INFO - [2023-05-24T15:18:47.354+0000] {dag.py:2585} INFO - Sync 1 DAGs
[2023-05-24T15:18:47.378+0000] {logging_mixin.py:120} INFO - [2023-05-24T15:18:47.378+0000] {dag.py:3340} INFO - Setting next_dagrun for my-first-dag to 2023-05-24T00:00:00+00:00, run_after=2023-05-25T00:00:00+00:00
[2023-05-24T15:18:47.398+0000] {processor.py:176} INFO - Processing /opt/airflow/dags/example.py took 0.093 seconds
[2023-05-24T15:19:17.528+0000] {processor.py:154} INFO - Started process (PID=743) to work on /opt/airflow/dags/example.py
[2023-05-24T15:19:17.529+0000] {processor.py:756} INFO - Processing file /opt/airflow/dags/example.py for tasks to queue
[2023-05-24T15:19:17.530+0000] {logging_mixin.py:120} INFO - [2023-05-24T15:19:17.530+0000] {dagbag.py:537} INFO - Filling up the DagBag from /opt/airflow/dags/example.py
[2023-05-24T15:19:17.543+0000] {processor.py:766} INFO - DAG(s) dict_keys(['my-first-dag']) retrieved from /opt/airflow/dags/example.py
[2023-05-24T15:19:17.578+0000] {logging_mixin.py:120} INFO - [2023-05-24T15:19:17.578+0000] {dag.py:2585} INFO - Sync 1 DAGs
[2023-05-24T15:19:17.604+0000] {logging_mixin.py:120} INFO - [2023-05-24T15:19:17.604+0000] {dag.py:3340} INFO - Setting next_dagrun for my-first-dag to 2023-05-24T00:00:00+00:00, run_after=2023-05-25T00:00:00+00:00
[2023-05-24T15:19:17.627+0000] {processor.py:176} INFO - Processing /opt/airflow/dags/example.py took 0.101 seconds
[2023-05-24T15:19:47.686+0000] {processor.py:154} INFO - Started process (PID=771) to work on /opt/airflow/dags/example.py
[2023-05-24T15:19:47.687+0000] {processor.py:756} INFO - Processing file /opt/airflow/dags/example.py for tasks to queue
[2023-05-24T15:19:47.687+0000] {logging_mixin.py:120} INFO - [2023-05-24T15:19:47.687+0000] {dagbag.py:537} INFO - Filling up the DagBag from /opt/airflow/dags/example.py
[2023-05-24T15:19:47.701+0000] {processor.py:766} INFO - DAG(s) dict_keys(['my-first-dag']) retrieved from /opt/airflow/dags/example.py
[2023-05-24T15:19:47.735+0000] {logging_mixin.py:120} INFO - [2023-05-24T15:19:47.735+0000] {dag.py:2585} INFO - Sync 1 DAGs
[2023-05-24T15:19:47.761+0000] {logging_mixin.py:120} INFO - [2023-05-24T15:19:47.761+0000] {dag.py:3340} INFO - Setting next_dagrun for my-first-dag to 2023-05-24T00:00:00+00:00, run_after=2023-05-25T00:00:00+00:00
[2023-05-24T15:19:47.785+0000] {processor.py:176} INFO - Processing /opt/airflow/dags/example.py took 0.101 seconds
[2023-05-24T15:20:17.908+0000] {processor.py:154} INFO - Started process (PID=790) to work on /opt/airflow/dags/example.py
[2023-05-24T15:20:17.910+0000] {processor.py:756} INFO - Processing file /opt/airflow/dags/example.py for tasks to queue
[2023-05-24T15:20:17.910+0000] {logging_mixin.py:120} INFO - [2023-05-24T15:20:17.910+0000] {dagbag.py:537} INFO - Filling up the DagBag from /opt/airflow/dags/example.py
[2023-05-24T15:20:17.923+0000] {processor.py:766} INFO - DAG(s) dict_keys(['my-first-dag']) retrieved from /opt/airflow/dags/example.py
[2023-05-24T15:20:17.958+0000] {logging_mixin.py:120} INFO - [2023-05-24T15:20:17.958+0000] {dag.py:2585} INFO - Sync 1 DAGs
[2023-05-24T15:20:17.984+0000] {logging_mixin.py:120} INFO - [2023-05-24T15:20:17.984+0000] {dag.py:3340} INFO - Setting next_dagrun for my-first-dag to 2023-05-24T00:00:00+00:00, run_after=2023-05-25T00:00:00+00:00
[2023-05-24T15:20:18.006+0000] {processor.py:176} INFO - Processing /opt/airflow/dags/example.py took 0.100 seconds
[2023-05-24T15:20:48.072+0000] {processor.py:154} INFO - Started process (PID=818) to work on /opt/airflow/dags/example.py
[2023-05-24T15:20:48.072+0000] {processor.py:756} INFO - Processing file /opt/airflow/dags/example.py for tasks to queue
[2023-05-24T15:20:48.072+0000] {logging_mixin.py:120} INFO - [2023-05-24T15:20:48.072+0000] {dagbag.py:537} INFO - Filling up the DagBag from /opt/airflow/dags/example.py
[2023-05-24T15:20:48.085+0000] {processor.py:766} INFO - DAG(s) dict_keys(['my-first-dag']) retrieved from /opt/airflow/dags/example.py
[2023-05-24T15:20:48.116+0000] {logging_mixin.py:120} INFO - [2023-05-24T15:20:48.115+0000] {dag.py:2585} INFO - Sync 1 DAGs
[2023-05-24T15:20:48.140+0000] {logging_mixin.py:120} INFO - [2023-05-24T15:20:48.140+0000] {dag.py:3340} INFO - Setting next_dagrun for my-first-dag to 2023-05-24T00:00:00+00:00, run_after=2023-05-25T00:00:00+00:00
[2023-05-24T15:20:48.161+0000] {processor.py:176} INFO - Processing /opt/airflow/dags/example.py took 0.091 seconds
[2023-05-24T15:21:18.277+0000] {processor.py:154} INFO - Started process (PID=847) to work on /opt/airflow/dags/example.py
[2023-05-24T15:21:18.278+0000] {processor.py:756} INFO - Processing file /opt/airflow/dags/example.py for tasks to queue
[2023-05-24T15:21:18.279+0000] {logging_mixin.py:120} INFO - [2023-05-24T15:21:18.279+0000] {dagbag.py:537} INFO - Filling up the DagBag from /opt/airflow/dags/example.py
[2023-05-24T15:21:18.291+0000] {processor.py:766} INFO - DAG(s) dict_keys(['my-first-dag']) retrieved from /opt/airflow/dags/example.py
[2023-05-24T15:21:18.325+0000] {logging_mixin.py:120} INFO - [2023-05-24T15:21:18.325+0000] {dag.py:2585} INFO - Sync 1 DAGs
[2023-05-24T15:21:18.351+0000] {logging_mixin.py:120} INFO - [2023-05-24T15:21:18.351+0000] {dag.py:3340} INFO - Setting next_dagrun for my-first-dag to 2023-05-24T00:00:00+00:00, run_after=2023-05-25T00:00:00+00:00
[2023-05-24T15:21:18.375+0000] {processor.py:176} INFO - Processing /opt/airflow/dags/example.py took 0.100 seconds
[2023-05-24T15:21:48.435+0000] {processor.py:154} INFO - Started process (PID=866) to work on /opt/airflow/dags/example.py
[2023-05-24T15:21:48.436+0000] {processor.py:756} INFO - Processing file /opt/airflow/dags/example.py for tasks to queue
[2023-05-24T15:21:48.436+0000] {logging_mixin.py:120} INFO - [2023-05-24T15:21:48.436+0000] {dagbag.py:537} INFO - Filling up the DagBag from /opt/airflow/dags/example.py
[2023-05-24T15:21:48.449+0000] {processor.py:766} INFO - DAG(s) dict_keys(['my-first-dag']) retrieved from /opt/airflow/dags/example.py
[2023-05-24T15:21:48.484+0000] {logging_mixin.py:120} INFO - [2023-05-24T15:21:48.484+0000] {dag.py:2585} INFO - Sync 1 DAGs
[2023-05-24T15:21:48.508+0000] {logging_mixin.py:120} INFO - [2023-05-24T15:21:48.508+0000] {dag.py:3340} INFO - Setting next_dagrun for my-first-dag to 2023-05-24T00:00:00+00:00, run_after=2023-05-25T00:00:00+00:00
[2023-05-24T15:21:48.528+0000] {processor.py:176} INFO - Processing /opt/airflow/dags/example.py took 0.095 seconds
[2023-05-24T15:22:18.653+0000] {processor.py:154} INFO - Started process (PID=894) to work on /opt/airflow/dags/example.py
[2023-05-24T15:22:18.654+0000] {processor.py:756} INFO - Processing file /opt/airflow/dags/example.py for tasks to queue
[2023-05-24T15:22:18.655+0000] {logging_mixin.py:120} INFO - [2023-05-24T15:22:18.655+0000] {dagbag.py:537} INFO - Filling up the DagBag from /opt/airflow/dags/example.py
[2023-05-24T15:22:18.668+0000] {processor.py:766} INFO - DAG(s) dict_keys(['my-first-dag']) retrieved from /opt/airflow/dags/example.py
[2023-05-24T15:22:18.702+0000] {logging_mixin.py:120} INFO - [2023-05-24T15:22:18.702+0000] {dag.py:2585} INFO - Sync 1 DAGs
[2023-05-24T15:22:18.726+0000] {logging_mixin.py:120} INFO - [2023-05-24T15:22:18.726+0000] {dag.py:3340} INFO - Setting next_dagrun for my-first-dag to 2023-05-24T00:00:00+00:00, run_after=2023-05-25T00:00:00+00:00
[2023-05-24T15:22:18.745+0000] {processor.py:176} INFO - Processing /opt/airflow/dags/example.py took 0.095 seconds
[2023-05-24T15:22:48.816+0000] {processor.py:154} INFO - Started process (PID=922) to work on /opt/airflow/dags/example.py
[2023-05-24T15:22:48.817+0000] {processor.py:756} INFO - Processing file /opt/airflow/dags/example.py for tasks to queue
[2023-05-24T15:22:48.817+0000] {logging_mixin.py:120} INFO - [2023-05-24T15:22:48.817+0000] {dagbag.py:537} INFO - Filling up the DagBag from /opt/airflow/dags/example.py
[2023-05-24T15:22:48.829+0000] {processor.py:766} INFO - DAG(s) dict_keys(['my-first-dag']) retrieved from /opt/airflow/dags/example.py
[2023-05-24T15:22:48.862+0000] {logging_mixin.py:120} INFO - [2023-05-24T15:22:48.862+0000] {dag.py:2585} INFO - Sync 1 DAGs
[2023-05-24T15:22:48.888+0000] {logging_mixin.py:120} INFO - [2023-05-24T15:22:48.888+0000] {dag.py:3340} INFO - Setting next_dagrun for my-first-dag to 2023-05-24T00:00:00+00:00, run_after=2023-05-25T00:00:00+00:00
[2023-05-24T15:22:48.906+0000] {processor.py:176} INFO - Processing /opt/airflow/dags/example.py took 0.092 seconds
[2023-05-24T15:23:19.020+0000] {processor.py:154} INFO - Started process (PID=941) to work on /opt/airflow/dags/example.py
[2023-05-24T15:23:19.021+0000] {processor.py:756} INFO - Processing file /opt/airflow/dags/example.py for tasks to queue
[2023-05-24T15:23:19.021+0000] {logging_mixin.py:120} INFO - [2023-05-24T15:23:19.021+0000] {dagbag.py:537} INFO - Filling up the DagBag from /opt/airflow/dags/example.py
[2023-05-24T15:23:19.035+0000] {processor.py:766} INFO - DAG(s) dict_keys(['my-first-dag']) retrieved from /opt/airflow/dags/example.py
[2023-05-24T15:23:19.067+0000] {logging_mixin.py:120} INFO - [2023-05-24T15:23:19.067+0000] {dag.py:2585} INFO - Sync 1 DAGs
[2023-05-24T15:23:19.093+0000] {logging_mixin.py:120} INFO - [2023-05-24T15:23:19.092+0000] {dag.py:3340} INFO - Setting next_dagrun for my-first-dag to 2023-05-24T00:00:00+00:00, run_after=2023-05-25T00:00:00+00:00
[2023-05-24T15:23:19.116+0000] {processor.py:176} INFO - Processing /opt/airflow/dags/example.py took 0.099 seconds
[2023-05-24T15:23:49.174+0000] {processor.py:154} INFO - Started process (PID=969) to work on /opt/airflow/dags/example.py
[2023-05-24T15:23:49.175+0000] {processor.py:756} INFO - Processing file /opt/airflow/dags/example.py for tasks to queue
[2023-05-24T15:23:49.175+0000] {logging_mixin.py:120} INFO - [2023-05-24T15:23:49.175+0000] {dagbag.py:537} INFO - Filling up the DagBag from /opt/airflow/dags/example.py
[2023-05-24T15:23:49.188+0000] {processor.py:766} INFO - DAG(s) dict_keys(['my-first-dag']) retrieved from /opt/airflow/dags/example.py
[2023-05-24T15:23:49.220+0000] {logging_mixin.py:120} INFO - [2023-05-24T15:23:49.220+0000] {dag.py:2585} INFO - Sync 1 DAGs
[2023-05-24T15:23:49.246+0000] {logging_mixin.py:120} INFO - [2023-05-24T15:23:49.246+0000] {dag.py:3340} INFO - Setting next_dagrun for my-first-dag to 2023-05-24T00:00:00+00:00, run_after=2023-05-25T00:00:00+00:00
[2023-05-24T15:23:49.268+0000] {processor.py:176} INFO - Processing /opt/airflow/dags/example.py took 0.096 seconds
[2023-05-24T15:24:19.393+0000] {processor.py:154} INFO - Started process (PID=997) to work on /opt/airflow/dags/example.py
[2023-05-24T15:24:19.394+0000] {processor.py:756} INFO - Processing file /opt/airflow/dags/example.py for tasks to queue
[2023-05-24T15:24:19.395+0000] {logging_mixin.py:120} INFO - [2023-05-24T15:24:19.395+0000] {dagbag.py:537} INFO - Filling up the DagBag from /opt/airflow/dags/example.py
[2023-05-24T15:24:19.407+0000] {processor.py:766} INFO - DAG(s) dict_keys(['my-first-dag']) retrieved from /opt/airflow/dags/example.py
[2023-05-24T15:24:19.444+0000] {logging_mixin.py:120} INFO - [2023-05-24T15:24:19.444+0000] {dag.py:2585} INFO - Sync 1 DAGs
[2023-05-24T15:24:19.468+0000] {logging_mixin.py:120} INFO - [2023-05-24T15:24:19.468+0000] {dag.py:3340} INFO - Setting next_dagrun for my-first-dag to 2023-05-24T00:00:00+00:00, run_after=2023-05-25T00:00:00+00:00
[2023-05-24T15:24:19.490+0000] {processor.py:176} INFO - Processing /opt/airflow/dags/example.py took 0.099 seconds
[2023-05-24T15:24:49.550+0000] {processor.py:154} INFO - Started process (PID=1016) to work on /opt/airflow/dags/example.py
[2023-05-24T15:24:49.551+0000] {processor.py:756} INFO - Processing file /opt/airflow/dags/example.py for tasks to queue
[2023-05-24T15:24:49.551+0000] {logging_mixin.py:120} INFO - [2023-05-24T15:24:49.551+0000] {dagbag.py:537} INFO - Filling up the DagBag from /opt/airflow/dags/example.py
[2023-05-24T15:24:49.566+0000] {processor.py:766} INFO - DAG(s) dict_keys(['my-first-dag']) retrieved from /opt/airflow/dags/example.py
[2023-05-24T15:24:49.614+0000] {logging_mixin.py:120} INFO - [2023-05-24T15:24:49.614+0000] {dag.py:2585} INFO - Sync 1 DAGs
[2023-05-24T15:24:49.654+0000] {logging_mixin.py:120} INFO - [2023-05-24T15:24:49.654+0000] {dag.py:3340} INFO - Setting next_dagrun for my-first-dag to 2023-05-24T00:00:00+00:00, run_after=2023-05-25T00:00:00+00:00
[2023-05-24T15:24:49.683+0000] {processor.py:176} INFO - Processing /opt/airflow/dags/example.py took 0.135 seconds
[2023-05-24T15:25:19.765+0000] {processor.py:154} INFO - Started process (PID=1044) to work on /opt/airflow/dags/example.py
[2023-05-24T15:25:19.766+0000] {processor.py:756} INFO - Processing file /opt/airflow/dags/example.py for tasks to queue
[2023-05-24T15:25:19.767+0000] {logging_mixin.py:120} INFO - [2023-05-24T15:25:19.767+0000] {dagbag.py:537} INFO - Filling up the DagBag from /opt/airflow/dags/example.py
[2023-05-24T15:25:19.779+0000] {processor.py:766} INFO - DAG(s) dict_keys(['my-first-dag']) retrieved from /opt/airflow/dags/example.py
[2023-05-24T15:25:19.817+0000] {logging_mixin.py:120} INFO - [2023-05-24T15:25:19.816+0000] {dag.py:2585} INFO - Sync 1 DAGs
[2023-05-24T15:25:19.840+0000] {logging_mixin.py:120} INFO - [2023-05-24T15:25:19.840+0000] {dag.py:3340} INFO - Setting next_dagrun for my-first-dag to 2023-05-24T00:00:00+00:00, run_after=2023-05-25T00:00:00+00:00
[2023-05-24T15:25:19.860+0000] {processor.py:176} INFO - Processing /opt/airflow/dags/example.py took 0.098 seconds
