[2023-06-05T20:32:40.069+0000] {taskinstance.py:1165} INFO - Dependencies all met for <TaskInstance: process_weather_people_postgres.hello_world scheduled__2023-06-04T00:00:00+00:00 [queued]>
[2023-06-05T20:32:40.085+0000] {taskinstance.py:1165} INFO - Dependencies all met for <TaskInstance: process_weather_people_postgres.hello_world scheduled__2023-06-04T00:00:00+00:00 [queued]>
[2023-06-05T20:32:40.086+0000] {taskinstance.py:1362} INFO - 
--------------------------------------------------------------------------------
[2023-06-05T20:32:40.086+0000] {taskinstance.py:1363} INFO - Starting attempt 1 of 4
[2023-06-05T20:32:40.086+0000] {taskinstance.py:1364} INFO - 
--------------------------------------------------------------------------------
[2023-06-05T20:32:40.117+0000] {taskinstance.py:1383} INFO - Executing <Task(PythonOperator): hello_world> on 2023-06-04 00:00:00+00:00
[2023-06-05T20:32:40.205+0000] {standard_task_runner.py:55} INFO - Started process 3380 to run task
[2023-06-05T20:32:40.209+0000] {standard_task_runner.py:82} INFO - Running: ['***', 'tasks', 'run', 'process_weather_people_postgres', 'hello_world', 'scheduled__2023-06-04T00:00:00+00:00', '--job-id', '69', '--raw', '--subdir', 'DAGS_FOLDER/process_weather_people_postgres/process_weather_people_postgres.py', '--cfg-path', '/tmp/tmp6tqy4xu7']
[2023-06-05T20:32:40.210+0000] {standard_task_runner.py:83} INFO - Job 69: Subtask hello_world
[2023-06-05T20:32:40.342+0000] {task_command.py:376} INFO - Running <TaskInstance: process_weather_people_postgres.hello_world scheduled__2023-06-04T00:00:00+00:00 [running]> on host 1160da0dacdb
[2023-06-05T20:32:40.447+0000] {taskinstance.py:1592} INFO - Exporting the following env vars:
AIRFLOW_CTX_DAG_OWNER=data_eng
AIRFLOW_CTX_DAG_ID=process_weather_people_postgres
AIRFLOW_CTX_TASK_ID=hello_world
AIRFLOW_CTX_EXECUTION_DATE=2023-06-04T00:00:00+00:00
AIRFLOW_CTX_TRY_NUMBER=1
AIRFLOW_CTX_DAG_RUN_ID=scheduled__2023-06-04T00:00:00+00:00
[2023-06-05T20:32:40.450+0000] {logging_mixin.py:120} INFO - Hello world your_name !
[2023-06-05T20:32:40.451+0000] {python.py:177} INFO - Done. Returned value was: None
[2023-06-05T20:32:40.474+0000] {taskinstance.py:1406} INFO - Marking task as SUCCESS. dag_id=process_weather_people_postgres, task_id=hello_world, execution_date=20230604T000000, start_date=20230605T203240, end_date=20230605T203240
[2023-06-05T20:32:40.545+0000] {local_task_job.py:164} INFO - Task exited with return code 0
[2023-06-05T20:32:40.568+0000] {local_task_job.py:273} INFO - 0 downstream tasks scheduled from follow-on schedule check
