[2023-06-01T16:22:24.637+0000] {taskinstance.py:1165} INFO - Dependencies all met for <TaskInstance: my-first-dag.transform scheduled__2023-05-30T00:00:00+00:00 [queued]>
[2023-06-01T16:22:24.656+0000] {taskinstance.py:1165} INFO - Dependencies all met for <TaskInstance: my-first-dag.transform scheduled__2023-05-30T00:00:00+00:00 [queued]>
[2023-06-01T16:22:24.656+0000] {taskinstance.py:1362} INFO - 
--------------------------------------------------------------------------------
[2023-06-01T16:22:24.656+0000] {taskinstance.py:1363} INFO - Starting attempt 1 of 1
[2023-06-01T16:22:24.656+0000] {taskinstance.py:1364} INFO - 
--------------------------------------------------------------------------------
[2023-06-01T16:22:24.675+0000] {taskinstance.py:1383} INFO - Executing <Task(BashOperator): transform> on 2023-05-30 00:00:00+00:00
[2023-06-01T16:22:24.684+0000] {standard_task_runner.py:55} INFO - Started process 76 to run task
[2023-06-01T16:22:24.688+0000] {taskinstance.py:1159} INFO - Dependencies not met for <TaskInstance: my-first-dag.transform scheduled__2023-05-30T00:00:00+00:00 [running]>, dependency 'Task Instance State' FAILED: Task is in the 'running' state.
[2023-06-01T16:22:24.695+0000] {taskinstance.py:1159} INFO - Dependencies not met for <TaskInstance: my-first-dag.transform scheduled__2023-05-30T00:00:00+00:00 [running]>, dependency 'Task Instance Not Running' FAILED: Task is in the running state
[2023-06-01T16:22:24.698+0000] {local_task_job.py:103} INFO - Task is not able to be run
[2023-06-01T16:22:24.702+0000] {standard_task_runner.py:82} INFO - Running: ['***', 'tasks', 'run', 'my-first-dag', 'transform', 'scheduled__2023-05-30T00:00:00+00:00', '--job-id', '57', '--raw', '--subdir', 'DAGS_FOLDER/example.py', '--cfg-path', '/tmp/tmpp3ohb2la']
[2023-06-01T16:22:24.703+0000] {standard_task_runner.py:83} INFO - Job 57: Subtask transform
[2023-06-01T16:22:24.825+0000] {task_command.py:376} INFO - Running <TaskInstance: my-first-dag.transform scheduled__2023-05-30T00:00:00+00:00 [running]> on host beebd426f3c1
[2023-06-01T16:22:24.914+0000] {taskinstance.py:1592} INFO - Exporting the following env vars:
AIRFLOW_CTX_DAG_OWNER=***
AIRFLOW_CTX_DAG_ID=my-first-dag
AIRFLOW_CTX_TASK_ID=transform
AIRFLOW_CTX_EXECUTION_DATE=2023-05-30T00:00:00+00:00
AIRFLOW_CTX_TRY_NUMBER=1
AIRFLOW_CTX_DAG_RUN_ID=scheduled__2023-05-30T00:00:00+00:00
[2023-06-01T16:22:24.915+0000] {subprocess.py:63} INFO - Tmp dir root location: 
 /tmp
[2023-06-01T16:22:24.916+0000] {subprocess.py:75} INFO - Running command: ['/bin/bash', '-c', 'sleep 5']
[2023-06-01T16:22:24.933+0000] {subprocess.py:86} INFO - Output:
[2023-06-01T16:22:29.948+0000] {subprocess.py:97} INFO - Command exited with return code 0
[2023-06-01T16:22:29.975+0000] {taskinstance.py:1406} INFO - Marking task as SUCCESS. dag_id=my-first-dag, task_id=transform, execution_date=20230530T000000, start_date=20230601T162224, end_date=20230601T162229
[2023-06-01T16:22:30.013+0000] {local_task_job.py:164} INFO - Task exited with return code 0
[2023-06-01T16:22:30.036+0000] {local_task_job.py:273} INFO - 1 downstream tasks scheduled from follow-on schedule check
