[2023-05-22T19:24:06.484+0000] {taskinstance.py:1165} INFO - Dependencies all met for <TaskInstance: my-first-dag.transform scheduled__2023-05-18T00:00:00+00:00 [queued]>
[2023-05-22T19:24:06.502+0000] {taskinstance.py:1165} INFO - Dependencies all met for <TaskInstance: my-first-dag.transform scheduled__2023-05-18T00:00:00+00:00 [queued]>
[2023-05-22T19:24:06.502+0000] {taskinstance.py:1362} INFO - 
--------------------------------------------------------------------------------
[2023-05-22T19:24:06.502+0000] {taskinstance.py:1363} INFO - Starting attempt 1 of 1
[2023-05-22T19:24:06.502+0000] {taskinstance.py:1364} INFO - 
--------------------------------------------------------------------------------
[2023-05-22T19:24:06.525+0000] {taskinstance.py:1383} INFO - Executing <Task(BashOperator): transform> on 2023-05-18 00:00:00+00:00
[2023-05-22T19:24:06.535+0000] {standard_task_runner.py:55} INFO - Started process 74 to run task
[2023-05-22T19:24:06.538+0000] {standard_task_runner.py:82} INFO - Running: ['***', 'tasks', 'run', 'my-first-dag', 'transform', 'scheduled__2023-05-18T00:00:00+00:00', '--job-id', '27', '--raw', '--subdir', 'DAGS_FOLDER/example.py', '--cfg-path', '/tmp/tmpmwvmiscq']
[2023-05-22T19:24:06.539+0000] {standard_task_runner.py:83} INFO - Job 27: Subtask transform
[2023-05-22T19:24:06.701+0000] {task_command.py:376} INFO - Running <TaskInstance: my-first-dag.transform scheduled__2023-05-18T00:00:00+00:00 [running]> on host beebd426f3c1
[2023-05-22T19:24:06.882+0000] {taskinstance.py:1592} INFO - Exporting the following env vars:
AIRFLOW_CTX_DAG_OWNER=***
AIRFLOW_CTX_DAG_ID=my-first-dag
AIRFLOW_CTX_TASK_ID=transform
AIRFLOW_CTX_EXECUTION_DATE=2023-05-18T00:00:00+00:00
AIRFLOW_CTX_TRY_NUMBER=1
AIRFLOW_CTX_DAG_RUN_ID=scheduled__2023-05-18T00:00:00+00:00
[2023-05-22T19:24:06.884+0000] {subprocess.py:63} INFO - Tmp dir root location: 
 /tmp
[2023-05-22T19:24:06.885+0000] {subprocess.py:75} INFO - Running command: ['/bin/bash', '-c', 'sleep 5']
[2023-05-22T19:24:06.906+0000] {subprocess.py:86} INFO - Output:
[2023-05-22T19:24:11.911+0000] {subprocess.py:97} INFO - Command exited with return code 0
[2023-05-22T19:24:12.017+0000] {taskinstance.py:1406} INFO - Marking task as SUCCESS. dag_id=my-first-dag, task_id=transform, execution_date=20230518T000000, start_date=20230522T192406, end_date=20230522T192412
[2023-05-22T19:24:12.065+0000] {local_task_job.py:164} INFO - Task exited with return code 0
[2023-05-22T19:24:12.190+0000] {local_task_job.py:273} INFO - 1 downstream tasks scheduled from follow-on schedule check
