[2023-05-23T13:22:58.657+0000] {processor.py:154} INFO - Started process (PID=52) to work on /opt/airflow/dags/example.py
[2023-05-23T13:22:58.658+0000] {processor.py:756} INFO - Processing file /opt/airflow/dags/example.py for tasks to queue
[2023-05-23T13:22:58.659+0000] {logging_mixin.py:120} INFO - [2023-05-23T13:22:58.658+0000] {dagbag.py:537} INFO - Filling up the DagBag from /opt/airflow/dags/example.py
[2023-05-23T13:22:58.716+0000] {processor.py:766} INFO - DAG(s) dict_keys(['my-first-dag']) retrieved from /opt/airflow/dags/example.py
[2023-05-23T13:22:58.803+0000] {logging_mixin.py:120} INFO - [2023-05-23T13:22:58.802+0000] {dag.py:2585} INFO - Sync 1 DAGs
[2023-05-23T13:22:58.860+0000] {logging_mixin.py:120} INFO - [2023-05-23T13:22:58.860+0000] {dag.py:3340} INFO - Setting next_dagrun for my-first-dag to 2023-05-23T00:00:00+00:00, run_after=2023-05-24T00:00:00+00:00
[2023-05-23T13:22:58.906+0000] {processor.py:176} INFO - Processing /opt/airflow/dags/example.py took 0.254 seconds
[2023-05-23T13:23:29.048+0000] {processor.py:154} INFO - Started process (PID=73) to work on /opt/airflow/dags/example.py
[2023-05-23T13:23:29.049+0000] {processor.py:756} INFO - Processing file /opt/airflow/dags/example.py for tasks to queue
[2023-05-23T13:23:29.050+0000] {logging_mixin.py:120} INFO - [2023-05-23T13:23:29.049+0000] {dagbag.py:537} INFO - Filling up the DagBag from /opt/airflow/dags/example.py
[2023-05-23T13:23:29.065+0000] {processor.py:766} INFO - DAG(s) dict_keys(['my-first-dag']) retrieved from /opt/airflow/dags/example.py
[2023-05-23T13:23:29.104+0000] {logging_mixin.py:120} INFO - [2023-05-23T13:23:29.104+0000] {dag.py:2585} INFO - Sync 1 DAGs
[2023-05-23T13:23:29.135+0000] {logging_mixin.py:120} INFO - [2023-05-23T13:23:29.135+0000] {dag.py:3340} INFO - Setting next_dagrun for my-first-dag to 2023-05-23T00:00:00+00:00, run_after=2023-05-24T00:00:00+00:00
[2023-05-23T13:23:29.173+0000] {processor.py:176} INFO - Processing /opt/airflow/dags/example.py took 0.127 seconds
[2023-05-23T13:23:59.232+0000] {processor.py:154} INFO - Started process (PID=101) to work on /opt/airflow/dags/example.py
[2023-05-23T13:23:59.233+0000] {processor.py:756} INFO - Processing file /opt/airflow/dags/example.py for tasks to queue
[2023-05-23T13:23:59.233+0000] {logging_mixin.py:120} INFO - [2023-05-23T13:23:59.233+0000] {dagbag.py:537} INFO - Filling up the DagBag from /opt/airflow/dags/example.py
[2023-05-23T13:23:59.264+0000] {processor.py:766} INFO - DAG(s) dict_keys(['my-first-dag']) retrieved from /opt/airflow/dags/example.py
[2023-05-23T13:23:59.312+0000] {logging_mixin.py:120} INFO - [2023-05-23T13:23:59.312+0000] {dag.py:2585} INFO - Sync 1 DAGs
[2023-05-23T13:23:59.356+0000] {logging_mixin.py:120} INFO - [2023-05-23T13:23:59.356+0000] {dag.py:3340} INFO - Setting next_dagrun for my-first-dag to 2023-05-23T00:00:00+00:00, run_after=2023-05-24T00:00:00+00:00
[2023-05-23T13:23:59.381+0000] {processor.py:176} INFO - Processing /opt/airflow/dags/example.py took 0.152 seconds
[2023-05-23T13:24:29.637+0000] {processor.py:154} INFO - Started process (PID=120) to work on /opt/airflow/dags/example.py
[2023-05-23T13:24:29.638+0000] {processor.py:756} INFO - Processing file /opt/airflow/dags/example.py for tasks to queue
[2023-05-23T13:24:29.639+0000] {logging_mixin.py:120} INFO - [2023-05-23T13:24:29.639+0000] {dagbag.py:537} INFO - Filling up the DagBag from /opt/airflow/dags/example.py
[2023-05-23T13:24:29.659+0000] {processor.py:766} INFO - DAG(s) dict_keys(['my-first-dag']) retrieved from /opt/airflow/dags/example.py
[2023-05-23T13:24:29.768+0000] {logging_mixin.py:120} INFO - [2023-05-23T13:24:29.768+0000] {dag.py:2585} INFO - Sync 1 DAGs
[2023-05-23T13:24:29.799+0000] {logging_mixin.py:120} INFO - [2023-05-23T13:24:29.799+0000] {dag.py:3340} INFO - Setting next_dagrun for my-first-dag to 2023-05-23T00:00:00+00:00, run_after=2023-05-24T00:00:00+00:00
[2023-05-23T13:24:29.824+0000] {processor.py:176} INFO - Processing /opt/airflow/dags/example.py took 0.190 seconds
[2023-05-23T13:24:59.949+0000] {processor.py:154} INFO - Started process (PID=150) to work on /opt/airflow/dags/example.py
[2023-05-23T13:24:59.950+0000] {processor.py:756} INFO - Processing file /opt/airflow/dags/example.py for tasks to queue
[2023-05-23T13:24:59.951+0000] {logging_mixin.py:120} INFO - [2023-05-23T13:24:59.951+0000] {dagbag.py:537} INFO - Filling up the DagBag from /opt/airflow/dags/example.py
[2023-05-23T13:24:59.974+0000] {processor.py:766} INFO - DAG(s) dict_keys(['my-first-dag']) retrieved from /opt/airflow/dags/example.py
[2023-05-23T13:25:00.034+0000] {logging_mixin.py:120} INFO - [2023-05-23T13:25:00.033+0000] {dag.py:2585} INFO - Sync 1 DAGs
[2023-05-23T13:25:00.090+0000] {logging_mixin.py:120} INFO - [2023-05-23T13:25:00.090+0000] {dag.py:3340} INFO - Setting next_dagrun for my-first-dag to 2023-05-23T00:00:00+00:00, run_after=2023-05-24T00:00:00+00:00
[2023-05-23T13:25:00.119+0000] {processor.py:176} INFO - Processing /opt/airflow/dags/example.py took 0.173 seconds
[2023-05-23T13:25:30.267+0000] {processor.py:154} INFO - Started process (PID=169) to work on /opt/airflow/dags/example.py
[2023-05-23T13:25:30.276+0000] {processor.py:756} INFO - Processing file /opt/airflow/dags/example.py for tasks to queue
[2023-05-23T13:25:30.279+0000] {logging_mixin.py:120} INFO - [2023-05-23T13:25:30.279+0000] {dagbag.py:537} INFO - Filling up the DagBag from /opt/airflow/dags/example.py
[2023-05-23T13:25:30.329+0000] {processor.py:766} INFO - DAG(s) dict_keys(['my-first-dag']) retrieved from /opt/airflow/dags/example.py
[2023-05-23T13:25:30.464+0000] {logging_mixin.py:120} INFO - [2023-05-23T13:25:30.463+0000] {dag.py:2585} INFO - Sync 1 DAGs
[2023-05-23T13:25:30.535+0000] {logging_mixin.py:120} INFO - [2023-05-23T13:25:30.534+0000] {dag.py:3340} INFO - Setting next_dagrun for my-first-dag to 2023-05-23T00:00:00+00:00, run_after=2023-05-24T00:00:00+00:00
[2023-05-23T13:25:30.573+0000] {processor.py:176} INFO - Processing /opt/airflow/dags/example.py took 0.315 seconds
[2023-05-23T13:26:01.028+0000] {processor.py:154} INFO - Started process (PID=196) to work on /opt/airflow/dags/example.py
[2023-05-23T13:26:01.055+0000] {processor.py:756} INFO - Processing file /opt/airflow/dags/example.py for tasks to queue
[2023-05-23T13:26:01.057+0000] {logging_mixin.py:120} INFO - [2023-05-23T13:26:01.057+0000] {dagbag.py:537} INFO - Filling up the DagBag from /opt/airflow/dags/example.py
[2023-05-23T13:26:01.074+0000] {processor.py:766} INFO - DAG(s) dict_keys(['my-first-dag']) retrieved from /opt/airflow/dags/example.py
[2023-05-23T13:26:02.748+0000] {logging_mixin.py:120} INFO - [2023-05-23T13:26:02.748+0000] {dag.py:2585} INFO - Sync 1 DAGs
[2023-05-23T13:26:04.519+0000] {logging_mixin.py:120} INFO - [2023-05-23T13:26:04.519+0000] {dag.py:3340} INFO - Setting next_dagrun for my-first-dag to 2023-05-23T00:00:00+00:00, run_after=2023-05-24T00:00:00+00:00
[2023-05-23T13:26:10.953+0000] {processor.py:176} INFO - Processing /opt/airflow/dags/example.py took 9.931 seconds
[2023-05-23T13:26:41.068+0000] {processor.py:154} INFO - Started process (PID=217) to work on /opt/airflow/dags/example.py
[2023-05-23T13:26:41.070+0000] {processor.py:756} INFO - Processing file /opt/airflow/dags/example.py for tasks to queue
[2023-05-23T13:26:41.071+0000] {logging_mixin.py:120} INFO - [2023-05-23T13:26:41.071+0000] {dagbag.py:537} INFO - Filling up the DagBag from /opt/airflow/dags/example.py
[2023-05-23T13:26:41.125+0000] {processor.py:766} INFO - DAG(s) dict_keys(['my-first-dag']) retrieved from /opt/airflow/dags/example.py
[2023-05-23T13:26:41.195+0000] {logging_mixin.py:120} INFO - [2023-05-23T13:26:41.195+0000] {dag.py:2585} INFO - Sync 1 DAGs
[2023-05-23T13:26:41.262+0000] {logging_mixin.py:120} INFO - [2023-05-23T13:26:41.262+0000] {dag.py:3340} INFO - Setting next_dagrun for my-first-dag to 2023-05-23T00:00:00+00:00, run_after=2023-05-24T00:00:00+00:00
[2023-05-23T13:26:41.295+0000] {processor.py:176} INFO - Processing /opt/airflow/dags/example.py took 0.230 seconds
[2023-05-23T13:27:11.431+0000] {processor.py:154} INFO - Started process (PID=245) to work on /opt/airflow/dags/example.py
[2023-05-23T13:27:11.432+0000] {processor.py:756} INFO - Processing file /opt/airflow/dags/example.py for tasks to queue
[2023-05-23T13:27:11.433+0000] {logging_mixin.py:120} INFO - [2023-05-23T13:27:11.433+0000] {dagbag.py:537} INFO - Filling up the DagBag from /opt/airflow/dags/example.py
[2023-05-23T13:27:11.451+0000] {processor.py:766} INFO - DAG(s) dict_keys(['my-first-dag']) retrieved from /opt/airflow/dags/example.py
[2023-05-23T13:27:11.510+0000] {logging_mixin.py:120} INFO - [2023-05-23T13:27:11.510+0000] {dag.py:2585} INFO - Sync 1 DAGs
[2023-05-23T13:27:11.537+0000] {logging_mixin.py:120} INFO - [2023-05-23T13:27:11.537+0000] {dag.py:3340} INFO - Setting next_dagrun for my-first-dag to 2023-05-23T00:00:00+00:00, run_after=2023-05-24T00:00:00+00:00
[2023-05-23T13:27:11.560+0000] {processor.py:176} INFO - Processing /opt/airflow/dags/example.py took 0.132 seconds
[2023-05-23T13:27:41.588+0000] {processor.py:154} INFO - Started process (PID=265) to work on /opt/airflow/dags/example.py
[2023-05-23T13:27:41.589+0000] {processor.py:756} INFO - Processing file /opt/airflow/dags/example.py for tasks to queue
[2023-05-23T13:27:41.589+0000] {logging_mixin.py:120} INFO - [2023-05-23T13:27:41.589+0000] {dagbag.py:537} INFO - Filling up the DagBag from /opt/airflow/dags/example.py
[2023-05-23T13:27:41.606+0000] {processor.py:766} INFO - DAG(s) dict_keys(['my-first-dag']) retrieved from /opt/airflow/dags/example.py
[2023-05-23T13:27:41.650+0000] {logging_mixin.py:120} INFO - [2023-05-23T13:27:41.650+0000] {dag.py:2585} INFO - Sync 1 DAGs
[2023-05-23T13:27:41.678+0000] {logging_mixin.py:120} INFO - [2023-05-23T13:27:41.678+0000] {dag.py:3340} INFO - Setting next_dagrun for my-first-dag to 2023-05-23T00:00:00+00:00, run_after=2023-05-24T00:00:00+00:00
[2023-05-23T13:27:41.702+0000] {processor.py:176} INFO - Processing /opt/airflow/dags/example.py took 0.117 seconds
[2023-05-23T13:28:11.840+0000] {processor.py:154} INFO - Started process (PID=293) to work on /opt/airflow/dags/example.py
[2023-05-23T13:28:11.841+0000] {processor.py:756} INFO - Processing file /opt/airflow/dags/example.py for tasks to queue
[2023-05-23T13:28:11.841+0000] {logging_mixin.py:120} INFO - [2023-05-23T13:28:11.841+0000] {dagbag.py:537} INFO - Filling up the DagBag from /opt/airflow/dags/example.py
[2023-05-23T13:28:11.857+0000] {processor.py:766} INFO - DAG(s) dict_keys(['my-first-dag']) retrieved from /opt/airflow/dags/example.py
[2023-05-23T13:28:11.900+0000] {logging_mixin.py:120} INFO - [2023-05-23T13:28:11.899+0000] {dag.py:2585} INFO - Sync 1 DAGs
[2023-05-23T13:28:11.929+0000] {logging_mixin.py:120} INFO - [2023-05-23T13:28:11.929+0000] {dag.py:3340} INFO - Setting next_dagrun for my-first-dag to 2023-05-23T00:00:00+00:00, run_after=2023-05-24T00:00:00+00:00
[2023-05-23T13:28:11.958+0000] {processor.py:176} INFO - Processing /opt/airflow/dags/example.py took 0.120 seconds
[2023-05-23T13:28:42.006+0000] {processor.py:154} INFO - Started process (PID=321) to work on /opt/airflow/dags/example.py
[2023-05-23T13:28:42.007+0000] {processor.py:756} INFO - Processing file /opt/airflow/dags/example.py for tasks to queue
[2023-05-23T13:28:42.008+0000] {logging_mixin.py:120} INFO - [2023-05-23T13:28:42.007+0000] {dagbag.py:537} INFO - Filling up the DagBag from /opt/airflow/dags/example.py
[2023-05-23T13:28:42.030+0000] {processor.py:766} INFO - DAG(s) dict_keys(['my-first-dag']) retrieved from /opt/airflow/dags/example.py
[2023-05-23T13:28:42.103+0000] {logging_mixin.py:120} INFO - [2023-05-23T13:28:42.103+0000] {dag.py:2585} INFO - Sync 1 DAGs
[2023-05-23T13:28:42.134+0000] {logging_mixin.py:120} INFO - [2023-05-23T13:28:42.133+0000] {dag.py:3340} INFO - Setting next_dagrun for my-first-dag to 2023-05-23T00:00:00+00:00, run_after=2023-05-24T00:00:00+00:00
[2023-05-23T13:28:42.180+0000] {processor.py:176} INFO - Processing /opt/airflow/dags/example.py took 0.176 seconds
[2023-05-23T13:29:12.244+0000] {processor.py:154} INFO - Started process (PID=340) to work on /opt/airflow/dags/example.py
[2023-05-23T13:29:12.245+0000] {processor.py:756} INFO - Processing file /opt/airflow/dags/example.py for tasks to queue
[2023-05-23T13:29:12.245+0000] {logging_mixin.py:120} INFO - [2023-05-23T13:29:12.245+0000] {dagbag.py:537} INFO - Filling up the DagBag from /opt/airflow/dags/example.py
[2023-05-23T13:29:12.258+0000] {processor.py:766} INFO - DAG(s) dict_keys(['my-first-dag']) retrieved from /opt/airflow/dags/example.py
[2023-05-23T13:29:12.296+0000] {logging_mixin.py:120} INFO - [2023-05-23T13:29:12.295+0000] {dag.py:2585} INFO - Sync 1 DAGs
[2023-05-23T13:29:12.323+0000] {logging_mixin.py:120} INFO - [2023-05-23T13:29:12.323+0000] {dag.py:3340} INFO - Setting next_dagrun for my-first-dag to 2023-05-23T00:00:00+00:00, run_after=2023-05-24T00:00:00+00:00
[2023-05-23T13:29:12.343+0000] {processor.py:176} INFO - Processing /opt/airflow/dags/example.py took 0.101 seconds
[2023-05-23T13:29:42.501+0000] {processor.py:154} INFO - Started process (PID=368) to work on /opt/airflow/dags/example.py
[2023-05-23T13:29:42.503+0000] {processor.py:756} INFO - Processing file /opt/airflow/dags/example.py for tasks to queue
[2023-05-23T13:29:42.504+0000] {logging_mixin.py:120} INFO - [2023-05-23T13:29:42.503+0000] {dagbag.py:537} INFO - Filling up the DagBag from /opt/airflow/dags/example.py
[2023-05-23T13:29:42.522+0000] {processor.py:766} INFO - DAG(s) dict_keys(['my-first-dag']) retrieved from /opt/airflow/dags/example.py
[2023-05-23T13:29:42.567+0000] {logging_mixin.py:120} INFO - [2023-05-23T13:29:42.567+0000] {dag.py:2585} INFO - Sync 1 DAGs
[2023-05-23T13:29:42.601+0000] {logging_mixin.py:120} INFO - [2023-05-23T13:29:42.601+0000] {dag.py:3340} INFO - Setting next_dagrun for my-first-dag to 2023-05-23T00:00:00+00:00, run_after=2023-05-24T00:00:00+00:00
[2023-05-23T13:29:42.956+0000] {processor.py:176} INFO - Processing /opt/airflow/dags/example.py took 0.458 seconds
[2023-05-23T13:30:13.088+0000] {processor.py:154} INFO - Started process (PID=397) to work on /opt/airflow/dags/example.py
[2023-05-23T13:30:13.089+0000] {processor.py:756} INFO - Processing file /opt/airflow/dags/example.py for tasks to queue
[2023-05-23T13:30:13.090+0000] {logging_mixin.py:120} INFO - [2023-05-23T13:30:13.089+0000] {dagbag.py:537} INFO - Filling up the DagBag from /opt/airflow/dags/example.py
[2023-05-23T13:30:13.105+0000] {processor.py:766} INFO - DAG(s) dict_keys(['my-first-dag']) retrieved from /opt/airflow/dags/example.py
[2023-05-23T13:30:13.142+0000] {logging_mixin.py:120} INFO - [2023-05-23T13:30:13.141+0000] {dag.py:2585} INFO - Sync 1 DAGs
[2023-05-23T13:30:13.170+0000] {logging_mixin.py:120} INFO - [2023-05-23T13:30:13.170+0000] {dag.py:3340} INFO - Setting next_dagrun for my-first-dag to 2023-05-23T00:00:00+00:00, run_after=2023-05-24T00:00:00+00:00
[2023-05-23T13:30:13.200+0000] {processor.py:176} INFO - Processing /opt/airflow/dags/example.py took 0.115 seconds
[2023-05-23T13:30:43.331+0000] {processor.py:154} INFO - Started process (PID=416) to work on /opt/airflow/dags/example.py
[2023-05-23T13:30:43.332+0000] {processor.py:756} INFO - Processing file /opt/airflow/dags/example.py for tasks to queue
[2023-05-23T13:30:43.332+0000] {logging_mixin.py:120} INFO - [2023-05-23T13:30:43.332+0000] {dagbag.py:537} INFO - Filling up the DagBag from /opt/airflow/dags/example.py
[2023-05-23T13:30:43.353+0000] {processor.py:766} INFO - DAG(s) dict_keys(['my-first-dag']) retrieved from /opt/airflow/dags/example.py
[2023-05-23T13:30:43.396+0000] {logging_mixin.py:120} INFO - [2023-05-23T13:30:43.396+0000] {dag.py:2585} INFO - Sync 1 DAGs
[2023-05-23T13:30:43.421+0000] {logging_mixin.py:120} INFO - [2023-05-23T13:30:43.421+0000] {dag.py:3340} INFO - Setting next_dagrun for my-first-dag to 2023-05-23T00:00:00+00:00, run_after=2023-05-24T00:00:00+00:00
[2023-05-23T13:30:43.450+0000] {processor.py:176} INFO - Processing /opt/airflow/dags/example.py took 0.121 seconds
[2023-05-23T13:31:13.490+0000] {processor.py:154} INFO - Started process (PID=445) to work on /opt/airflow/dags/example.py
[2023-05-23T13:31:13.491+0000] {processor.py:756} INFO - Processing file /opt/airflow/dags/example.py for tasks to queue
[2023-05-23T13:31:13.492+0000] {logging_mixin.py:120} INFO - [2023-05-23T13:31:13.491+0000] {dagbag.py:537} INFO - Filling up the DagBag from /opt/airflow/dags/example.py
[2023-05-23T13:31:13.504+0000] {processor.py:766} INFO - DAG(s) dict_keys(['my-first-dag']) retrieved from /opt/airflow/dags/example.py
[2023-05-23T13:31:13.539+0000] {logging_mixin.py:120} INFO - [2023-05-23T13:31:13.539+0000] {dag.py:2585} INFO - Sync 1 DAGs
[2023-05-23T13:31:13.562+0000] {logging_mixin.py:120} INFO - [2023-05-23T13:31:13.562+0000] {dag.py:3340} INFO - Setting next_dagrun for my-first-dag to 2023-05-23T00:00:00+00:00, run_after=2023-05-24T00:00:00+00:00
[2023-05-23T13:31:13.582+0000] {processor.py:176} INFO - Processing /opt/airflow/dags/example.py took 0.095 seconds
[2023-05-23T13:31:43.722+0000] {processor.py:154} INFO - Started process (PID=473) to work on /opt/airflow/dags/example.py
[2023-05-23T13:31:43.723+0000] {processor.py:756} INFO - Processing file /opt/airflow/dags/example.py for tasks to queue
[2023-05-23T13:31:43.724+0000] {logging_mixin.py:120} INFO - [2023-05-23T13:31:43.724+0000] {dagbag.py:537} INFO - Filling up the DagBag from /opt/airflow/dags/example.py
[2023-05-23T13:31:43.736+0000] {processor.py:766} INFO - DAG(s) dict_keys(['my-first-dag']) retrieved from /opt/airflow/dags/example.py
[2023-05-23T13:31:43.768+0000] {logging_mixin.py:120} INFO - [2023-05-23T13:31:43.768+0000] {dag.py:2585} INFO - Sync 1 DAGs
[2023-05-23T13:31:43.792+0000] {logging_mixin.py:120} INFO - [2023-05-23T13:31:43.791+0000] {dag.py:3340} INFO - Setting next_dagrun for my-first-dag to 2023-05-23T00:00:00+00:00, run_after=2023-05-24T00:00:00+00:00
[2023-05-23T13:31:43.810+0000] {processor.py:176} INFO - Processing /opt/airflow/dags/example.py took 0.091 seconds
[2023-05-23T13:32:13.892+0000] {processor.py:154} INFO - Started process (PID=501) to work on /opt/airflow/dags/example.py
[2023-05-23T13:32:13.893+0000] {processor.py:756} INFO - Processing file /opt/airflow/dags/example.py for tasks to queue
[2023-05-23T13:32:13.894+0000] {logging_mixin.py:120} INFO - [2023-05-23T13:32:13.894+0000] {dagbag.py:537} INFO - Filling up the DagBag from /opt/airflow/dags/example.py
[2023-05-23T13:32:13.913+0000] {processor.py:766} INFO - DAG(s) dict_keys(['my-first-dag']) retrieved from /opt/airflow/dags/example.py
[2023-05-23T13:32:13.954+0000] {logging_mixin.py:120} INFO - [2023-05-23T13:32:13.953+0000] {dag.py:2585} INFO - Sync 1 DAGs
[2023-05-23T13:32:13.981+0000] {logging_mixin.py:120} INFO - [2023-05-23T13:32:13.981+0000] {dag.py:3340} INFO - Setting next_dagrun for my-first-dag to 2023-05-23T00:00:00+00:00, run_after=2023-05-24T00:00:00+00:00
[2023-05-23T13:32:14.005+0000] {processor.py:176} INFO - Processing /opt/airflow/dags/example.py took 0.116 seconds
[2023-05-23T13:32:44.078+0000] {processor.py:154} INFO - Started process (PID=520) to work on /opt/airflow/dags/example.py
[2023-05-23T13:32:44.079+0000] {processor.py:756} INFO - Processing file /opt/airflow/dags/example.py for tasks to queue
[2023-05-23T13:32:44.080+0000] {logging_mixin.py:120} INFO - [2023-05-23T13:32:44.080+0000] {dagbag.py:537} INFO - Filling up the DagBag from /opt/airflow/dags/example.py
[2023-05-23T13:32:44.092+0000] {processor.py:766} INFO - DAG(s) dict_keys(['my-first-dag']) retrieved from /opt/airflow/dags/example.py
[2023-05-23T13:32:44.125+0000] {logging_mixin.py:120} INFO - [2023-05-23T13:32:44.125+0000] {dag.py:2585} INFO - Sync 1 DAGs
[2023-05-23T13:32:44.150+0000] {logging_mixin.py:120} INFO - [2023-05-23T13:32:44.150+0000] {dag.py:3340} INFO - Setting next_dagrun for my-first-dag to 2023-05-23T00:00:00+00:00, run_after=2023-05-24T00:00:00+00:00
[2023-05-23T13:32:44.170+0000] {processor.py:176} INFO - Processing /opt/airflow/dags/example.py took 0.094 seconds
[2023-05-23T13:33:14.269+0000] {processor.py:154} INFO - Started process (PID=548) to work on /opt/airflow/dags/example.py
[2023-05-23T13:33:14.269+0000] {processor.py:756} INFO - Processing file /opt/airflow/dags/example.py for tasks to queue
[2023-05-23T13:33:14.270+0000] {logging_mixin.py:120} INFO - [2023-05-23T13:33:14.270+0000] {dagbag.py:537} INFO - Filling up the DagBag from /opt/airflow/dags/example.py
[2023-05-23T13:33:14.282+0000] {processor.py:766} INFO - DAG(s) dict_keys(['my-first-dag']) retrieved from /opt/airflow/dags/example.py
[2023-05-23T13:33:14.316+0000] {logging_mixin.py:120} INFO - [2023-05-23T13:33:14.316+0000] {dag.py:2585} INFO - Sync 1 DAGs
[2023-05-23T13:33:14.342+0000] {logging_mixin.py:120} INFO - [2023-05-23T13:33:14.342+0000] {dag.py:3340} INFO - Setting next_dagrun for my-first-dag to 2023-05-23T00:00:00+00:00, run_after=2023-05-24T00:00:00+00:00
[2023-05-23T13:33:14.363+0000] {processor.py:176} INFO - Processing /opt/airflow/dags/example.py took 0.096 seconds
[2023-05-23T13:33:44.438+0000] {processor.py:154} INFO - Started process (PID=577) to work on /opt/airflow/dags/example.py
[2023-05-23T13:33:44.438+0000] {processor.py:756} INFO - Processing file /opt/airflow/dags/example.py for tasks to queue
[2023-05-23T13:33:44.439+0000] {logging_mixin.py:120} INFO - [2023-05-23T13:33:44.439+0000] {dagbag.py:537} INFO - Filling up the DagBag from /opt/airflow/dags/example.py
[2023-05-23T13:33:44.451+0000] {processor.py:766} INFO - DAG(s) dict_keys(['my-first-dag']) retrieved from /opt/airflow/dags/example.py
[2023-05-23T13:33:44.486+0000] {logging_mixin.py:120} INFO - [2023-05-23T13:33:44.485+0000] {dag.py:2585} INFO - Sync 1 DAGs
[2023-05-23T13:33:44.511+0000] {logging_mixin.py:120} INFO - [2023-05-23T13:33:44.510+0000] {dag.py:3340} INFO - Setting next_dagrun for my-first-dag to 2023-05-23T00:00:00+00:00, run_after=2023-05-24T00:00:00+00:00
[2023-05-23T13:33:44.531+0000] {processor.py:176} INFO - Processing /opt/airflow/dags/example.py took 0.096 seconds
[2023-05-23T13:34:14.630+0000] {processor.py:154} INFO - Started process (PID=596) to work on /opt/airflow/dags/example.py
[2023-05-23T13:34:14.631+0000] {processor.py:756} INFO - Processing file /opt/airflow/dags/example.py for tasks to queue
[2023-05-23T13:34:14.631+0000] {logging_mixin.py:120} INFO - [2023-05-23T13:34:14.631+0000] {dagbag.py:537} INFO - Filling up the DagBag from /opt/airflow/dags/example.py
[2023-05-23T13:34:14.644+0000] {processor.py:766} INFO - DAG(s) dict_keys(['my-first-dag']) retrieved from /opt/airflow/dags/example.py
[2023-05-23T13:34:14.677+0000] {logging_mixin.py:120} INFO - [2023-05-23T13:34:14.677+0000] {dag.py:2585} INFO - Sync 1 DAGs
[2023-05-23T13:34:14.702+0000] {logging_mixin.py:120} INFO - [2023-05-23T13:34:14.701+0000] {dag.py:3340} INFO - Setting next_dagrun for my-first-dag to 2023-05-23T00:00:00+00:00, run_after=2023-05-24T00:00:00+00:00
[2023-05-23T13:34:14.720+0000] {processor.py:176} INFO - Processing /opt/airflow/dags/example.py took 0.092 seconds
[2023-05-23T13:34:44.798+0000] {processor.py:154} INFO - Started process (PID=624) to work on /opt/airflow/dags/example.py
[2023-05-23T13:34:44.800+0000] {processor.py:756} INFO - Processing file /opt/airflow/dags/example.py for tasks to queue
[2023-05-23T13:34:44.800+0000] {logging_mixin.py:120} INFO - [2023-05-23T13:34:44.800+0000] {dagbag.py:537} INFO - Filling up the DagBag from /opt/airflow/dags/example.py
[2023-05-23T13:34:44.812+0000] {processor.py:766} INFO - DAG(s) dict_keys(['my-first-dag']) retrieved from /opt/airflow/dags/example.py
[2023-05-23T13:34:44.846+0000] {logging_mixin.py:120} INFO - [2023-05-23T13:34:44.846+0000] {dag.py:2585} INFO - Sync 1 DAGs
[2023-05-23T13:34:44.870+0000] {logging_mixin.py:120} INFO - [2023-05-23T13:34:44.870+0000] {dag.py:3340} INFO - Setting next_dagrun for my-first-dag to 2023-05-23T00:00:00+00:00, run_after=2023-05-24T00:00:00+00:00
[2023-05-23T13:34:44.889+0000] {processor.py:176} INFO - Processing /opt/airflow/dags/example.py took 0.093 seconds
[2023-05-23T13:35:14.988+0000] {processor.py:154} INFO - Started process (PID=652) to work on /opt/airflow/dags/example.py
[2023-05-23T13:35:14.989+0000] {processor.py:756} INFO - Processing file /opt/airflow/dags/example.py for tasks to queue
[2023-05-23T13:35:14.989+0000] {logging_mixin.py:120} INFO - [2023-05-23T13:35:14.989+0000] {dagbag.py:537} INFO - Filling up the DagBag from /opt/airflow/dags/example.py
[2023-05-23T13:35:15.002+0000] {processor.py:766} INFO - DAG(s) dict_keys(['my-first-dag']) retrieved from /opt/airflow/dags/example.py
[2023-05-23T13:35:15.035+0000] {logging_mixin.py:120} INFO - [2023-05-23T13:35:15.035+0000] {dag.py:2585} INFO - Sync 1 DAGs
[2023-05-23T13:35:15.059+0000] {logging_mixin.py:120} INFO - [2023-05-23T13:35:15.059+0000] {dag.py:3340} INFO - Setting next_dagrun for my-first-dag to 2023-05-23T00:00:00+00:00, run_after=2023-05-24T00:00:00+00:00
[2023-05-23T13:35:15.079+0000] {processor.py:176} INFO - Processing /opt/airflow/dags/example.py took 0.092 seconds
[2023-05-23T13:35:45.156+0000] {processor.py:154} INFO - Started process (PID=671) to work on /opt/airflow/dags/example.py
[2023-05-23T13:35:45.158+0000] {processor.py:756} INFO - Processing file /opt/airflow/dags/example.py for tasks to queue
[2023-05-23T13:35:45.158+0000] {logging_mixin.py:120} INFO - [2023-05-23T13:35:45.158+0000] {dagbag.py:537} INFO - Filling up the DagBag from /opt/airflow/dags/example.py
[2023-05-23T13:35:45.170+0000] {processor.py:766} INFO - DAG(s) dict_keys(['my-first-dag']) retrieved from /opt/airflow/dags/example.py
[2023-05-23T13:35:45.203+0000] {logging_mixin.py:120} INFO - [2023-05-23T13:35:45.203+0000] {dag.py:2585} INFO - Sync 1 DAGs
[2023-05-23T13:35:45.228+0000] {logging_mixin.py:120} INFO - [2023-05-23T13:35:45.228+0000] {dag.py:3340} INFO - Setting next_dagrun for my-first-dag to 2023-05-23T00:00:00+00:00, run_after=2023-05-24T00:00:00+00:00
[2023-05-23T13:35:45.248+0000] {processor.py:176} INFO - Processing /opt/airflow/dags/example.py took 0.094 seconds
[2023-05-23T13:36:15.351+0000] {processor.py:154} INFO - Started process (PID=699) to work on /opt/airflow/dags/example.py
[2023-05-23T13:36:15.351+0000] {processor.py:756} INFO - Processing file /opt/airflow/dags/example.py for tasks to queue
[2023-05-23T13:36:15.352+0000] {logging_mixin.py:120} INFO - [2023-05-23T13:36:15.351+0000] {dagbag.py:537} INFO - Filling up the DagBag from /opt/airflow/dags/example.py
[2023-05-23T13:36:15.364+0000] {processor.py:766} INFO - DAG(s) dict_keys(['my-first-dag']) retrieved from /opt/airflow/dags/example.py
[2023-05-23T13:36:15.396+0000] {logging_mixin.py:120} INFO - [2023-05-23T13:36:15.396+0000] {dag.py:2585} INFO - Sync 1 DAGs
[2023-05-23T13:36:15.421+0000] {logging_mixin.py:120} INFO - [2023-05-23T13:36:15.421+0000] {dag.py:3340} INFO - Setting next_dagrun for my-first-dag to 2023-05-23T00:00:00+00:00, run_after=2023-05-24T00:00:00+00:00
[2023-05-23T13:36:15.442+0000] {processor.py:176} INFO - Processing /opt/airflow/dags/example.py took 0.093 seconds
[2023-05-23T13:36:45.512+0000] {processor.py:154} INFO - Started process (PID=727) to work on /opt/airflow/dags/example.py
[2023-05-23T13:36:45.513+0000] {processor.py:756} INFO - Processing file /opt/airflow/dags/example.py for tasks to queue
[2023-05-23T13:36:45.514+0000] {logging_mixin.py:120} INFO - [2023-05-23T13:36:45.514+0000] {dagbag.py:537} INFO - Filling up the DagBag from /opt/airflow/dags/example.py
[2023-05-23T13:36:45.526+0000] {processor.py:766} INFO - DAG(s) dict_keys(['my-first-dag']) retrieved from /opt/airflow/dags/example.py
[2023-05-23T13:36:45.560+0000] {logging_mixin.py:120} INFO - [2023-05-23T13:36:45.560+0000] {dag.py:2585} INFO - Sync 1 DAGs
[2023-05-23T13:36:45.588+0000] {logging_mixin.py:120} INFO - [2023-05-23T13:36:45.588+0000] {dag.py:3340} INFO - Setting next_dagrun for my-first-dag to 2023-05-23T00:00:00+00:00, run_after=2023-05-24T00:00:00+00:00
[2023-05-23T13:36:45.612+0000] {processor.py:176} INFO - Processing /opt/airflow/dags/example.py took 0.102 seconds
[2023-05-23T13:37:15.716+0000] {processor.py:154} INFO - Started process (PID=746) to work on /opt/airflow/dags/example.py
[2023-05-23T13:37:15.716+0000] {processor.py:756} INFO - Processing file /opt/airflow/dags/example.py for tasks to queue
[2023-05-23T13:37:15.717+0000] {logging_mixin.py:120} INFO - [2023-05-23T13:37:15.717+0000] {dagbag.py:537} INFO - Filling up the DagBag from /opt/airflow/dags/example.py
[2023-05-23T13:37:15.730+0000] {processor.py:766} INFO - DAG(s) dict_keys(['my-first-dag']) retrieved from /opt/airflow/dags/example.py
[2023-05-23T13:37:15.764+0000] {logging_mixin.py:120} INFO - [2023-05-23T13:37:15.764+0000] {dag.py:2585} INFO - Sync 1 DAGs
[2023-05-23T13:37:15.788+0000] {logging_mixin.py:120} INFO - [2023-05-23T13:37:15.787+0000] {dag.py:3340} INFO - Setting next_dagrun for my-first-dag to 2023-05-23T00:00:00+00:00, run_after=2023-05-24T00:00:00+00:00
[2023-05-23T13:37:15.807+0000] {processor.py:176} INFO - Processing /opt/airflow/dags/example.py took 0.094 seconds
[2023-05-23T13:37:45.875+0000] {processor.py:154} INFO - Started process (PID=774) to work on /opt/airflow/dags/example.py
[2023-05-23T13:37:45.876+0000] {processor.py:756} INFO - Processing file /opt/airflow/dags/example.py for tasks to queue
[2023-05-23T13:37:45.877+0000] {logging_mixin.py:120} INFO - [2023-05-23T13:37:45.877+0000] {dagbag.py:537} INFO - Filling up the DagBag from /opt/airflow/dags/example.py
[2023-05-23T13:37:45.889+0000] {processor.py:766} INFO - DAG(s) dict_keys(['my-first-dag']) retrieved from /opt/airflow/dags/example.py
[2023-05-23T13:37:45.923+0000] {logging_mixin.py:120} INFO - [2023-05-23T13:37:45.923+0000] {dag.py:2585} INFO - Sync 1 DAGs
[2023-05-23T13:37:45.947+0000] {logging_mixin.py:120} INFO - [2023-05-23T13:37:45.946+0000] {dag.py:3340} INFO - Setting next_dagrun for my-first-dag to 2023-05-23T00:00:00+00:00, run_after=2023-05-24T00:00:00+00:00
[2023-05-23T13:37:45.968+0000] {processor.py:176} INFO - Processing /opt/airflow/dags/example.py took 0.095 seconds
[2023-05-23T13:38:16.078+0000] {processor.py:154} INFO - Started process (PID=802) to work on /opt/airflow/dags/example.py
[2023-05-23T13:38:16.078+0000] {processor.py:756} INFO - Processing file /opt/airflow/dags/example.py for tasks to queue
[2023-05-23T13:38:16.079+0000] {logging_mixin.py:120} INFO - [2023-05-23T13:38:16.079+0000] {dagbag.py:537} INFO - Filling up the DagBag from /opt/airflow/dags/example.py
[2023-05-23T13:38:16.091+0000] {processor.py:766} INFO - DAG(s) dict_keys(['my-first-dag']) retrieved from /opt/airflow/dags/example.py
[2023-05-23T13:38:16.123+0000] {logging_mixin.py:120} INFO - [2023-05-23T13:38:16.123+0000] {dag.py:2585} INFO - Sync 1 DAGs
[2023-05-23T13:38:16.147+0000] {logging_mixin.py:120} INFO - [2023-05-23T13:38:16.147+0000] {dag.py:3340} INFO - Setting next_dagrun for my-first-dag to 2023-05-23T00:00:00+00:00, run_after=2023-05-24T00:00:00+00:00
[2023-05-23T13:38:16.169+0000] {processor.py:176} INFO - Processing /opt/airflow/dags/example.py took 0.094 seconds
[2023-05-23T13:38:46.235+0000] {processor.py:154} INFO - Started process (PID=831) to work on /opt/airflow/dags/example.py
[2023-05-23T13:38:46.236+0000] {processor.py:756} INFO - Processing file /opt/airflow/dags/example.py for tasks to queue
[2023-05-23T13:38:46.237+0000] {logging_mixin.py:120} INFO - [2023-05-23T13:38:46.237+0000] {dagbag.py:537} INFO - Filling up the DagBag from /opt/airflow/dags/example.py
[2023-05-23T13:38:46.250+0000] {processor.py:766} INFO - DAG(s) dict_keys(['my-first-dag']) retrieved from /opt/airflow/dags/example.py
[2023-05-23T13:38:46.284+0000] {logging_mixin.py:120} INFO - [2023-05-23T13:38:46.284+0000] {dag.py:2585} INFO - Sync 1 DAGs
[2023-05-23T13:38:46.311+0000] {logging_mixin.py:120} INFO - [2023-05-23T13:38:46.311+0000] {dag.py:3340} INFO - Setting next_dagrun for my-first-dag to 2023-05-23T00:00:00+00:00, run_after=2023-05-24T00:00:00+00:00
[2023-05-23T13:38:46.332+0000] {processor.py:176} INFO - Processing /opt/airflow/dags/example.py took 0.099 seconds
[2023-05-23T13:39:16.441+0000] {processor.py:154} INFO - Started process (PID=850) to work on /opt/airflow/dags/example.py
[2023-05-23T13:39:16.442+0000] {processor.py:756} INFO - Processing file /opt/airflow/dags/example.py for tasks to queue
[2023-05-23T13:39:16.442+0000] {logging_mixin.py:120} INFO - [2023-05-23T13:39:16.442+0000] {dagbag.py:537} INFO - Filling up the DagBag from /opt/airflow/dags/example.py
[2023-05-23T13:39:16.455+0000] {processor.py:766} INFO - DAG(s) dict_keys(['my-first-dag']) retrieved from /opt/airflow/dags/example.py
[2023-05-23T13:39:16.488+0000] {logging_mixin.py:120} INFO - [2023-05-23T13:39:16.488+0000] {dag.py:2585} INFO - Sync 1 DAGs
[2023-05-23T13:39:16.514+0000] {logging_mixin.py:120} INFO - [2023-05-23T13:39:16.514+0000] {dag.py:3340} INFO - Setting next_dagrun for my-first-dag to 2023-05-23T00:00:00+00:00, run_after=2023-05-24T00:00:00+00:00
[2023-05-23T13:39:16.536+0000] {processor.py:176} INFO - Processing /opt/airflow/dags/example.py took 0.097 seconds
[2023-05-23T13:39:46.606+0000] {processor.py:154} INFO - Started process (PID=878) to work on /opt/airflow/dags/example.py
[2023-05-23T13:39:46.607+0000] {processor.py:756} INFO - Processing file /opt/airflow/dags/example.py for tasks to queue
[2023-05-23T13:39:46.607+0000] {logging_mixin.py:120} INFO - [2023-05-23T13:39:46.607+0000] {dagbag.py:537} INFO - Filling up the DagBag from /opt/airflow/dags/example.py
[2023-05-23T13:39:46.621+0000] {processor.py:766} INFO - DAG(s) dict_keys(['my-first-dag']) retrieved from /opt/airflow/dags/example.py
[2023-05-23T13:39:46.656+0000] {logging_mixin.py:120} INFO - [2023-05-23T13:39:46.656+0000] {dag.py:2585} INFO - Sync 1 DAGs
[2023-05-23T13:39:46.681+0000] {logging_mixin.py:120} INFO - [2023-05-23T13:39:46.680+0000] {dag.py:3340} INFO - Setting next_dagrun for my-first-dag to 2023-05-23T00:00:00+00:00, run_after=2023-05-24T00:00:00+00:00
[2023-05-23T13:39:46.701+0000] {processor.py:176} INFO - Processing /opt/airflow/dags/example.py took 0.098 seconds
[2023-05-23T13:40:16.802+0000] {processor.py:154} INFO - Started process (PID=906) to work on /opt/airflow/dags/example.py
[2023-05-23T13:40:16.802+0000] {processor.py:756} INFO - Processing file /opt/airflow/dags/example.py for tasks to queue
[2023-05-23T13:40:16.803+0000] {logging_mixin.py:120} INFO - [2023-05-23T13:40:16.803+0000] {dagbag.py:537} INFO - Filling up the DagBag from /opt/airflow/dags/example.py
[2023-05-23T13:40:16.815+0000] {processor.py:766} INFO - DAG(s) dict_keys(['my-first-dag']) retrieved from /opt/airflow/dags/example.py
[2023-05-23T13:40:16.849+0000] {logging_mixin.py:120} INFO - [2023-05-23T13:40:16.849+0000] {dag.py:2585} INFO - Sync 1 DAGs
[2023-05-23T13:40:16.873+0000] {logging_mixin.py:120} INFO - [2023-05-23T13:40:16.873+0000] {dag.py:3340} INFO - Setting next_dagrun for my-first-dag to 2023-05-23T00:00:00+00:00, run_after=2023-05-24T00:00:00+00:00
[2023-05-23T13:40:16.893+0000] {processor.py:176} INFO - Processing /opt/airflow/dags/example.py took 0.093 seconds
[2023-05-23T13:40:46.970+0000] {processor.py:154} INFO - Started process (PID=925) to work on /opt/airflow/dags/example.py
[2023-05-23T13:40:46.971+0000] {processor.py:756} INFO - Processing file /opt/airflow/dags/example.py for tasks to queue
[2023-05-23T13:40:46.971+0000] {logging_mixin.py:120} INFO - [2023-05-23T13:40:46.971+0000] {dagbag.py:537} INFO - Filling up the DagBag from /opt/airflow/dags/example.py
[2023-05-23T13:40:46.984+0000] {processor.py:766} INFO - DAG(s) dict_keys(['my-first-dag']) retrieved from /opt/airflow/dags/example.py
[2023-05-23T13:40:47.017+0000] {logging_mixin.py:120} INFO - [2023-05-23T13:40:47.017+0000] {dag.py:2585} INFO - Sync 1 DAGs
[2023-05-23T13:40:47.042+0000] {logging_mixin.py:120} INFO - [2023-05-23T13:40:47.042+0000] {dag.py:3340} INFO - Setting next_dagrun for my-first-dag to 2023-05-23T00:00:00+00:00, run_after=2023-05-24T00:00:00+00:00
[2023-05-23T13:40:47.062+0000] {processor.py:176} INFO - Processing /opt/airflow/dags/example.py took 0.095 seconds
[2023-05-23T13:41:17.161+0000] {processor.py:154} INFO - Started process (PID=953) to work on /opt/airflow/dags/example.py
[2023-05-23T13:41:17.162+0000] {processor.py:756} INFO - Processing file /opt/airflow/dags/example.py for tasks to queue
[2023-05-23T13:41:17.162+0000] {logging_mixin.py:120} INFO - [2023-05-23T13:41:17.162+0000] {dagbag.py:537} INFO - Filling up the DagBag from /opt/airflow/dags/example.py
[2023-05-23T13:41:17.175+0000] {processor.py:766} INFO - DAG(s) dict_keys(['my-first-dag']) retrieved from /opt/airflow/dags/example.py
[2023-05-23T13:41:17.209+0000] {logging_mixin.py:120} INFO - [2023-05-23T13:41:17.209+0000] {dag.py:2585} INFO - Sync 1 DAGs
[2023-05-23T13:41:17.233+0000] {logging_mixin.py:120} INFO - [2023-05-23T13:41:17.233+0000] {dag.py:3340} INFO - Setting next_dagrun for my-first-dag to 2023-05-23T00:00:00+00:00, run_after=2023-05-24T00:00:00+00:00
[2023-05-23T13:41:17.255+0000] {processor.py:176} INFO - Processing /opt/airflow/dags/example.py took 0.095 seconds
[2023-05-23T13:41:47.333+0000] {processor.py:154} INFO - Started process (PID=981) to work on /opt/airflow/dags/example.py
[2023-05-23T13:41:47.334+0000] {processor.py:756} INFO - Processing file /opt/airflow/dags/example.py for tasks to queue
[2023-05-23T13:41:47.334+0000] {logging_mixin.py:120} INFO - [2023-05-23T13:41:47.334+0000] {dagbag.py:537} INFO - Filling up the DagBag from /opt/airflow/dags/example.py
[2023-05-23T13:41:47.347+0000] {processor.py:766} INFO - DAG(s) dict_keys(['my-first-dag']) retrieved from /opt/airflow/dags/example.py
[2023-05-23T13:41:47.383+0000] {logging_mixin.py:120} INFO - [2023-05-23T13:41:47.383+0000] {dag.py:2585} INFO - Sync 1 DAGs
[2023-05-23T13:41:47.410+0000] {logging_mixin.py:120} INFO - [2023-05-23T13:41:47.410+0000] {dag.py:3340} INFO - Setting next_dagrun for my-first-dag to 2023-05-23T00:00:00+00:00, run_after=2023-05-24T00:00:00+00:00
[2023-05-23T13:41:47.431+0000] {processor.py:176} INFO - Processing /opt/airflow/dags/example.py took 0.101 seconds
[2023-05-23T13:42:17.518+0000] {processor.py:154} INFO - Started process (PID=1000) to work on /opt/airflow/dags/example.py
[2023-05-23T13:42:17.519+0000] {processor.py:756} INFO - Processing file /opt/airflow/dags/example.py for tasks to queue
[2023-05-23T13:42:17.519+0000] {logging_mixin.py:120} INFO - [2023-05-23T13:42:17.519+0000] {dagbag.py:537} INFO - Filling up the DagBag from /opt/airflow/dags/example.py
[2023-05-23T13:42:17.531+0000] {processor.py:766} INFO - DAG(s) dict_keys(['my-first-dag']) retrieved from /opt/airflow/dags/example.py
[2023-05-23T13:42:17.563+0000] {logging_mixin.py:120} INFO - [2023-05-23T13:42:17.563+0000] {dag.py:2585} INFO - Sync 1 DAGs
[2023-05-23T13:42:17.590+0000] {logging_mixin.py:120} INFO - [2023-05-23T13:42:17.589+0000] {dag.py:3340} INFO - Setting next_dagrun for my-first-dag to 2023-05-23T00:00:00+00:00, run_after=2023-05-24T00:00:00+00:00
[2023-05-23T13:42:17.609+0000] {processor.py:176} INFO - Processing /opt/airflow/dags/example.py took 0.093 seconds
[2023-05-23T13:42:47.704+0000] {processor.py:154} INFO - Started process (PID=1028) to work on /opt/airflow/dags/example.py
[2023-05-23T13:42:47.705+0000] {processor.py:756} INFO - Processing file /opt/airflow/dags/example.py for tasks to queue
[2023-05-23T13:42:47.706+0000] {logging_mixin.py:120} INFO - [2023-05-23T13:42:47.706+0000] {dagbag.py:537} INFO - Filling up the DagBag from /opt/airflow/dags/example.py
[2023-05-23T13:42:47.719+0000] {processor.py:766} INFO - DAG(s) dict_keys(['my-first-dag']) retrieved from /opt/airflow/dags/example.py
[2023-05-23T13:42:47.753+0000] {logging_mixin.py:120} INFO - [2023-05-23T13:42:47.753+0000] {dag.py:2585} INFO - Sync 1 DAGs
[2023-05-23T13:42:47.776+0000] {logging_mixin.py:120} INFO - [2023-05-23T13:42:47.776+0000] {dag.py:3340} INFO - Setting next_dagrun for my-first-dag to 2023-05-23T00:00:00+00:00, run_after=2023-05-24T00:00:00+00:00
[2023-05-23T13:42:47.798+0000] {processor.py:176} INFO - Processing /opt/airflow/dags/example.py took 0.097 seconds
[2023-05-23T13:43:17.873+0000] {processor.py:154} INFO - Started process (PID=1057) to work on /opt/airflow/dags/example.py
[2023-05-23T13:43:17.873+0000] {processor.py:756} INFO - Processing file /opt/airflow/dags/example.py for tasks to queue
[2023-05-23T13:43:17.874+0000] {logging_mixin.py:120} INFO - [2023-05-23T13:43:17.873+0000] {dagbag.py:537} INFO - Filling up the DagBag from /opt/airflow/dags/example.py
[2023-05-23T13:43:17.886+0000] {processor.py:766} INFO - DAG(s) dict_keys(['my-first-dag']) retrieved from /opt/airflow/dags/example.py
[2023-05-23T13:43:17.919+0000] {logging_mixin.py:120} INFO - [2023-05-23T13:43:17.919+0000] {dag.py:2585} INFO - Sync 1 DAGs
[2023-05-23T13:43:17.943+0000] {logging_mixin.py:120} INFO - [2023-05-23T13:43:17.943+0000] {dag.py:3340} INFO - Setting next_dagrun for my-first-dag to 2023-05-23T00:00:00+00:00, run_after=2023-05-24T00:00:00+00:00
[2023-05-23T13:43:17.964+0000] {processor.py:176} INFO - Processing /opt/airflow/dags/example.py took 0.094 seconds
[2023-05-23T13:43:48.058+0000] {processor.py:154} INFO - Started process (PID=1086) to work on /opt/airflow/dags/example.py
[2023-05-23T13:43:48.059+0000] {processor.py:756} INFO - Processing file /opt/airflow/dags/example.py for tasks to queue
[2023-05-23T13:43:48.059+0000] {logging_mixin.py:120} INFO - [2023-05-23T13:43:48.059+0000] {dagbag.py:537} INFO - Filling up the DagBag from /opt/airflow/dags/example.py
[2023-05-23T13:43:48.072+0000] {processor.py:766} INFO - DAG(s) dict_keys(['my-first-dag']) retrieved from /opt/airflow/dags/example.py
[2023-05-23T13:43:48.105+0000] {logging_mixin.py:120} INFO - [2023-05-23T13:43:48.105+0000] {dag.py:2585} INFO - Sync 1 DAGs
[2023-05-23T13:43:48.131+0000] {logging_mixin.py:120} INFO - [2023-05-23T13:43:48.131+0000] {dag.py:3340} INFO - Setting next_dagrun for my-first-dag to 2023-05-23T00:00:00+00:00, run_after=2023-05-24T00:00:00+00:00
[2023-05-23T13:43:48.151+0000] {processor.py:176} INFO - Processing /opt/airflow/dags/example.py took 0.095 seconds
[2023-05-23T13:44:18.227+0000] {processor.py:154} INFO - Started process (PID=1105) to work on /opt/airflow/dags/example.py
[2023-05-23T13:44:18.228+0000] {processor.py:756} INFO - Processing file /opt/airflow/dags/example.py for tasks to queue
[2023-05-23T13:44:18.228+0000] {logging_mixin.py:120} INFO - [2023-05-23T13:44:18.228+0000] {dagbag.py:537} INFO - Filling up the DagBag from /opt/airflow/dags/example.py
[2023-05-23T13:44:18.241+0000] {processor.py:766} INFO - DAG(s) dict_keys(['my-first-dag']) retrieved from /opt/airflow/dags/example.py
[2023-05-23T13:44:18.274+0000] {logging_mixin.py:120} INFO - [2023-05-23T13:44:18.274+0000] {dag.py:2585} INFO - Sync 1 DAGs
[2023-05-23T13:44:18.298+0000] {logging_mixin.py:120} INFO - [2023-05-23T13:44:18.298+0000] {dag.py:3340} INFO - Setting next_dagrun for my-first-dag to 2023-05-23T00:00:00+00:00, run_after=2023-05-24T00:00:00+00:00
[2023-05-23T13:44:18.320+0000] {processor.py:176} INFO - Processing /opt/airflow/dags/example.py took 0.096 seconds
[2023-05-23T13:44:48.416+0000] {processor.py:154} INFO - Started process (PID=1133) to work on /opt/airflow/dags/example.py
[2023-05-23T13:44:48.417+0000] {processor.py:756} INFO - Processing file /opt/airflow/dags/example.py for tasks to queue
[2023-05-23T13:44:48.417+0000] {logging_mixin.py:120} INFO - [2023-05-23T13:44:48.417+0000] {dagbag.py:537} INFO - Filling up the DagBag from /opt/airflow/dags/example.py
[2023-05-23T13:44:48.429+0000] {processor.py:766} INFO - DAG(s) dict_keys(['my-first-dag']) retrieved from /opt/airflow/dags/example.py
[2023-05-23T13:44:48.461+0000] {logging_mixin.py:120} INFO - [2023-05-23T13:44:48.461+0000] {dag.py:2585} INFO - Sync 1 DAGs
[2023-05-23T13:44:48.485+0000] {logging_mixin.py:120} INFO - [2023-05-23T13:44:48.485+0000] {dag.py:3340} INFO - Setting next_dagrun for my-first-dag to 2023-05-23T00:00:00+00:00, run_after=2023-05-24T00:00:00+00:00
[2023-05-23T13:44:48.504+0000] {processor.py:176} INFO - Processing /opt/airflow/dags/example.py took 0.090 seconds
[2023-05-23T13:45:18.587+0000] {processor.py:154} INFO - Started process (PID=1162) to work on /opt/airflow/dags/example.py
[2023-05-23T13:45:18.588+0000] {processor.py:756} INFO - Processing file /opt/airflow/dags/example.py for tasks to queue
[2023-05-23T13:45:18.589+0000] {logging_mixin.py:120} INFO - [2023-05-23T13:45:18.589+0000] {dagbag.py:537} INFO - Filling up the DagBag from /opt/airflow/dags/example.py
[2023-05-23T13:45:18.601+0000] {processor.py:766} INFO - DAG(s) dict_keys(['my-first-dag']) retrieved from /opt/airflow/dags/example.py
[2023-05-23T13:45:18.634+0000] {logging_mixin.py:120} INFO - [2023-05-23T13:45:18.633+0000] {dag.py:2585} INFO - Sync 1 DAGs
[2023-05-23T13:45:18.658+0000] {logging_mixin.py:120} INFO - [2023-05-23T13:45:18.658+0000] {dag.py:3340} INFO - Setting next_dagrun for my-first-dag to 2023-05-23T00:00:00+00:00, run_after=2023-05-24T00:00:00+00:00
[2023-05-23T13:45:18.677+0000] {processor.py:176} INFO - Processing /opt/airflow/dags/example.py took 0.093 seconds
[2023-05-23T13:45:48.770+0000] {processor.py:154} INFO - Started process (PID=1181) to work on /opt/airflow/dags/example.py
[2023-05-23T13:45:48.771+0000] {processor.py:756} INFO - Processing file /opt/airflow/dags/example.py for tasks to queue
[2023-05-23T13:45:48.771+0000] {logging_mixin.py:120} INFO - [2023-05-23T13:45:48.771+0000] {dagbag.py:537} INFO - Filling up the DagBag from /opt/airflow/dags/example.py
[2023-05-23T13:45:48.785+0000] {processor.py:766} INFO - DAG(s) dict_keys(['my-first-dag']) retrieved from /opt/airflow/dags/example.py
[2023-05-23T13:45:48.818+0000] {logging_mixin.py:120} INFO - [2023-05-23T13:45:48.818+0000] {dag.py:2585} INFO - Sync 1 DAGs
[2023-05-23T13:45:48.841+0000] {logging_mixin.py:120} INFO - [2023-05-23T13:45:48.841+0000] {dag.py:3340} INFO - Setting next_dagrun for my-first-dag to 2023-05-23T00:00:00+00:00, run_after=2023-05-24T00:00:00+00:00
[2023-05-23T13:45:48.860+0000] {processor.py:176} INFO - Processing /opt/airflow/dags/example.py took 0.092 seconds
[2023-05-23T13:46:18.946+0000] {processor.py:154} INFO - Started process (PID=1209) to work on /opt/airflow/dags/example.py
[2023-05-23T13:46:18.947+0000] {processor.py:756} INFO - Processing file /opt/airflow/dags/example.py for tasks to queue
[2023-05-23T13:46:18.948+0000] {logging_mixin.py:120} INFO - [2023-05-23T13:46:18.948+0000] {dagbag.py:537} INFO - Filling up the DagBag from /opt/airflow/dags/example.py
[2023-05-23T13:46:18.962+0000] {processor.py:766} INFO - DAG(s) dict_keys(['my-first-dag']) retrieved from /opt/airflow/dags/example.py
[2023-05-23T13:46:18.996+0000] {logging_mixin.py:120} INFO - [2023-05-23T13:46:18.996+0000] {dag.py:2585} INFO - Sync 1 DAGs
[2023-05-23T13:46:19.020+0000] {logging_mixin.py:120} INFO - [2023-05-23T13:46:19.020+0000] {dag.py:3340} INFO - Setting next_dagrun for my-first-dag to 2023-05-23T00:00:00+00:00, run_after=2023-05-24T00:00:00+00:00
[2023-05-23T13:46:19.039+0000] {processor.py:176} INFO - Processing /opt/airflow/dags/example.py took 0.095 seconds
[2023-05-23T13:46:49.130+0000] {processor.py:154} INFO - Started process (PID=1237) to work on /opt/airflow/dags/example.py
[2023-05-23T13:46:49.131+0000] {processor.py:756} INFO - Processing file /opt/airflow/dags/example.py for tasks to queue
[2023-05-23T13:46:49.132+0000] {logging_mixin.py:120} INFO - [2023-05-23T13:46:49.131+0000] {dagbag.py:537} INFO - Filling up the DagBag from /opt/airflow/dags/example.py
[2023-05-23T13:46:49.144+0000] {processor.py:766} INFO - DAG(s) dict_keys(['my-first-dag']) retrieved from /opt/airflow/dags/example.py
[2023-05-23T13:46:49.180+0000] {logging_mixin.py:120} INFO - [2023-05-23T13:46:49.179+0000] {dag.py:2585} INFO - Sync 1 DAGs
[2023-05-23T13:46:49.205+0000] {logging_mixin.py:120} INFO - [2023-05-23T13:46:49.205+0000] {dag.py:3340} INFO - Setting next_dagrun for my-first-dag to 2023-05-23T00:00:00+00:00, run_after=2023-05-24T00:00:00+00:00
[2023-05-23T13:46:49.225+0000] {processor.py:176} INFO - Processing /opt/airflow/dags/example.py took 0.097 seconds
[2023-05-23T13:47:19.313+0000] {processor.py:154} INFO - Started process (PID=1256) to work on /opt/airflow/dags/example.py
[2023-05-23T13:47:19.315+0000] {processor.py:756} INFO - Processing file /opt/airflow/dags/example.py for tasks to queue
[2023-05-23T13:47:19.316+0000] {logging_mixin.py:120} INFO - [2023-05-23T13:47:19.315+0000] {dagbag.py:537} INFO - Filling up the DagBag from /opt/airflow/dags/example.py
[2023-05-23T13:47:19.328+0000] {processor.py:766} INFO - DAG(s) dict_keys(['my-first-dag']) retrieved from /opt/airflow/dags/example.py
[2023-05-23T13:47:19.362+0000] {logging_mixin.py:120} INFO - [2023-05-23T13:47:19.362+0000] {dag.py:2585} INFO - Sync 1 DAGs
[2023-05-23T13:47:19.386+0000] {logging_mixin.py:120} INFO - [2023-05-23T13:47:19.385+0000] {dag.py:3340} INFO - Setting next_dagrun for my-first-dag to 2023-05-23T00:00:00+00:00, run_after=2023-05-24T00:00:00+00:00
[2023-05-23T13:47:19.409+0000] {processor.py:176} INFO - Processing /opt/airflow/dags/example.py took 0.098 seconds
[2023-05-23T13:47:49.488+0000] {processor.py:154} INFO - Started process (PID=1284) to work on /opt/airflow/dags/example.py
[2023-05-23T13:47:49.488+0000] {processor.py:756} INFO - Processing file /opt/airflow/dags/example.py for tasks to queue
[2023-05-23T13:47:49.489+0000] {logging_mixin.py:120} INFO - [2023-05-23T13:47:49.489+0000] {dagbag.py:537} INFO - Filling up the DagBag from /opt/airflow/dags/example.py
[2023-05-23T13:47:49.501+0000] {processor.py:766} INFO - DAG(s) dict_keys(['my-first-dag']) retrieved from /opt/airflow/dags/example.py
[2023-05-23T13:47:49.534+0000] {logging_mixin.py:120} INFO - [2023-05-23T13:47:49.533+0000] {dag.py:2585} INFO - Sync 1 DAGs
[2023-05-23T13:47:49.559+0000] {logging_mixin.py:120} INFO - [2023-05-23T13:47:49.559+0000] {dag.py:3340} INFO - Setting next_dagrun for my-first-dag to 2023-05-23T00:00:00+00:00, run_after=2023-05-24T00:00:00+00:00
[2023-05-23T13:47:49.579+0000] {processor.py:176} INFO - Processing /opt/airflow/dags/example.py took 0.093 seconds
[2023-05-23T13:48:19.679+0000] {processor.py:154} INFO - Started process (PID=1312) to work on /opt/airflow/dags/example.py
[2023-05-23T13:48:19.680+0000] {processor.py:756} INFO - Processing file /opt/airflow/dags/example.py for tasks to queue
[2023-05-23T13:48:19.681+0000] {logging_mixin.py:120} INFO - [2023-05-23T13:48:19.681+0000] {dagbag.py:537} INFO - Filling up the DagBag from /opt/airflow/dags/example.py
[2023-05-23T13:48:19.693+0000] {processor.py:766} INFO - DAG(s) dict_keys(['my-first-dag']) retrieved from /opt/airflow/dags/example.py
[2023-05-23T13:48:19.728+0000] {logging_mixin.py:120} INFO - [2023-05-23T13:48:19.728+0000] {dag.py:2585} INFO - Sync 1 DAGs
[2023-05-23T13:48:19.754+0000] {logging_mixin.py:120} INFO - [2023-05-23T13:48:19.754+0000] {dag.py:3340} INFO - Setting next_dagrun for my-first-dag to 2023-05-23T00:00:00+00:00, run_after=2023-05-24T00:00:00+00:00
[2023-05-23T13:48:19.775+0000] {processor.py:176} INFO - Processing /opt/airflow/dags/example.py took 0.098 seconds
[2023-05-23T13:48:49.843+0000] {processor.py:154} INFO - Started process (PID=1340) to work on /opt/airflow/dags/example.py
[2023-05-23T13:48:49.843+0000] {processor.py:756} INFO - Processing file /opt/airflow/dags/example.py for tasks to queue
[2023-05-23T13:48:49.844+0000] {logging_mixin.py:120} INFO - [2023-05-23T13:48:49.844+0000] {dagbag.py:537} INFO - Filling up the DagBag from /opt/airflow/dags/example.py
[2023-05-23T13:48:49.858+0000] {processor.py:766} INFO - DAG(s) dict_keys(['my-first-dag']) retrieved from /opt/airflow/dags/example.py
[2023-05-23T13:48:49.895+0000] {logging_mixin.py:120} INFO - [2023-05-23T13:48:49.895+0000] {dag.py:2585} INFO - Sync 1 DAGs
[2023-05-23T13:48:49.921+0000] {logging_mixin.py:120} INFO - [2023-05-23T13:48:49.921+0000] {dag.py:3340} INFO - Setting next_dagrun for my-first-dag to 2023-05-23T00:00:00+00:00, run_after=2023-05-24T00:00:00+00:00
[2023-05-23T13:48:49.943+0000] {processor.py:176} INFO - Processing /opt/airflow/dags/example.py took 0.103 seconds
[2023-05-23T13:49:20.036+0000] {processor.py:154} INFO - Started process (PID=1359) to work on /opt/airflow/dags/example.py
[2023-05-23T13:49:20.037+0000] {processor.py:756} INFO - Processing file /opt/airflow/dags/example.py for tasks to queue
[2023-05-23T13:49:20.038+0000] {logging_mixin.py:120} INFO - [2023-05-23T13:49:20.038+0000] {dagbag.py:537} INFO - Filling up the DagBag from /opt/airflow/dags/example.py
[2023-05-23T13:49:20.050+0000] {processor.py:766} INFO - DAG(s) dict_keys(['my-first-dag']) retrieved from /opt/airflow/dags/example.py
[2023-05-23T13:49:20.084+0000] {logging_mixin.py:120} INFO - [2023-05-23T13:49:20.084+0000] {dag.py:2585} INFO - Sync 1 DAGs
[2023-05-23T13:49:20.109+0000] {logging_mixin.py:120} INFO - [2023-05-23T13:49:20.109+0000] {dag.py:3340} INFO - Setting next_dagrun for my-first-dag to 2023-05-23T00:00:00+00:00, run_after=2023-05-24T00:00:00+00:00
[2023-05-23T13:49:20.130+0000] {processor.py:176} INFO - Processing /opt/airflow/dags/example.py took 0.096 seconds
[2023-05-23T13:49:50.210+0000] {processor.py:154} INFO - Started process (PID=1387) to work on /opt/airflow/dags/example.py
[2023-05-23T13:49:50.210+0000] {processor.py:756} INFO - Processing file /opt/airflow/dags/example.py for tasks to queue
[2023-05-23T13:49:50.211+0000] {logging_mixin.py:120} INFO - [2023-05-23T13:49:50.211+0000] {dagbag.py:537} INFO - Filling up the DagBag from /opt/airflow/dags/example.py
[2023-05-23T13:49:50.224+0000] {processor.py:766} INFO - DAG(s) dict_keys(['my-first-dag']) retrieved from /opt/airflow/dags/example.py
[2023-05-23T13:49:50.257+0000] {logging_mixin.py:120} INFO - [2023-05-23T13:49:50.257+0000] {dag.py:2585} INFO - Sync 1 DAGs
[2023-05-23T13:49:50.281+0000] {logging_mixin.py:120} INFO - [2023-05-23T13:49:50.281+0000] {dag.py:3340} INFO - Setting next_dagrun for my-first-dag to 2023-05-23T00:00:00+00:00, run_after=2023-05-24T00:00:00+00:00
[2023-05-23T13:49:50.300+0000] {processor.py:176} INFO - Processing /opt/airflow/dags/example.py took 0.093 seconds
[2023-05-23T13:50:20.401+0000] {processor.py:154} INFO - Started process (PID=1415) to work on /opt/airflow/dags/example.py
[2023-05-23T13:50:20.402+0000] {processor.py:756} INFO - Processing file /opt/airflow/dags/example.py for tasks to queue
[2023-05-23T13:50:20.403+0000] {logging_mixin.py:120} INFO - [2023-05-23T13:50:20.403+0000] {dagbag.py:537} INFO - Filling up the DagBag from /opt/airflow/dags/example.py
[2023-05-23T13:50:20.417+0000] {processor.py:766} INFO - DAG(s) dict_keys(['my-first-dag']) retrieved from /opt/airflow/dags/example.py
[2023-05-23T13:50:20.450+0000] {logging_mixin.py:120} INFO - [2023-05-23T13:50:20.450+0000] {dag.py:2585} INFO - Sync 1 DAGs
[2023-05-23T13:50:20.475+0000] {logging_mixin.py:120} INFO - [2023-05-23T13:50:20.474+0000] {dag.py:3340} INFO - Setting next_dagrun for my-first-dag to 2023-05-23T00:00:00+00:00, run_after=2023-05-24T00:00:00+00:00
[2023-05-23T13:50:20.495+0000] {processor.py:176} INFO - Processing /opt/airflow/dags/example.py took 0.097 seconds
[2023-05-23T13:50:50.563+0000] {processor.py:154} INFO - Started process (PID=1434) to work on /opt/airflow/dags/example.py
[2023-05-23T13:50:50.564+0000] {processor.py:756} INFO - Processing file /opt/airflow/dags/example.py for tasks to queue
[2023-05-23T13:50:50.564+0000] {logging_mixin.py:120} INFO - [2023-05-23T13:50:50.564+0000] {dagbag.py:537} INFO - Filling up the DagBag from /opt/airflow/dags/example.py
[2023-05-23T13:50:50.576+0000] {processor.py:766} INFO - DAG(s) dict_keys(['my-first-dag']) retrieved from /opt/airflow/dags/example.py
[2023-05-23T13:50:50.608+0000] {logging_mixin.py:120} INFO - [2023-05-23T13:50:50.608+0000] {dag.py:2585} INFO - Sync 1 DAGs
[2023-05-23T13:50:50.635+0000] {logging_mixin.py:120} INFO - [2023-05-23T13:50:50.635+0000] {dag.py:3340} INFO - Setting next_dagrun for my-first-dag to 2023-05-23T00:00:00+00:00, run_after=2023-05-24T00:00:00+00:00
[2023-05-23T13:50:50.654+0000] {processor.py:176} INFO - Processing /opt/airflow/dags/example.py took 0.093 seconds
[2023-05-23T13:51:20.769+0000] {processor.py:154} INFO - Started process (PID=1462) to work on /opt/airflow/dags/example.py
[2023-05-23T13:51:20.770+0000] {processor.py:756} INFO - Processing file /opt/airflow/dags/example.py for tasks to queue
[2023-05-23T13:51:20.770+0000] {logging_mixin.py:120} INFO - [2023-05-23T13:51:20.770+0000] {dagbag.py:537} INFO - Filling up the DagBag from /opt/airflow/dags/example.py
[2023-05-23T13:51:20.783+0000] {processor.py:766} INFO - DAG(s) dict_keys(['my-first-dag']) retrieved from /opt/airflow/dags/example.py
[2023-05-23T13:51:20.815+0000] {logging_mixin.py:120} INFO - [2023-05-23T13:51:20.815+0000] {dag.py:2585} INFO - Sync 1 DAGs
[2023-05-23T13:51:20.841+0000] {logging_mixin.py:120} INFO - [2023-05-23T13:51:20.841+0000] {dag.py:3340} INFO - Setting next_dagrun for my-first-dag to 2023-05-23T00:00:00+00:00, run_after=2023-05-24T00:00:00+00:00
[2023-05-23T13:51:20.863+0000] {processor.py:176} INFO - Processing /opt/airflow/dags/example.py took 0.096 seconds
[2023-05-23T13:51:50.922+0000] {processor.py:154} INFO - Started process (PID=1490) to work on /opt/airflow/dags/example.py
[2023-05-23T13:51:50.923+0000] {processor.py:756} INFO - Processing file /opt/airflow/dags/example.py for tasks to queue
[2023-05-23T13:51:50.923+0000] {logging_mixin.py:120} INFO - [2023-05-23T13:51:50.923+0000] {dagbag.py:537} INFO - Filling up the DagBag from /opt/airflow/dags/example.py
[2023-05-23T13:51:50.937+0000] {processor.py:766} INFO - DAG(s) dict_keys(['my-first-dag']) retrieved from /opt/airflow/dags/example.py
[2023-05-23T13:51:50.974+0000] {logging_mixin.py:120} INFO - [2023-05-23T13:51:50.974+0000] {dag.py:2585} INFO - Sync 1 DAGs
[2023-05-23T13:51:51.001+0000] {logging_mixin.py:120} INFO - [2023-05-23T13:51:51.001+0000] {dag.py:3340} INFO - Setting next_dagrun for my-first-dag to 2023-05-23T00:00:00+00:00, run_after=2023-05-24T00:00:00+00:00
[2023-05-23T13:51:51.024+0000] {processor.py:176} INFO - Processing /opt/airflow/dags/example.py took 0.104 seconds
[2023-05-23T13:52:21.129+0000] {processor.py:154} INFO - Started process (PID=1510) to work on /opt/airflow/dags/example.py
[2023-05-23T13:52:21.131+0000] {processor.py:756} INFO - Processing file /opt/airflow/dags/example.py for tasks to queue
[2023-05-23T13:52:21.131+0000] {logging_mixin.py:120} INFO - [2023-05-23T13:52:21.131+0000] {dagbag.py:537} INFO - Filling up the DagBag from /opt/airflow/dags/example.py
[2023-05-23T13:52:21.145+0000] {processor.py:766} INFO - DAG(s) dict_keys(['my-first-dag']) retrieved from /opt/airflow/dags/example.py
[2023-05-23T13:52:21.180+0000] {logging_mixin.py:120} INFO - [2023-05-23T13:52:21.180+0000] {dag.py:2585} INFO - Sync 1 DAGs
[2023-05-23T13:52:21.206+0000] {logging_mixin.py:120} INFO - [2023-05-23T13:52:21.206+0000] {dag.py:3340} INFO - Setting next_dagrun for my-first-dag to 2023-05-23T00:00:00+00:00, run_after=2023-05-24T00:00:00+00:00
[2023-05-23T13:52:21.226+0000] {processor.py:176} INFO - Processing /opt/airflow/dags/example.py took 0.099 seconds
[2023-05-23T13:52:51.292+0000] {processor.py:154} INFO - Started process (PID=1538) to work on /opt/airflow/dags/example.py
[2023-05-23T13:52:51.293+0000] {processor.py:756} INFO - Processing file /opt/airflow/dags/example.py for tasks to queue
[2023-05-23T13:52:51.293+0000] {logging_mixin.py:120} INFO - [2023-05-23T13:52:51.293+0000] {dagbag.py:537} INFO - Filling up the DagBag from /opt/airflow/dags/example.py
[2023-05-23T13:52:51.307+0000] {processor.py:766} INFO - DAG(s) dict_keys(['my-first-dag']) retrieved from /opt/airflow/dags/example.py
[2023-05-23T13:52:51.356+0000] {logging_mixin.py:120} INFO - [2023-05-23T13:52:51.356+0000] {dag.py:2585} INFO - Sync 1 DAGs
[2023-05-23T13:52:51.383+0000] {logging_mixin.py:120} INFO - [2023-05-23T13:52:51.383+0000] {dag.py:3340} INFO - Setting next_dagrun for my-first-dag to 2023-05-23T00:00:00+00:00, run_after=2023-05-24T00:00:00+00:00
[2023-05-23T13:52:51.405+0000] {processor.py:176} INFO - Processing /opt/airflow/dags/example.py took 0.115 seconds
[2023-05-23T13:53:21.508+0000] {processor.py:154} INFO - Started process (PID=1566) to work on /opt/airflow/dags/example.py
[2023-05-23T13:53:21.510+0000] {processor.py:756} INFO - Processing file /opt/airflow/dags/example.py for tasks to queue
[2023-05-23T13:53:21.510+0000] {logging_mixin.py:120} INFO - [2023-05-23T13:53:21.510+0000] {dagbag.py:537} INFO - Filling up the DagBag from /opt/airflow/dags/example.py
[2023-05-23T13:53:21.523+0000] {processor.py:766} INFO - DAG(s) dict_keys(['my-first-dag']) retrieved from /opt/airflow/dags/example.py
[2023-05-23T13:53:21.556+0000] {logging_mixin.py:120} INFO - [2023-05-23T13:53:21.556+0000] {dag.py:2585} INFO - Sync 1 DAGs
[2023-05-23T13:53:21.580+0000] {logging_mixin.py:120} INFO - [2023-05-23T13:53:21.580+0000] {dag.py:3340} INFO - Setting next_dagrun for my-first-dag to 2023-05-23T00:00:00+00:00, run_after=2023-05-24T00:00:00+00:00
[2023-05-23T13:53:21.601+0000] {processor.py:176} INFO - Processing /opt/airflow/dags/example.py took 0.094 seconds
[2023-05-23T13:53:51.670+0000] {processor.py:154} INFO - Started process (PID=1592) to work on /opt/airflow/dags/example.py
[2023-05-23T13:53:51.671+0000] {processor.py:756} INFO - Processing file /opt/airflow/dags/example.py for tasks to queue
[2023-05-23T13:53:51.671+0000] {logging_mixin.py:120} INFO - [2023-05-23T13:53:51.671+0000] {dagbag.py:537} INFO - Filling up the DagBag from /opt/airflow/dags/example.py
[2023-05-23T13:53:51.684+0000] {processor.py:766} INFO - DAG(s) dict_keys(['my-first-dag']) retrieved from /opt/airflow/dags/example.py
[2023-05-23T13:53:51.716+0000] {logging_mixin.py:120} INFO - [2023-05-23T13:53:51.716+0000] {dag.py:2585} INFO - Sync 1 DAGs
[2023-05-23T13:53:51.743+0000] {logging_mixin.py:120} INFO - [2023-05-23T13:53:51.743+0000] {dag.py:3340} INFO - Setting next_dagrun for my-first-dag to 2023-05-23T00:00:00+00:00, run_after=2023-05-24T00:00:00+00:00
[2023-05-23T13:53:51.764+0000] {processor.py:176} INFO - Processing /opt/airflow/dags/example.py took 0.096 seconds
[2023-05-23T13:54:21.874+0000] {processor.py:154} INFO - Started process (PID=1613) to work on /opt/airflow/dags/example.py
[2023-05-23T13:54:21.875+0000] {processor.py:756} INFO - Processing file /opt/airflow/dags/example.py for tasks to queue
[2023-05-23T13:54:21.876+0000] {logging_mixin.py:120} INFO - [2023-05-23T13:54:21.875+0000] {dagbag.py:537} INFO - Filling up the DagBag from /opt/airflow/dags/example.py
[2023-05-23T13:54:21.887+0000] {processor.py:766} INFO - DAG(s) dict_keys(['my-first-dag']) retrieved from /opt/airflow/dags/example.py
[2023-05-23T13:54:21.920+0000] {logging_mixin.py:120} INFO - [2023-05-23T13:54:21.919+0000] {dag.py:2585} INFO - Sync 1 DAGs
[2023-05-23T13:54:21.944+0000] {logging_mixin.py:120} INFO - [2023-05-23T13:54:21.944+0000] {dag.py:3340} INFO - Setting next_dagrun for my-first-dag to 2023-05-23T00:00:00+00:00, run_after=2023-05-24T00:00:00+00:00
[2023-05-23T13:54:21.964+0000] {processor.py:176} INFO - Processing /opt/airflow/dags/example.py took 0.092 seconds
[2023-05-23T13:54:52.028+0000] {processor.py:154} INFO - Started process (PID=1641) to work on /opt/airflow/dags/example.py
[2023-05-23T13:54:52.028+0000] {processor.py:756} INFO - Processing file /opt/airflow/dags/example.py for tasks to queue
[2023-05-23T13:54:52.029+0000] {logging_mixin.py:120} INFO - [2023-05-23T13:54:52.029+0000] {dagbag.py:537} INFO - Filling up the DagBag from /opt/airflow/dags/example.py
[2023-05-23T13:54:52.041+0000] {processor.py:766} INFO - DAG(s) dict_keys(['my-first-dag']) retrieved from /opt/airflow/dags/example.py
[2023-05-23T13:54:52.076+0000] {logging_mixin.py:120} INFO - [2023-05-23T13:54:52.076+0000] {dag.py:2585} INFO - Sync 1 DAGs
[2023-05-23T13:54:52.100+0000] {logging_mixin.py:120} INFO - [2023-05-23T13:54:52.099+0000] {dag.py:3340} INFO - Setting next_dagrun for my-first-dag to 2023-05-23T00:00:00+00:00, run_after=2023-05-24T00:00:00+00:00
[2023-05-23T13:54:52.119+0000] {processor.py:176} INFO - Processing /opt/airflow/dags/example.py took 0.093 seconds
[2023-05-23T13:55:22.227+0000] {processor.py:154} INFO - Started process (PID=1669) to work on /opt/airflow/dags/example.py
[2023-05-23T13:55:22.228+0000] {processor.py:756} INFO - Processing file /opt/airflow/dags/example.py for tasks to queue
[2023-05-23T13:55:22.229+0000] {logging_mixin.py:120} INFO - [2023-05-23T13:55:22.229+0000] {dagbag.py:537} INFO - Filling up the DagBag from /opt/airflow/dags/example.py
[2023-05-23T13:55:22.241+0000] {processor.py:766} INFO - DAG(s) dict_keys(['my-first-dag']) retrieved from /opt/airflow/dags/example.py
[2023-05-23T13:55:22.275+0000] {logging_mixin.py:120} INFO - [2023-05-23T13:55:22.275+0000] {dag.py:2585} INFO - Sync 1 DAGs
[2023-05-23T13:55:22.302+0000] {logging_mixin.py:120} INFO - [2023-05-23T13:55:22.302+0000] {dag.py:3340} INFO - Setting next_dagrun for my-first-dag to 2023-05-23T00:00:00+00:00, run_after=2023-05-24T00:00:00+00:00
[2023-05-23T13:55:22.323+0000] {processor.py:176} INFO - Processing /opt/airflow/dags/example.py took 0.098 seconds
[2023-05-23T13:55:52.384+0000] {processor.py:154} INFO - Started process (PID=1688) to work on /opt/airflow/dags/example.py
[2023-05-23T13:55:52.384+0000] {processor.py:756} INFO - Processing file /opt/airflow/dags/example.py for tasks to queue
[2023-05-23T13:55:52.384+0000] {logging_mixin.py:120} INFO - [2023-05-23T13:55:52.384+0000] {dagbag.py:537} INFO - Filling up the DagBag from /opt/airflow/dags/example.py
[2023-05-23T13:55:52.397+0000] {processor.py:766} INFO - DAG(s) dict_keys(['my-first-dag']) retrieved from /opt/airflow/dags/example.py
[2023-05-23T13:55:52.431+0000] {logging_mixin.py:120} INFO - [2023-05-23T13:55:52.430+0000] {dag.py:2585} INFO - Sync 1 DAGs
[2023-05-23T13:55:52.455+0000] {logging_mixin.py:120} INFO - [2023-05-23T13:55:52.455+0000] {dag.py:3340} INFO - Setting next_dagrun for my-first-dag to 2023-05-23T00:00:00+00:00, run_after=2023-05-24T00:00:00+00:00
[2023-05-23T13:55:52.473+0000] {processor.py:176} INFO - Processing /opt/airflow/dags/example.py took 0.092 seconds
[2023-05-23T13:56:22.597+0000] {processor.py:154} INFO - Started process (PID=1717) to work on /opt/airflow/dags/example.py
[2023-05-23T13:56:22.598+0000] {processor.py:756} INFO - Processing file /opt/airflow/dags/example.py for tasks to queue
[2023-05-23T13:56:22.599+0000] {logging_mixin.py:120} INFO - [2023-05-23T13:56:22.599+0000] {dagbag.py:537} INFO - Filling up the DagBag from /opt/airflow/dags/example.py
[2023-05-23T13:56:22.612+0000] {processor.py:766} INFO - DAG(s) dict_keys(['my-first-dag']) retrieved from /opt/airflow/dags/example.py
[2023-05-23T13:56:22.646+0000] {logging_mixin.py:120} INFO - [2023-05-23T13:56:22.645+0000] {dag.py:2585} INFO - Sync 1 DAGs
[2023-05-23T13:56:22.669+0000] {logging_mixin.py:120} INFO - [2023-05-23T13:56:22.669+0000] {dag.py:3340} INFO - Setting next_dagrun for my-first-dag to 2023-05-23T00:00:00+00:00, run_after=2023-05-24T00:00:00+00:00
[2023-05-23T13:56:22.690+0000] {processor.py:176} INFO - Processing /opt/airflow/dags/example.py took 0.095 seconds
[2023-05-23T13:56:52.784+0000] {processor.py:154} INFO - Started process (PID=1745) to work on /opt/airflow/dags/example.py
[2023-05-23T13:56:52.785+0000] {processor.py:756} INFO - Processing file /opt/airflow/dags/example.py for tasks to queue
[2023-05-23T13:56:52.785+0000] {logging_mixin.py:120} INFO - [2023-05-23T13:56:52.785+0000] {dagbag.py:537} INFO - Filling up the DagBag from /opt/airflow/dags/example.py
[2023-05-23T13:56:52.799+0000] {processor.py:766} INFO - DAG(s) dict_keys(['my-first-dag']) retrieved from /opt/airflow/dags/example.py
[2023-05-23T13:56:52.834+0000] {logging_mixin.py:120} INFO - [2023-05-23T13:56:52.834+0000] {dag.py:2585} INFO - Sync 1 DAGs
[2023-05-23T13:56:52.861+0000] {logging_mixin.py:120} INFO - [2023-05-23T13:56:52.861+0000] {dag.py:3340} INFO - Setting next_dagrun for my-first-dag to 2023-05-23T00:00:00+00:00, run_after=2023-05-24T00:00:00+00:00
[2023-05-23T13:56:52.879+0000] {processor.py:176} INFO - Processing /opt/airflow/dags/example.py took 0.098 seconds
[2023-05-23T13:57:22.960+0000] {processor.py:154} INFO - Started process (PID=1764) to work on /opt/airflow/dags/example.py
[2023-05-23T13:57:22.962+0000] {processor.py:756} INFO - Processing file /opt/airflow/dags/example.py for tasks to queue
[2023-05-23T13:57:22.962+0000] {logging_mixin.py:120} INFO - [2023-05-23T13:57:22.962+0000] {dagbag.py:537} INFO - Filling up the DagBag from /opt/airflow/dags/example.py
[2023-05-23T13:57:22.975+0000] {processor.py:766} INFO - DAG(s) dict_keys(['my-first-dag']) retrieved from /opt/airflow/dags/example.py
[2023-05-23T13:57:23.007+0000] {logging_mixin.py:120} INFO - [2023-05-23T13:57:23.007+0000] {dag.py:2585} INFO - Sync 1 DAGs
[2023-05-23T13:57:23.033+0000] {logging_mixin.py:120} INFO - [2023-05-23T13:57:23.033+0000] {dag.py:3340} INFO - Setting next_dagrun for my-first-dag to 2023-05-23T00:00:00+00:00, run_after=2023-05-24T00:00:00+00:00
[2023-05-23T13:57:23.053+0000] {processor.py:176} INFO - Processing /opt/airflow/dags/example.py took 0.095 seconds
[2023-05-23T13:57:53.144+0000] {processor.py:154} INFO - Started process (PID=1792) to work on /opt/airflow/dags/example.py
[2023-05-23T13:57:53.145+0000] {processor.py:756} INFO - Processing file /opt/airflow/dags/example.py for tasks to queue
[2023-05-23T13:57:53.145+0000] {logging_mixin.py:120} INFO - [2023-05-23T13:57:53.145+0000] {dagbag.py:537} INFO - Filling up the DagBag from /opt/airflow/dags/example.py
[2023-05-23T13:57:53.157+0000] {processor.py:766} INFO - DAG(s) dict_keys(['my-first-dag']) retrieved from /opt/airflow/dags/example.py
[2023-05-23T13:57:53.191+0000] {logging_mixin.py:120} INFO - [2023-05-23T13:57:53.191+0000] {dag.py:2585} INFO - Sync 1 DAGs
[2023-05-23T13:57:53.214+0000] {logging_mixin.py:120} INFO - [2023-05-23T13:57:53.214+0000] {dag.py:3340} INFO - Setting next_dagrun for my-first-dag to 2023-05-23T00:00:00+00:00, run_after=2023-05-24T00:00:00+00:00
[2023-05-23T13:57:53.233+0000] {processor.py:176} INFO - Processing /opt/airflow/dags/example.py took 0.091 seconds
[2023-05-23T13:58:23.314+0000] {processor.py:154} INFO - Started process (PID=1820) to work on /opt/airflow/dags/example.py
[2023-05-23T13:58:23.315+0000] {processor.py:756} INFO - Processing file /opt/airflow/dags/example.py for tasks to queue
[2023-05-23T13:58:23.315+0000] {logging_mixin.py:120} INFO - [2023-05-23T13:58:23.315+0000] {dagbag.py:537} INFO - Filling up the DagBag from /opt/airflow/dags/example.py
[2023-05-23T13:58:23.329+0000] {processor.py:766} INFO - DAG(s) dict_keys(['my-first-dag']) retrieved from /opt/airflow/dags/example.py
[2023-05-23T13:58:23.369+0000] {logging_mixin.py:120} INFO - [2023-05-23T13:58:23.369+0000] {dag.py:2585} INFO - Sync 1 DAGs
[2023-05-23T13:58:23.399+0000] {logging_mixin.py:120} INFO - [2023-05-23T13:58:23.399+0000] {dag.py:3340} INFO - Setting next_dagrun for my-first-dag to 2023-05-23T00:00:00+00:00, run_after=2023-05-24T00:00:00+00:00
[2023-05-23T13:58:23.421+0000] {processor.py:176} INFO - Processing /opt/airflow/dags/example.py took 0.109 seconds
[2023-05-23T13:58:53.529+0000] {processor.py:154} INFO - Started process (PID=1839) to work on /opt/airflow/dags/example.py
[2023-05-23T13:58:53.530+0000] {processor.py:756} INFO - Processing file /opt/airflow/dags/example.py for tasks to queue
[2023-05-23T13:58:53.531+0000] {logging_mixin.py:120} INFO - [2023-05-23T13:58:53.530+0000] {dagbag.py:537} INFO - Filling up the DagBag from /opt/airflow/dags/example.py
[2023-05-23T13:58:53.551+0000] {processor.py:766} INFO - DAG(s) dict_keys(['my-first-dag']) retrieved from /opt/airflow/dags/example.py
[2023-05-23T13:58:53.599+0000] {logging_mixin.py:120} INFO - [2023-05-23T13:58:53.599+0000] {dag.py:2585} INFO - Sync 1 DAGs
[2023-05-23T13:58:53.632+0000] {logging_mixin.py:120} INFO - [2023-05-23T13:58:53.632+0000] {dag.py:3340} INFO - Setting next_dagrun for my-first-dag to 2023-05-23T00:00:00+00:00, run_after=2023-05-24T00:00:00+00:00
[2023-05-23T13:58:53.656+0000] {processor.py:176} INFO - Processing /opt/airflow/dags/example.py took 0.133 seconds
[2023-05-23T14:03:39.059+0000] {processor.py:154} INFO - Started process (PID=54) to work on /opt/airflow/dags/example.py
[2023-05-23T14:03:39.061+0000] {processor.py:756} INFO - Processing file /opt/airflow/dags/example.py for tasks to queue
[2023-05-23T14:03:39.062+0000] {logging_mixin.py:120} INFO - [2023-05-23T14:03:39.062+0000] {dagbag.py:537} INFO - Filling up the DagBag from /opt/airflow/dags/example.py
[2023-05-23T14:03:39.144+0000] {processor.py:766} INFO - DAG(s) dict_keys(['my-first-dag']) retrieved from /opt/airflow/dags/example.py
[2023-05-23T14:03:39.256+0000] {logging_mixin.py:120} INFO - [2023-05-23T14:03:39.256+0000] {dag.py:2585} INFO - Sync 1 DAGs
[2023-05-23T14:03:39.308+0000] {logging_mixin.py:120} INFO - [2023-05-23T14:03:39.308+0000] {dag.py:3340} INFO - Setting next_dagrun for my-first-dag to 2023-05-23T00:00:00+00:00, run_after=2023-05-24T00:00:00+00:00
[2023-05-23T14:03:39.339+0000] {processor.py:176} INFO - Processing /opt/airflow/dags/example.py took 0.283 seconds
