[2023-06-05T21:57:40.697+0000] {taskinstance.py:1165} INFO - Dependencies all met for <TaskInstance: process_weather_people_postgres.group_users.load_1_user_into_table scheduled__2023-06-04T00:00:00+00:00 [queued]>
[2023-06-05T21:57:40.709+0000] {taskinstance.py:1165} INFO - Dependencies all met for <TaskInstance: process_weather_people_postgres.group_users.load_1_user_into_table scheduled__2023-06-04T00:00:00+00:00 [queued]>
[2023-06-05T21:57:40.709+0000] {taskinstance.py:1362} INFO - 
--------------------------------------------------------------------------------
[2023-06-05T21:57:40.710+0000] {taskinstance.py:1363} INFO - Starting attempt 3 of 6
[2023-06-05T21:57:40.710+0000] {taskinstance.py:1364} INFO - 
--------------------------------------------------------------------------------
[2023-06-05T21:57:40.726+0000] {taskinstance.py:1383} INFO - Executing <Task(PythonOperator): group_users.load_1_user_into_table> on 2023-06-04 00:00:00+00:00
[2023-06-05T21:57:40.736+0000] {standard_task_runner.py:55} INFO - Started process 7466 to run task
[2023-06-05T21:57:40.739+0000] {standard_task_runner.py:82} INFO - Running: ['***', 'tasks', 'run', 'process_weather_people_postgres', 'group_users.load_1_user_into_table', 'scheduled__2023-06-04T00:00:00+00:00', '--job-id', '94', '--raw', '--subdir', 'DAGS_FOLDER/process_weather_people_postgres/process_weather_people_postgres.py', '--cfg-path', '/tmp/tmpdi2lf_py']
[2023-06-05T21:57:40.740+0000] {standard_task_runner.py:83} INFO - Job 94: Subtask group_users.load_1_user_into_table
[2023-06-05T21:57:40.802+0000] {task_command.py:376} INFO - Running <TaskInstance: process_weather_people_postgres.group_users.load_1_user_into_table scheduled__2023-06-04T00:00:00+00:00 [running]> on host 1160da0dacdb
[2023-06-05T21:57:40.868+0000] {taskinstance.py:1592} INFO - Exporting the following env vars:
AIRFLOW_CTX_DAG_OWNER=data_eng
AIRFLOW_CTX_DAG_ID=process_weather_people_postgres
AIRFLOW_CTX_TASK_ID=group_users.load_1_user_into_table
AIRFLOW_CTX_EXECUTION_DATE=2023-06-04T00:00:00+00:00
AIRFLOW_CTX_TRY_NUMBER=3
AIRFLOW_CTX_DAG_RUN_ID=scheduled__2023-06-04T00:00:00+00:00
[2023-06-05T21:57:40.869+0000] {postgres.py:129} INFO - Running copy expert: COPY bronze.user FROM STDIN, filename: /tmp/user_inputt_1.csv
[2023-06-05T21:57:40.879+0000] {base.py:71} INFO - Using connection ID 'postgres_default' for task execution.
[2023-06-05T21:57:40.900+0000] {taskinstance.py:1851} ERROR - Task failed with exception
Traceback (most recent call last):
  File "/home/airflow/.local/lib/python3.7/site-packages/airflow/operators/python.py", line 175, in execute
    return_value = self.execute_callable()
  File "/home/airflow/.local/lib/python3.7/site-packages/airflow/operators/python.py", line 193, in execute_callable
    return self.python_callable(*self.op_args, **self.op_kwargs)
  File "/opt/airflow/dags/process_weather_people_postgres/functions/load_user_into_table.py", line 12, in load_user_into_table
    pg_hook.bulk_load(context["templates_dict"]["table_name"], file_path)
  File "/home/airflow/.local/lib/python3.7/site-packages/airflow/providers/postgres/hooks/postgres.py", line 151, in bulk_load
    self.copy_expert(f"COPY {table} FROM STDIN", tmp_file)
  File "/home/airflow/.local/lib/python3.7/site-packages/airflow/providers/postgres/hooks/postgres.py", line 137, in copy_expert
    cur.copy_expert(sql, file)
psycopg2.errors.InvalidTextRepresentation: invalid input syntax for type integer: ""
CONTEXT:  COPY user, line 1, column user_id: ""

[2023-06-05T21:57:40.908+0000] {taskinstance.py:1406} INFO - Marking task as UP_FOR_RETRY. dag_id=process_weather_people_postgres, task_id=group_users.load_1_user_into_table, execution_date=20230604T000000, start_date=20230605T215740, end_date=20230605T215740
[2023-06-05T21:57:40.920+0000] {standard_task_runner.py:105} ERROR - Failed to execute job 94 for task group_users.load_1_user_into_table (invalid input syntax for type integer: ""
CONTEXT:  COPY user, line 1, column user_id: ""
; 7466)
[2023-06-05T21:57:40.951+0000] {local_task_job.py:164} INFO - Task exited with return code 1
[2023-06-05T21:57:40.979+0000] {local_task_job.py:273} INFO - 0 downstream tasks scheduled from follow-on schedule check
