[2023-05-24T15:05:16.192+0000] {taskinstance.py:1165} INFO - Dependencies all met for <TaskInstance: my-first-dag.transform scheduled__2023-05-23T00:00:00+00:00 [queued]>
[2023-05-24T15:05:16.218+0000] {taskinstance.py:1165} INFO - Dependencies all met for <TaskInstance: my-first-dag.transform scheduled__2023-05-23T00:00:00+00:00 [queued]>
[2023-05-24T15:05:16.218+0000] {taskinstance.py:1362} INFO - 
--------------------------------------------------------------------------------
[2023-05-24T15:05:16.218+0000] {taskinstance.py:1363} INFO - Starting attempt 1 of 1
[2023-05-24T15:05:16.218+0000] {taskinstance.py:1364} INFO - 
--------------------------------------------------------------------------------
[2023-05-24T15:05:16.244+0000] {taskinstance.py:1383} INFO - Executing <Task(BashOperator): transform> on 2023-05-23 00:00:00+00:00
[2023-05-24T15:05:16.251+0000] {standard_task_runner.py:55} INFO - Started process 73 to run task
[2023-05-24T15:05:16.256+0000] {standard_task_runner.py:82} INFO - Running: ['***', 'tasks', 'run', 'my-first-dag', 'transform', 'scheduled__2023-05-23T00:00:00+00:00', '--job-id', '35', '--raw', '--subdir', 'DAGS_FOLDER/example.py', '--cfg-path', '/tmp/tmpplb3l0k_']
[2023-05-24T15:05:16.257+0000] {standard_task_runner.py:83} INFO - Job 35: Subtask transform
[2023-05-24T15:05:16.384+0000] {task_command.py:376} INFO - Running <TaskInstance: my-first-dag.transform scheduled__2023-05-23T00:00:00+00:00 [running]> on host beebd426f3c1
[2023-05-24T15:05:16.567+0000] {taskinstance.py:1592} INFO - Exporting the following env vars:
AIRFLOW_CTX_DAG_OWNER=***
AIRFLOW_CTX_DAG_ID=my-first-dag
AIRFLOW_CTX_TASK_ID=transform
AIRFLOW_CTX_EXECUTION_DATE=2023-05-23T00:00:00+00:00
AIRFLOW_CTX_TRY_NUMBER=1
AIRFLOW_CTX_DAG_RUN_ID=scheduled__2023-05-23T00:00:00+00:00
[2023-05-24T15:05:16.574+0000] {subprocess.py:63} INFO - Tmp dir root location: 
 /tmp
[2023-05-24T15:05:16.578+0000] {subprocess.py:75} INFO - Running command: ['/bin/bash', '-c', 'sleep 5']
[2023-05-24T15:05:16.616+0000] {subprocess.py:86} INFO - Output:
[2023-05-24T15:05:21.625+0000] {subprocess.py:97} INFO - Command exited with return code 0
[2023-05-24T15:05:21.734+0000] {taskinstance.py:1406} INFO - Marking task as SUCCESS. dag_id=my-first-dag, task_id=transform, execution_date=20230523T000000, start_date=20230524T150516, end_date=20230524T150521
[2023-05-24T15:05:21.836+0000] {local_task_job.py:164} INFO - Task exited with return code 0
[2023-05-24T15:05:21.888+0000] {local_task_job.py:273} INFO - 1 downstream tasks scheduled from follow-on schedule check
