[2023-06-06T00:24:44.589+0000] {taskinstance.py:1165} INFO - Dependencies all met for <TaskInstance: process_weather_people_postgres.group_users.get_1_user scheduled__2023-06-04T00:00:00+00:00 [queued]>
[2023-06-06T00:24:44.604+0000] {taskinstance.py:1165} INFO - Dependencies all met for <TaskInstance: process_weather_people_postgres.group_users.get_1_user scheduled__2023-06-04T00:00:00+00:00 [queued]>
[2023-06-06T00:24:44.605+0000] {taskinstance.py:1362} INFO - 
--------------------------------------------------------------------------------
[2023-06-06T00:24:44.605+0000] {taskinstance.py:1363} INFO - Starting attempt 16 of 19
[2023-06-06T00:24:44.605+0000] {taskinstance.py:1364} INFO - 
--------------------------------------------------------------------------------
[2023-06-06T00:24:44.621+0000] {taskinstance.py:1383} INFO - Executing <Task(PythonOperator): group_users.get_1_user> on 2023-06-04 00:00:00+00:00
[2023-06-06T00:24:44.630+0000] {standard_task_runner.py:55} INFO - Started process 14627 to run task
[2023-06-06T00:24:44.633+0000] {standard_task_runner.py:82} INFO - Running: ['***', 'tasks', 'run', 'process_weather_people_postgres', 'group_users.get_1_user', 'scheduled__2023-06-04T00:00:00+00:00', '--job-id', '153', '--raw', '--subdir', 'DAGS_FOLDER/process_weather_people_postgres/process_weather_people_postgres.py', '--cfg-path', '/tmp/tmpkmb5gnbw']
[2023-06-06T00:24:44.635+0000] {standard_task_runner.py:83} INFO - Job 153: Subtask group_users.get_1_user
[2023-06-06T00:24:44.694+0000] {task_command.py:376} INFO - Running <TaskInstance: process_weather_people_postgres.group_users.get_1_user scheduled__2023-06-04T00:00:00+00:00 [running]> on host 1160da0dacdb
[2023-06-06T00:24:44.761+0000] {taskinstance.py:1592} INFO - Exporting the following env vars:
AIRFLOW_CTX_DAG_OWNER=data_eng
AIRFLOW_CTX_DAG_ID=process_weather_people_postgres
AIRFLOW_CTX_TASK_ID=group_users.get_1_user
AIRFLOW_CTX_EXECUTION_DATE=2023-06-04T00:00:00+00:00
AIRFLOW_CTX_TRY_NUMBER=16
AIRFLOW_CTX_DAG_RUN_ID=scheduled__2023-06-04T00:00:00+00:00
[2023-06-06T00:24:45.096+0000] {get_user.py:25} INFO - The file user_inputt_1.csv was generated successfully.
[2023-06-06T00:24:45.097+0000] {python.py:177} INFO - Done. Returned value was: None
[2023-06-06T00:24:45.107+0000] {taskinstance.py:1406} INFO - Marking task as SUCCESS. dag_id=process_weather_people_postgres, task_id=group_users.get_1_user, execution_date=20230604T000000, start_date=20230606T002444, end_date=20230606T002445
[2023-06-06T00:24:45.166+0000] {local_task_job.py:164} INFO - Task exited with return code 0
[2023-06-06T00:24:45.199+0000] {local_task_job.py:273} INFO - 1 downstream tasks scheduled from follow-on schedule check
