[2023-06-05T21:57:39.127+0000] {taskinstance.py:1165} INFO - Dependencies all met for <TaskInstance: process_weather_people_postgres.group_users.get_1_user scheduled__2023-06-04T00:00:00+00:00 [queued]>
[2023-06-05T21:57:39.141+0000] {taskinstance.py:1165} INFO - Dependencies all met for <TaskInstance: process_weather_people_postgres.group_users.get_1_user scheduled__2023-06-04T00:00:00+00:00 [queued]>
[2023-06-05T21:57:39.141+0000] {taskinstance.py:1362} INFO - 
--------------------------------------------------------------------------------
[2023-06-05T21:57:39.142+0000] {taskinstance.py:1363} INFO - Starting attempt 5 of 8
[2023-06-05T21:57:39.142+0000] {taskinstance.py:1364} INFO - 
--------------------------------------------------------------------------------
[2023-06-05T21:57:39.158+0000] {taskinstance.py:1383} INFO - Executing <Task(PythonOperator): group_users.get_1_user> on 2023-06-04 00:00:00+00:00
[2023-06-05T21:57:39.167+0000] {standard_task_runner.py:55} INFO - Started process 7463 to run task
[2023-06-05T21:57:39.170+0000] {standard_task_runner.py:82} INFO - Running: ['***', 'tasks', 'run', 'process_weather_people_postgres', 'group_users.get_1_user', 'scheduled__2023-06-04T00:00:00+00:00', '--job-id', '93', '--raw', '--subdir', 'DAGS_FOLDER/process_weather_people_postgres/process_weather_people_postgres.py', '--cfg-path', '/tmp/tmpml_ysmij']
[2023-06-05T21:57:39.171+0000] {standard_task_runner.py:83} INFO - Job 93: Subtask group_users.get_1_user
[2023-06-05T21:57:39.231+0000] {task_command.py:376} INFO - Running <TaskInstance: process_weather_people_postgres.group_users.get_1_user scheduled__2023-06-04T00:00:00+00:00 [running]> on host 1160da0dacdb
[2023-06-05T21:57:39.302+0000] {taskinstance.py:1592} INFO - Exporting the following env vars:
AIRFLOW_CTX_DAG_OWNER=data_eng
AIRFLOW_CTX_DAG_ID=process_weather_people_postgres
AIRFLOW_CTX_TASK_ID=group_users.get_1_user
AIRFLOW_CTX_EXECUTION_DATE=2023-06-04T00:00:00+00:00
AIRFLOW_CTX_TRY_NUMBER=5
AIRFLOW_CTX_DAG_RUN_ID=scheduled__2023-06-04T00:00:00+00:00
[2023-06-05T21:57:39.987+0000] {logging_mixin.py:120} INFO -    user_id first_name last_name  ...    city      lat        lon
0        1     Connor     Brown  ...  Timaru  48.7372  -169.8519

[1 rows x 9 columns]
[2023-06-05T21:57:39.989+0000] {get_user.py:38} INFO - The file user_inputt_1.csv was generated successfully.
[2023-06-05T21:57:39.989+0000] {python.py:177} INFO - Done. Returned value was: None
[2023-06-05T21:57:39.999+0000] {taskinstance.py:1406} INFO - Marking task as SUCCESS. dag_id=process_weather_people_postgres, task_id=group_users.get_1_user, execution_date=20230604T000000, start_date=20230605T215739, end_date=20230605T215739
[2023-06-05T21:57:40.025+0000] {local_task_job.py:164} INFO - Task exited with return code 0
[2023-06-05T21:57:40.055+0000] {local_task_job.py:273} INFO - 1 downstream tasks scheduled from follow-on schedule check
