[2023-06-06T00:21:52.281+0000] {taskinstance.py:1165} INFO - Dependencies all met for <TaskInstance: process_weather_people_postgres.group_users.get_1_user scheduled__2023-06-04T00:00:00+00:00 [queued]>
[2023-06-06T00:21:52.296+0000] {taskinstance.py:1165} INFO - Dependencies all met for <TaskInstance: process_weather_people_postgres.group_users.get_1_user scheduled__2023-06-04T00:00:00+00:00 [queued]>
[2023-06-06T00:21:52.296+0000] {taskinstance.py:1362} INFO - 
--------------------------------------------------------------------------------
[2023-06-06T00:21:52.296+0000] {taskinstance.py:1363} INFO - Starting attempt 11 of 14
[2023-06-06T00:21:52.296+0000] {taskinstance.py:1364} INFO - 
--------------------------------------------------------------------------------
[2023-06-06T00:21:52.312+0000] {taskinstance.py:1383} INFO - Executing <Task(PythonOperator): group_users.get_1_user> on 2023-06-04 00:00:00+00:00
[2023-06-06T00:21:52.320+0000] {standard_task_runner.py:55} INFO - Started process 14414 to run task
[2023-06-06T00:21:52.323+0000] {standard_task_runner.py:82} INFO - Running: ['***', 'tasks', 'run', 'process_weather_people_postgres', 'group_users.get_1_user', 'scheduled__2023-06-04T00:00:00+00:00', '--job-id', '128', '--raw', '--subdir', 'DAGS_FOLDER/process_weather_people_postgres/process_weather_people_postgres.py', '--cfg-path', '/tmp/tmpagllsr18']
[2023-06-06T00:21:52.325+0000] {standard_task_runner.py:83} INFO - Job 128: Subtask group_users.get_1_user
[2023-06-06T00:21:52.381+0000] {task_command.py:376} INFO - Running <TaskInstance: process_weather_people_postgres.group_users.get_1_user scheduled__2023-06-04T00:00:00+00:00 [running]> on host 1160da0dacdb
[2023-06-06T00:21:52.445+0000] {taskinstance.py:1592} INFO - Exporting the following env vars:
AIRFLOW_CTX_DAG_OWNER=data_eng
AIRFLOW_CTX_DAG_ID=process_weather_people_postgres
AIRFLOW_CTX_TASK_ID=group_users.get_1_user
AIRFLOW_CTX_EXECUTION_DATE=2023-06-04T00:00:00+00:00
AIRFLOW_CTX_TRY_NUMBER=11
AIRFLOW_CTX_DAG_RUN_ID=scheduled__2023-06-04T00:00:00+00:00
[2023-06-06T00:21:52.776+0000] {get_user.py:25} INFO - The file user_inputt_1.csv was generated successfully.
[2023-06-06T00:21:52.776+0000] {python.py:177} INFO - Done. Returned value was: None
[2023-06-06T00:21:52.788+0000] {taskinstance.py:1406} INFO - Marking task as SUCCESS. dag_id=process_weather_people_postgres, task_id=group_users.get_1_user, execution_date=20230604T000000, start_date=20230606T002152, end_date=20230606T002152
[2023-06-06T00:21:52.816+0000] {local_task_job.py:164} INFO - Task exited with return code 0
[2023-06-06T00:21:52.850+0000] {local_task_job.py:273} INFO - 1 downstream tasks scheduled from follow-on schedule check
